#
# There is insufficient memory for the Java Runtime Environment to continue.
# Native memory allocation (malloc) failed to allocate 60817408 bytes for committing reserved memory.
# Possible reasons:
#   The system is out of physical RAM or swap space
#   In 32 bit mode, the process size limit was hit
# Possible solutions:
#   Reduce memory load on the system
#   Increase physical memory or swap space
#   Check if swap backing store is full
#   Use 64 bit Java on a 64 bit OS
#   Decrease Java heap size (-Xmx/-Xms)
#   Decrease number of Java threads
#   Decrease Java thread stack sizes (-Xss)
#   Set larger code cache with -XX:ReservedCodeCacheSize=
# This output file may be truncated or incomplete.
#
#  Out of Memory Error (os_linux.cpp:2798), pid=17112, tid=140464490858240
#
# JRE version: OpenJDK Runtime Environment (7.0_75-b13) (build 1.7.0_75-b13)
# Java VM: OpenJDK 64-Bit Server VM (24.75-b04 mixed mode linux-amd64 compressed oops)
# Derivative: IcedTea 2.5.4
# Distribution: Ubuntu 14.04 LTS, package 7u75-2.5.4-1~trusty1
# Failed to write core dump. Core dumps have been disabled. To enable core dumping, try "ulimit -c unlimited" before starting Java again
#

---------------  T H R E A D  ---------------

Current thread (0x00007fc074076000):  VMThread [stack: 0x00007fc07004c000,0x00007fc07014d000] [id=17122]

Stack: [0x00007fc07004c000,0x00007fc07014d000],  sp=0x00007fc07014b490,  free space=1021k
Native frames: (J=compiled Java code, j=interpreted, Vv=VM code, C=native code)
V  [libjvm.so+0x94a9d5]  VMError::report_and_die()+0x175
V  [libjvm.so+0x48b954]  report_vm_out_of_memory(char const*, int, unsigned long, char const*)+0x74
V  [libjvm.so+0x7c7b7b]  os::pd_commit_memory(char*, unsigned long, unsigned long, bool)+0xeb
V  [libjvm.so+0x7c263f]  os::commit_memory(char*, unsigned long, unsigned long, bool)+0x1f
V  [libjvm.so+0x834b1b]  PSVirtualSpace::expand_by(unsigned long)+0x5b
V  [libjvm.so+0x835970]  PSYoungGen::resize_generation(unsigned long, unsigned long)+0xb0
V  [libjvm.so+0x83605b]  PSYoungGen::resize(unsigned long, unsigned long)+0x1b
V  [libjvm.so+0x832340]  PSScavenge::invoke_no_policy()+0xde0
V  [libjvm.so+0x832b18]  PSScavenge::invoke()+0x38
V  [libjvm.so+0x7e9203]  ParallelScavengeHeap::failed_mem_allocate(unsigned long)+0x63
V  [libjvm.so+0x94c3d4]  VM_ParallelGCFailedAllocation::doit()+0x84
V  [libjvm.so+0x9508d7]  VM_Operation::evaluate()+0x47
V  [libjvm.so+0x94f248]  VMThread::evaluate_operation(VM_Operation*)+0x318
V  [libjvm.so+0x94f6a9]  VMThread::loop()+0x219
V  [libjvm.so+0x94faf2]  VMThread::run()+0x72
V  [libjvm.so+0x7c4a42]  java_start(Thread*)+0xf2

VM_Operation (0x00007fc07c31a220): ParallelGCFailedAllocation, mode: safepoint, requested by thread 0x00007fc07400b000


---------------  P R O C E S S  ---------------

Java Threads: ( => current thread )
  0x00007fc0740af000 JavaThread "Service Thread" daemon [_thread_blocked, id=17128, stack(0x00007fc060de8000,0x00007fc060ee9000)]
  0x00007fc0740ac800 JavaThread "C2 CompilerThread1" daemon [_thread_blocked, id=17127, stack(0x00007fc060ee9000,0x00007fc060fea000)]
  0x00007fc0740a9800 JavaThread "C2 CompilerThread0" daemon [_thread_blocked, id=17126, stack(0x00007fc060fea000,0x00007fc0610eb000)]
  0x00007fc0740a7800 JavaThread "Signal Dispatcher" daemon [_thread_blocked, id=17125, stack(0x00007fc0610eb000,0x00007fc0611ec000)]
  0x00007fc07407c800 JavaThread "Finalizer" daemon [_thread_blocked, id=17124, stack(0x00007fc0618ce000,0x00007fc0619cf000)]
  0x00007fc07407a800 JavaThread "Reference Handler" daemon [_thread_blocked, id=17123, stack(0x00007fc0619cf000,0x00007fc061ad0000)]
  0x00007fc07400b000 JavaThread "main" [_thread_blocked, id=17117, stack(0x00007fc07c21b000,0x00007fc07c31c000)]

Other Threads:
=>0x00007fc074076000 VMThread [stack: 0x00007fc07004c000,0x00007fc07014d000] [id=17122]
  0x00007fc0740ba000 WatcherThread [stack: 0x00007fc060ce7000,0x00007fc060de8000] [id=17129]

VM state:at safepoint (normal execution)

VM Mutex/Monitor currently owned by a thread:  ([mutex/lock_event])
[0x00007fc074007290] Threads_lock - owner thread: 0x00007fc074076000
[0x00007fc074007790] Heap_lock - owner thread: 0x00007fc07400b000

Heap
 PSYoungGen      total 34304K, used 2545K [0x00000000eaa80000, 0x00000000ece80000, 0x0000000100000000)
  eden space 31744K, 0% used [0x00000000eaa80000,0x00000000eaa80000,0x00000000ec980000)
  from space 2560K, 99% used [0x00000000ec980000,0x00000000ecbfc7a8,0x00000000ecc00000)
  to   space 2560K, 0% used [0x00000000ecc00000,0x00000000ecc00000,0x00000000ece80000)
 ParOldGen       total 41472K, used 30127K [0x00000000c0000000, 0x00000000c2880000, 0x00000000eaa80000)
  object space 41472K, 72% used [0x00000000c0000000,0x00000000c1d6bfd8,0x00000000c2880000)
 PSPermGen       total 21504K, used 7458K [0x00000000b5a00000, 0x00000000b6f00000, 0x00000000c0000000)
  object space 21504K, 34% used [0x00000000b5a00000,0x00000000b6148988,0x00000000b6f00000)

Card table byte_map: [0x00007fc078c09000,0x00007fc078e5d000] byte_map_base: 0x00007fc07865c000

Polling page: 0x00007fc07c33a000

Code Cache  [0x00007fc071000000, 0x00007fc071270000, 0x00007fc074000000)
 total_blobs=820 nmethods=569 adapters=204 free_code_cache=47516Kb largest_free_block=48618752

Compilation events (10 events):
Event: 3.827 Thread 0x00007fc0740ac800  576             com.android.dex.ClassDef::getTypeIndex (5 bytes)
Event: 3.827 Thread 0x00007fc0740ac800 nmethod 576 0x00007fc071199290 code [0x00007fc0711993c0, 0x00007fc071199418]
Event: 3.827 Thread 0x00007fc0740ac800  577             com.android.dx.merge.SortableType$1::compare (13 bytes)
Event: 3.829 Thread 0x00007fc0740ac800 nmethod 577 0x00007fc071198ed0 code [0x00007fc071199020, 0x00007fc071199138]
Event: 3.829 Thread 0x00007fc0740ac800  578             com.android.dx.merge.SortableType$1::compare (50 bytes)
Event: 3.831 Thread 0x00007fc0740ac800 nmethod 578 0x00007fc07119c010 code [0x00007fc07119c160, 0x00007fc07119c218]
Event: 3.831 Thread 0x00007fc0740ac800  579             com.android.dx.merge.SortableType::getTypeIndex (8 bytes)
Event: 3.831 Thread 0x00007fc0740a9800 nmethod 573 0x00007fc0711a1710 code [0x00007fc0711a18a0, 0x00007fc0711a1f28]
Event: 3.831 Thread 0x00007fc0740a9800  580             com.android.dx.merge.InstructionTransformer$FieldVisitor::visit (63 bytes)
Event: 3.831 Thread 0x00007fc0740ac800 nmethod 579 0x00007fc07119bdd0 code [0x00007fc07119bf00, 0x00007fc07119bf78]

GC Heap History (9 events):
Event: 1.169 GC heap before
{Heap before GC invocations=1 (full 0):
 PSYoungGen      total 18432K, used 15872K [0x00000000eaa80000, 0x00000000ebf00000, 0x0000000100000000)
  eden space 15872K, 100% used [0x00000000eaa80000,0x00000000eba00000,0x00000000eba00000)
  from space 2560K, 0% used [0x00000000ebc80000,0x00000000ebc80000,0x00000000ebf00000)
  to   space 2560K, 0% used [0x00000000eba00000,0x00000000eba00000,0x00000000ebc80000)
 ParOldGen       total 41472K, used 0K [0x00000000c0000000, 0x00000000c2880000, 0x00000000eaa80000)
  object space 41472K, 0% used [0x00000000c0000000,0x00000000c0000000,0x00000000c2880000)
 PSPermGen       total 21504K, used 5116K [0x00000000b5a00000, 0x00000000b6f00000, 0x00000000c0000000)
  object space 21504K, 23% used [0x00000000b5a00000,0x00000000b5eff3b8,0x00000000b6f00000)
Event: 1.175 GC heap after
Heap after GC invocations=1 (full 0):
 PSYoungGen      total 18432K, used 2528K [0x00000000eaa80000, 0x00000000ebf00000, 0x0000000100000000)
  eden space 15872K, 0% used [0x00000000eaa80000,0x00000000eaa80000,0x00000000eba00000)
  from space 2560K, 98% used [0x00000000eba00000,0x00000000ebc78038,0x00000000ebc80000)
  to   space 2560K, 0% used [0x00000000ebc80000,0x00000000ebc80000,0x00000000ebf00000)
 ParOldGen       total 41472K, used 1846K [0x00000000c0000000, 0x00000000c2880000, 0x00000000eaa80000)
  object space 41472K, 4% used [0x00000000c0000000,0x00000000c01cda58,0x00000000c2880000)
 PSPermGen       total 21504K, used 5116K [0x00000000b5a00000, 0x00000000b6f00000, 0x00000000c0000000)
  object space 21504K, 23% used [0x00000000b5a00000,0x00000000b5eff3b8,0x00000000b6f00000)
}
Event: 1.852 GC heap before
{Heap before GC invocations=2 (full 0):
 PSYoungGen      total 18432K, used 18400K [0x00000000eaa80000, 0x00000000ebf00000, 0x0000000100000000)
  eden space 15872K, 100% used [0x00000000eaa80000,0x00000000eba00000,0x00000000eba00000)
  from space 2560K, 98% used [0x00000000eba00000,0x00000000ebc78038,0x00000000ebc80000)
  to   space 2560K, 0% used [0x00000000ebc80000,0x00000000ebc80000,0x00000000ebf00000)
 ParOldGen       total 41472K, used 1846K [0x00000000c0000000, 0x00000000c2880000, 0x00000000eaa80000)
  object space 41472K, 4% used [0x00000000c0000000,0x00000000c01cda58,0x00000000c2880000)
 PSPermGen       total 21504K, used 5304K [0x00000000b5a00000, 0x00000000b6f00000, 0x00000000c0000000)
  object space 21504K, 24% used [0x00000000b5a00000,0x00000000b5f2e248,0x00000000b6f00000)
Event: 1.860 GC heap after
Heap after GC invocations=2 (full 0):
 PSYoungGen      total 18432K, used 2528K [0x00000000eaa80000, 0x00000000ebf00000, 0x0000000100000000)
  eden space 15872K, 0% used [0x00000000eaa80000,0x00000000eaa80000,0x00000000eba00000)
  from space 2560K, 98% used [0x00000000ebc80000,0x00000000ebef8028,0x00000000ebf00000)
  to   space 2560K, 0% used [0x00000000eba00000,0x00000000eba00000,0x00000000ebc80000)
 ParOldGen       total 41472K, used 4570K [0x00000000c0000000, 0x00000000c2880000, 0x00000000eaa80000)
  object space 41472K, 11% used [0x00000000c0000000,0x00000000c0476b40,0x00000000c2880000)
 PSPermGen       total 21504K, used 5304K [0x00000000b5a00000, 0x00000000b6f00000, 0x00000000c0000000)
  object space 21504K, 24% used [0x00000000b5a00000,0x00000000b5f2e248,0x00000000b6f00000)
}
Event: 2.341 GC heap before
{Heap before GC invocations=3 (full 0):
 PSYoungGen      total 18432K, used 18359K [0x00000000eaa80000, 0x00000000ebf00000, 0x0000000100000000)
  eden space 15872K, 99% used [0x00000000eaa80000,0x00000000eb9f5fc0,0x00000000eba00000)
  from space 2560K, 98% used [0x00000000ebc80000,0x00000000ebef8028,0x00000000ebf00000)
  to   space 2560K, 0% used [0x00000000eba00000,0x00000000eba00000,0x00000000ebc80000)
 ParOldGen       total 41472K, used 4570K [0x00000000c0000000, 0x00000000c2880000, 0x00000000eaa80000)
  object space 41472K, 11% used [0x00000000c0000000,0x00000000c0476b40,0x00000000c2880000)
 PSPermGen       total 21504K, used 5765K [0x00000000b5a00000, 0x00000000b6f00000, 0x00000000c0000000)
  object space 21504K, 26% used [0x00000000b5a00000,0x00000000b5fa1450,0x00000000b6f00000)
Event: 2.355 GC heap after
Heap after GC invocations=3 (full 0):
 PSYoungGen      total 18432K, used 2528K [0x00000000eaa80000, 0x00000000ece80000, 0x0000000100000000)
  eden space 15872K, 0% used [0x00000000eaa80000,0x00000000eaa80000,0x00000000eba00000)
  from space 2560K, 98% used [0x00000000eba00000,0x00000000ebc78010,0x00000000ebc80000)
  to   space 2560K, 0% used [0x00000000ecc00000,0x00000000ecc00000,0x00000000ece80000)
 ParOldGen       total 41472K, used 8735K [0x00000000c0000000, 0x00000000c2880000, 0x00000000eaa80000)
  object space 41472K, 21% used [0x00000000c0000000,0x00000000c0887fd0,0x00000000c2880000)
 PSPermGen       total 21504K, used 5765K [0x00000000b5a00000, 0x00000000b6f00000, 0x00000000c0000000)
  object space 21504K, 26% used [0x00000000b5a00000,0x00000000b5fa1450,0x00000000b6f00000)
}
Event: 3.139 GC heap before
{Heap before GC invocations=4 (full 0):
 PSYoungGen      total 18432K, used 18400K [0x00000000eaa80000, 0x00000000ece80000, 0x0000000100000000)
  eden space 15872K, 100% used [0x00000000eaa80000,0x00000000eba00000,0x00000000eba00000)
  from space 2560K, 98% used [0x00000000eba00000,0x00000000ebc78010,0x00000000ebc80000)
  to   space 2560K, 0% used [0x00000000ecc00000,0x00000000ecc00000,0x00000000ece80000)
 ParOldGen       total 41472K, used 8735K [0x00000000c0000000, 0x00000000c2880000, 0x00000000eaa80000)
  object space 41472K, 21% used [0x00000000c0000000,0x00000000c0887fd0,0x00000000c2880000)
 PSPermGen       total 21504K, used 6642K [0x00000000b5a00000, 0x00000000b6f00000, 0x00000000c0000000)
  object space 21504K, 30% used [0x00000000b5a00000,0x00000000b607cb60,0x00000000b6f00000)
Event: 3.149 GC heap after
Heap after GC invocations=4 (full 0):
 PSYoungGen      total 34304K, used 2555K [0x00000000eaa80000, 0x00000000ece80000, 0x0000000100000000)
  eden space 31744K, 0% used [0x00000000eaa80000,0x00000000eaa80000,0x00000000ec980000)
  from space 2560K, 99% used [0x00000000ecc00000,0x00000000ece7ed10,0x00000000ece80000)
  to   space 2560K, 0% used [0x00000000ec980000,0x00000000ec980000,0x00000000ecc00000)
 ParOldGen       total 41472K, used 17544K [0x00000000c0000000, 0x00000000c2880000, 0x00000000eaa80000)
  object space 41472K, 42% used [0x00000000c0000000,0x00000000c1122140,0x00000000c2880000)
 PSPermGen       total 21504K, used 6642K [0x00000000b5a00000, 0x00000000b6f00000, 0x00000000c0000000)
  object space 21504K, 30% used [0x00000000b5a00000,0x00000000b607cb60,0x00000000b6f00000)
}
Event: 3.837 GC heap before
{Heap before GC invocations=5 (full 0):
 PSYoungGen      total 34304K, used 34299K [0x00000000eaa80000, 0x00000000ece80000, 0x0000000100000000)
  eden space 31744K, 100% used [0x00000000eaa80000,0x00000000ec980000,0x00000000ec980000)
  from space 2560K, 99% used [0x00000000ecc00000,0x00000000ece7ed10,0x00000000ece80000)
  to   space 2560K, 0% used [0x00000000ec980000,0x00000000ec980000,0x00000000ecc00000)
 ParOldGen       total 41472K, used 17544K [0x00000000c0000000, 0x00000000c2880000, 0x00000000eaa80000)
  object space 41472K, 42% used [0x00000000c0000000,0x00000000c1122140,0x00000000c2880000)
 PSPermGen       total 21504K, used 7458K [0x00000000b5a00000, 0x00000000b6f00000, 0x00000000c0000000)
  object space 21504K, 34% used [0x00000000b5a00000,0x00000000b6148988,0x00000000b6f00000)

Deoptimization events (10 events):
Event: 3.017 Thread 0x00007fc07400b000 Uncommon trap: reason=class_check action=maybe_recompile pc=0x00007fc0710798f4 method=com.android.dex.Leb128.writeUnsignedLeb128(Lcom/android/dex/util/ByteOutput;I)V @ 40
Event: 3.017 Thread 0x00007fc07400b000 Uncommon trap: reason=class_check action=maybe_recompile pc=0x00007fc0710798f4 method=com.android.dex.Leb128.writeUnsignedLeb128(Lcom/android/dex/util/ByteOutput;I)V @ 40
Event: 3.017 Thread 0x00007fc07400b000 Uncommon trap: reason=class_check action=maybe_recompile pc=0x00007fc0710798f4 method=com.android.dex.Leb128.writeUnsignedLeb128(Lcom/android/dex/util/ByteOutput;I)V @ 40
Event: 3.133 Thread 0x00007fc07400b000 Uncommon trap: reason=predicate action=maybe_recompile pc=0x00007fc07116503c method=com.android.dex.Leb128.writeUnsignedLeb128(Lcom/android/dex/util/ByteOutput;I)V @ 9
Event: 3.258 Thread 0x00007fc07400b000 Uncommon trap: reason=class_check action=maybe_recompile pc=0x00007fc0710c697c method=java.util.HashMap.<init>(IF)V @ 115
Event: 3.259 Thread 0x00007fc07400b000 Uncommon trap: reason=class_check action=maybe_recompile pc=0x00007fc0710de064 method=java.util.HashMap.<init>(IF)V @ 115
Event: 3.279 Thread 0x00007fc07400b000 Uncommon trap: reason=class_check action=maybe_recompile pc=0x00007fc0710b7560 method=java.util.ArrayList.<init>(Ljava/util/Collection;)V @ 6
Event: 3.291 Thread 0x00007fc07400b000 Uncommon trap: reason=class_check action=maybe_recompile pc=0x00007fc0710c697c method=java.util.HashMap.<init>(IF)V @ 115
Event: 3.291 Thread 0x00007fc07400b000 Uncommon trap: reason=class_check action=maybe_recompile pc=0x00007fc0710b7560 method=java.util.ArrayList.<init>(Ljava/util/Collection;)V @ 6
Event: 3.340 Thread 0x00007fc07400b000 Uncommon trap: reason=predicate action=maybe_recompile pc=0x00007fc071168410 method=com.android.dex.Leb128.readUnsignedLeb128(Lcom/android/dex/util/ByteInput;)I @ 41

Internal exceptions (10 events):
Event: 3.170 Thread 0x00007fc07400b000 Threw 0x00000000eab436e0 at /build/buildd/openjdk-7-7u75-2.5.4/build/openjdk/hotspot/src/share/vm/prims/jvm.cpp:1284
Event: 3.173 Thread 0x00007fc07400b000 Threw 0x00000000eab8c470 at /build/buildd/openjdk-7-7u75-2.5.4/build/openjdk/hotspot/src/share/vm/prims/jvm.cpp:1284
Event: 3.173 Thread 0x00007fc07400b000 Threw 0x00000000eab8f018 at /build/buildd/openjdk-7-7u75-2.5.4/build/openjdk/hotspot/src/share/vm/prims/jvm.cpp:1284
Event: 3.269 Thread 0x00007fc07400b000 Threw 0x00000000eac4b718 at /build/buildd/openjdk-7-7u75-2.5.4/build/openjdk/hotspot/src/share/vm/prims/jvm.cpp:1284
Event: 3.269 Thread 0x00007fc07400b000 Threw 0x00000000eac4b840 at /build/buildd/openjdk-7-7u75-2.5.4/build/openjdk/hotspot/src/share/vm/prims/jvm.cpp:1284
Event: 3.269 Thread 0x00007fc07400b000 Threw 0x00000000eac4def0 at /build/buildd/openjdk-7-7u75-2.5.4/build/openjdk/hotspot/src/share/vm/prims/jvm.cpp:1284
Event: 3.269 Thread 0x00007fc07400b000 Threw 0x00000000eac4e018 at /build/buildd/openjdk-7-7u75-2.5.4/build/openjdk/hotspot/src/share/vm/prims/jvm.cpp:1284
Event: 3.269 Thread 0x00007fc07400b000 Threw 0x00000000eac4ea18 at /build/buildd/openjdk-7-7u75-2.5.4/build/openjdk/hotspot/src/share/vm/prims/jvm.cpp:1284
Event: 3.269 Thread 0x00007fc07400b000 Threw 0x00000000eac4eb40 at /build/buildd/openjdk-7-7u75-2.5.4/build/openjdk/hotspot/src/share/vm/prims/jvm.cpp:1284
Event: 3.729 Thread 0x00007fc07400b000 Threw 0x00000000ebf79ea0 at /build/buildd/openjdk-7-7u75-2.5.4/build/openjdk/hotspot/src/share/vm/prims/jvm.cpp:1284

Events (10 events):
Event: 3.306 Thread 0x00007fc0740ac800 flushing nmethod 0x00007fc0710c9790
Event: 3.306 Thread 0x00007fc0740ac800 flushing nmethod 0x00007fc0710cdc50
Event: 3.306 Thread 0x00007fc0740ac800 flushing nmethod 0x00007fc0710d0f50
Event: 3.315 Thread 0x00007fc0740ac800 flushing nmethod 0x00007fc0710f0f10
Event: 3.340 Thread 0x00007fc07400b000 Uncommon trap: trap_request=0xffffff86 fr.pc=0x00007fc071168410
Event: 3.340 Thread 0x00007fc07400b000 DEOPT PACKING pc=0x00007fc071168410 sp=0x00007fc07c31a2a0
Event: 3.340 Thread 0x00007fc07400b000 DEOPT UNPACKING pc=0x00007fc071039445 sp=0x00007fc07c31a268 mode 2
Event: 3.729 loading class 0x00007fc07425cd60
Event: 3.729 loading class 0x00007fc07425cd60 done
Event: 3.837 Executing VM operation: ParallelGCFailedAllocation


Dynamic libraries:
00400000-00401000 r-xp 00000000 fc:01 266635                             /usr/lib/jvm/java-7-openjdk-amd64/jre/bin/java
00600000-00601000 r--p 00000000 fc:01 266635                             /usr/lib/jvm/java-7-openjdk-amd64/jre/bin/java
00601000-00602000 rw-p 00001000 fc:01 266635                             /usr/lib/jvm/java-7-openjdk-amd64/jre/bin/java
01c96000-01cb7000 rw-p 00000000 00:00 0                                  [heap]
b5a00000-b6f00000 rw-p 00000000 00:00 0 
b6f00000-c0000000 rw-p 00000000 00:00 0 
c0000000-c2880000 rw-p 00000000 00:00 0 
c2880000-eaa80000 rw-p 00000000 00:00 0 
eaa80000-ece80000 rw-p 00000000 00:00 0 
f0880000-100000000 rw-p 00000000 00:00 0 
7fc038000000-7fc038021000 rw-p 00000000 00:00 0 
7fc038021000-7fc03c000000 ---p 00000000 00:00 0 
7fc03f313000-7fc03f474000 rw-p 00000000 00:00 0 
7fc03f474000-7fc03f4b1000 r-xp 00000000 fc:01 4460585                    /lib/x86_64-linux-gnu/libpcre.so.3.13.1
7fc03f4b1000-7fc03f6b0000 ---p 0003d000 fc:01 4460585                    /lib/x86_64-linux-gnu/libpcre.so.3.13.1
7fc03f6b0000-7fc03f6b1000 r--p 0003c000 fc:01 4460585                    /lib/x86_64-linux-gnu/libpcre.so.3.13.1
7fc03f6b1000-7fc03f6b2000 rw-p 0003d000 fc:01 4460585                    /lib/x86_64-linux-gnu/libpcre.so.3.13.1
7fc03f6b2000-7fc03f6b9000 r-xp 00000000 fc:01 7086350                    /usr/lib/x86_64-linux-gnu/libffi.so.6.0.1
7fc03f6b9000-7fc03f8b8000 ---p 00007000 fc:01 7086350                    /usr/lib/x86_64-linux-gnu/libffi.so.6.0.1
7fc03f8b8000-7fc03f8b9000 r--p 00006000 fc:01 7086350                    /usr/lib/x86_64-linux-gnu/libffi.so.6.0.1
7fc03f8b9000-7fc03f8ba000 rw-p 00007000 fc:01 7086350                    /usr/lib/x86_64-linux-gnu/libffi.so.6.0.1
7fc03f8ba000-7fc03f8d1000 r-xp 00000000 fc:01 4460459                    /lib/x86_64-linux-gnu/libresolv-2.19.so
7fc03f8d1000-7fc03fad1000 ---p 00017000 fc:01 4460459                    /lib/x86_64-linux-gnu/libresolv-2.19.so
7fc03fad1000-7fc03fad2000 r--p 00017000 fc:01 4460459                    /lib/x86_64-linux-gnu/libresolv-2.19.so
7fc03fad2000-7fc03fad3000 rw-p 00018000 fc:01 4460459                    /lib/x86_64-linux-gnu/libresolv-2.19.so
7fc03fad3000-7fc03fad5000 rw-p 00000000 00:00 0 
7fc03fad5000-7fc03faf5000 r-xp 00000000 fc:01 4460612                    /lib/x86_64-linux-gnu/libselinux.so.1
7fc03faf5000-7fc03fcf4000 ---p 00020000 fc:01 4460612                    /lib/x86_64-linux-gnu/libselinux.so.1
7fc03fcf4000-7fc03fcf5000 r--p 0001f000 fc:01 4460612                    /lib/x86_64-linux-gnu/libselinux.so.1
7fc03fcf5000-7fc03fcf6000 rw-p 00020000 fc:01 4460612                    /lib/x86_64-linux-gnu/libselinux.so.1
7fc03fcf6000-7fc03fcf8000 rw-p 00000000 00:00 0 
7fc03fcf8000-7fc03fdfe000 r-xp 00000000 fc:01 4460417                    /lib/x86_64-linux-gnu/libglib-2.0.so.0.4002.0
7fc03fdfe000-7fc03fffd000 ---p 00106000 fc:01 4460417                    /lib/x86_64-linux-gnu/libglib-2.0.so.0.4002.0
7fc03fffd000-7fc03fffe000 r--p 00105000 fc:01 4460417                    /lib/x86_64-linux-gnu/libglib-2.0.so.0.4002.0
7fc03fffe000-7fc03ffff000 rw-p 00106000 fc:01 4460417                    /lib/x86_64-linux-gnu/libglib-2.0.so.0.4002.0
7fc03ffff000-7fc040000000 rw-p 00000000 00:00 0 
7fc040000000-7fc040a50000 rw-p 00000000 00:00 0 
7fc040a50000-7fc044000000 ---p 00000000 00:00 0 
7fc044000000-7fc044021000 rw-p 00000000 00:00 0 
7fc044021000-7fc048000000 ---p 00000000 00:00 0 
7fc048000000-7fc048021000 rw-p 00000000 00:00 0 
7fc048021000-7fc04c000000 ---p 00000000 00:00 0 
7fc04c000000-7fc04c9b3000 rw-p 00000000 00:00 0 
7fc04c9b3000-7fc050000000 ---p 00000000 00:00 0 
7fc050000000-7fc050021000 rw-p 00000000 00:00 0 
7fc050021000-7fc054000000 ---p 00000000 00:00 0 
7fc054000000-7fc054021000 rw-p 00000000 00:00 0 
7fc054021000-7fc058000000 ---p 00000000 00:00 0 
7fc058000000-7fc0580e0000 rw-p 00000000 00:00 0 
7fc0580e0000-7fc05c000000 ---p 00000000 00:00 0 
7fc05c000000-7fc05c021000 rw-p 00000000 00:00 0 
7fc05c021000-7fc060000000 ---p 00000000 00:00 0 
7fc0600f5000-7fc0600f8000 r-xp 00000000 fc:01 7078252                    /usr/lib/x86_64-linux-gnu/libgmodule-2.0.so.0.4002.0
7fc0600f8000-7fc0602f7000 ---p 00003000 fc:01 7078252                    /usr/lib/x86_64-linux-gnu/libgmodule-2.0.so.0.4002.0
7fc0602f7000-7fc0602f8000 r--p 00002000 fc:01 7078252                    /usr/lib/x86_64-linux-gnu/libgmodule-2.0.so.0.4002.0
7fc0602f8000-7fc0602f9000 rw-p 00003000 fc:01 7078252                    /usr/lib/x86_64-linux-gnu/libgmodule-2.0.so.0.4002.0
7fc0602f9000-7fc060348000 r-xp 00000000 fc:01 7078270                    /usr/lib/x86_64-linux-gnu/libgobject-2.0.so.0.4002.0
7fc060348000-7fc060548000 ---p 0004f000 fc:01 7078270                    /usr/lib/x86_64-linux-gnu/libgobject-2.0.so.0.4002.0
7fc060548000-7fc060549000 r--p 0004f000 fc:01 7078270                    /usr/lib/x86_64-linux-gnu/libgobject-2.0.so.0.4002.0
7fc060549000-7fc06054a000 rw-p 00050000 fc:01 7078270                    /usr/lib/x86_64-linux-gnu/libgobject-2.0.so.0.4002.0
7fc06054a000-7fc0606b6000 r-xp 00000000 fc:01 7078274                    /usr/lib/x86_64-linux-gnu/libgio-2.0.so.0.4002.0
7fc0606b6000-7fc0608b5000 ---p 0016c000 fc:01 7078274                    /usr/lib/x86_64-linux-gnu/libgio-2.0.so.0.4002.0
7fc0608b5000-7fc0608b9000 r--p 0016b000 fc:01 7078274                    /usr/lib/x86_64-linux-gnu/libgio-2.0.so.0.4002.0
7fc0608b9000-7fc0608bb000 rw-p 0016f000 fc:01 7078274                    /usr/lib/x86_64-linux-gnu/libgio-2.0.so.0.4002.0
7fc0608bb000-7fc0608bd000 rw-p 00000000 00:00 0 
7fc0608bd000-7fc0608d4000 r-xp 00000000 fc:01 266605                     /usr/lib/jvm/java-7-openjdk-amd64/jre/lib/amd64/libnet.so
7fc0608d4000-7fc060ad3000 ---p 00017000 fc:01 266605                     /usr/lib/jvm/java-7-openjdk-amd64/jre/lib/amd64/libnet.so
7fc060ad3000-7fc060ad4000 r--p 00016000 fc:01 266605                     /usr/lib/jvm/java-7-openjdk-amd64/jre/lib/amd64/libnet.so
7fc060ad4000-7fc060ad5000 rw-p 00017000 fc:01 266605                     /usr/lib/jvm/java-7-openjdk-amd64/jre/lib/amd64/libnet.so
7fc060ad5000-7fc060ae5000 r-xp 00000000 fc:01 266601                     /usr/lib/jvm/java-7-openjdk-amd64/jre/lib/amd64/libnio.so
7fc060ae5000-7fc060ce5000 ---p 00010000 fc:01 266601                     /usr/lib/jvm/java-7-openjdk-amd64/jre/lib/amd64/libnio.so
7fc060ce5000-7fc060ce6000 r--p 00010000 fc:01 266601                     /usr/lib/jvm/java-7-openjdk-amd64/jre/lib/amd64/libnio.so
7fc060ce6000-7fc060ce7000 rw-p 00011000 fc:01 266601                     /usr/lib/jvm/java-7-openjdk-amd64/jre/lib/amd64/libnio.so
7fc060ce7000-7fc060ce8000 ---p 00000000 00:00 0 
7fc060ce8000-7fc060de8000 rw-p 00000000 00:00 0                          [stack:17129]
7fc060de8000-7fc060deb000 ---p 00000000 00:00 0 
7fc060deb000-7fc060ee9000 rw-p 00000000 00:00 0                          [stack:17128]
7fc060ee9000-7fc060eec000 ---p 00000000 00:00 0 
7fc060eec000-7fc060fea000 rw-p 00000000 00:00 0                          [stack:17127]
7fc060fea000-7fc060fed000 ---p 00000000 00:00 0 
7fc060fed000-7fc0610eb000 rw-p 00000000 00:00 0                          [stack:17126]
7fc0610eb000-7fc0610ee000 ---p 00000000 00:00 0 
7fc0610ee000-7fc0611ec000 rw-p 00000000 00:00 0                          [stack:17125]
7fc0611ec000-7fc0618ce000 r--p 00000000 fc:01 7085043                    /usr/lib/locale/locale-archive
7fc0618ce000-7fc0618d1000 ---p 00000000 00:00 0 
7fc0618d1000-7fc0619cf000 rw-p 00000000 00:00 0                          [stack:17124]
7fc0619cf000-7fc0619d2000 ---p 00000000 00:00 0 
7fc0619d2000-7fc064000000 rw-p 00000000 00:00 0                          [stack:17123]
7fc064000000-7fc064021000 rw-p 00000000 00:00 0 
7fc064021000-7fc068000000 ---p 00000000 00:00 0 
7fc068000000-7fc068021000 rw-p 00000000 00:00 0 
7fc068021000-7fc06c000000 ---p 00000000 00:00 0 
7fc06c000000-7fc06c021000 rw-p 00000000 00:00 0 
7fc06c021000-7fc070000000 ---p 00000000 00:00 0 
7fc07004c000-7fc07004d000 ---p 00000000 00:00 0 
7fc07004d000-7fc071000000 rw-p 00000000 00:00 0                          [stack:17122]
7fc071000000-7fc071270000 rwxp 00000000 00:00 0 
7fc071270000-7fc074297000 rw-p 00000000 00:00 0 
7fc074297000-7fc078000000 ---p 00000000 00:00 0 
7fc078001000-7fc078005000 r--s 0004d000 fc:01 266588                     /usr/lib/jvm/java-7-openjdk-amd64/jre/lib/jsse.jar
7fc078005000-7fc078014000 r--s 000dd000 00:19 1576134                    /home/aahung/Android/Sdk/build-tools/21.1.2/lib/dx.jar
7fc078014000-7fc07815e000 rw-p 00000000 00:00 0 
7fc07815e000-7fc078310000 r--s 01d23000 fc:01 266569                     /usr/lib/jvm/java-7-openjdk-amd64/jre/lib/rt.jar
7fc078310000-7fc07865c000 rw-p 00000000 00:00 0 
7fc07865c000-7fc07865d000 ---p 00000000 00:00 0 
7fc07865d000-7fc07875d000 rw-p 00000000 00:00 0                          [stack:17121]
7fc07875d000-7fc07875e000 ---p 00000000 00:00 0 
7fc07875e000-7fc07885e000 rw-p 00000000 00:00 0                          [stack:17120]
7fc07885e000-7fc07885f000 ---p 00000000 00:00 0 
7fc07885f000-7fc07895f000 rw-p 00000000 00:00 0                          [stack:17119]
7fc07895f000-7fc078960000 ---p 00000000 00:00 0 
7fc078960000-7fc078a6b000 rw-p 00000000 00:00 0                          [stack:17118]
7fc078a6b000-7fc078ab3000 rw-p 00000000 00:00 0 
7fc078ab3000-7fc078ac8000 rw-p 00000000 00:00 0 
7fc078ac8000-7fc078c09000 rw-p 00000000 00:00 0 
7fc078c09000-7fc078c14000 rw-p 00000000 00:00 0 
7fc078c14000-7fc078c5c000 rw-p 00000000 00:00 0 
7fc078c5c000-7fc078c71000 rw-p 00000000 00:00 0 
7fc078c71000-7fc078db1000 rw-p 00000000 00:00 0 
7fc078db1000-7fc078dc4000 rw-p 00000000 00:00 0 
7fc078dc4000-7fc078e5c000 rw-p 00000000 00:00 0 
7fc078e5c000-7fc078e5d000 rw-p 00000000 00:00 0 
7fc078e5d000-7fc078e65000 r-xp 00000000 fc:01 266631                     /usr/lib/jvm/java-7-openjdk-amd64/jre/lib/amd64/libzip.so
7fc078e65000-7fc079064000 ---p 00008000 fc:01 266631                     /usr/lib/jvm/java-7-openjdk-amd64/jre/lib/amd64/libzip.so
7fc079064000-7fc079065000 r--p 00007000 fc:01 266631                     /usr/lib/jvm/java-7-openjdk-amd64/jre/lib/amd64/libzip.so
7fc079065000-7fc079066000 rw-p 00008000 fc:01 266631                     /usr/lib/jvm/java-7-openjdk-amd64/jre/lib/amd64/libzip.so
7fc079066000-7fc079071000 r-xp 00000000 fc:01 4463634                    /lib/x86_64-linux-gnu/libnss_files-2.19.so
7fc079071000-7fc079270000 ---p 0000b000 fc:01 4463634                    /lib/x86_64-linux-gnu/libnss_files-2.19.so
7fc079270000-7fc079271000 r--p 0000a000 fc:01 4463634                    /lib/x86_64-linux-gnu/libnss_files-2.19.so
7fc079271000-7fc079272000 rw-p 0000b000 fc:01 4463634                    /lib/x86_64-linux-gnu/libnss_files-2.19.so
7fc079272000-7fc07927d000 r-xp 00000000 fc:01 4463654                    /lib/x86_64-linux-gnu/libnss_nis-2.19.so
7fc07927d000-7fc07947c000 ---p 0000b000 fc:01 4463654                    /lib/x86_64-linux-gnu/libnss_nis-2.19.so
7fc07947c000-7fc07947d000 r--p 0000a000 fc:01 4463654                    /lib/x86_64-linux-gnu/libnss_nis-2.19.so
7fc07947d000-7fc07947e000 rw-p 0000b000 fc:01 4463654                    /lib/x86_64-linux-gnu/libnss_nis-2.19.so
7fc07947e000-7fc079495000 r-xp 00000000 fc:01 4463643                    /lib/x86_64-linux-gnu/libnsl-2.19.so
7fc079495000-7fc079694000 ---p 00017000 fc:01 4463643                    /lib/x86_64-linux-gnu/libnsl-2.19.so
7fc079694000-7fc079695000 r--p 00016000 fc:01 4463643                    /lib/x86_64-linux-gnu/libnsl-2.19.so
7fc079695000-7fc079696000 rw-p 00017000 fc:01 4463643                    /lib/x86_64-linux-gnu/libnsl-2.19.so
7fc079696000-7fc079698000 rw-p 00000000 00:00 0 
7fc079698000-7fc0796a1000 r-xp 00000000 fc:01 4463642                    /lib/x86_64-linux-gnu/libnss_compat-2.19.so
7fc0796a1000-7fc0798a0000 ---p 00009000 fc:01 4463642                    /lib/x86_64-linux-gnu/libnss_compat-2.19.so
7fc0798a0000-7fc0798a1000 r--p 00008000 fc:01 4463642                    /lib/x86_64-linux-gnu/libnss_compat-2.19.so
7fc0798a1000-7fc0798a2000 rw-p 00009000 fc:01 4463642                    /lib/x86_64-linux-gnu/libnss_compat-2.19.so
7fc0798a2000-7fc0798cd000 r-xp 00000000 fc:01 266615                     /usr/lib/jvm/java-7-openjdk-amd64/jre/lib/amd64/libjava.so
7fc0798cd000-7fc079acd000 ---p 0002b000 fc:01 266615                     /usr/lib/jvm/java-7-openjdk-amd64/jre/lib/amd64/libjava.so
7fc079acd000-7fc079ace000 r--p 0002b000 fc:01 266615                     /usr/lib/jvm/java-7-openjdk-amd64/jre/lib/amd64/libjava.so
7fc079ace000-7fc079ad0000 rw-p 0002c000 fc:01 266615                     /usr/lib/jvm/java-7-openjdk-amd64/jre/lib/amd64/libjava.so
7fc079ad0000-7fc079ae0000 r-xp 00000000 fc:01 266614                     /usr/lib/jvm/java-7-openjdk-amd64/jre/lib/amd64/libverify.so
7fc079ae0000-7fc079cdf000 ---p 00010000 fc:01 266614                     /usr/lib/jvm/java-7-openjdk-amd64/jre/lib/amd64/libverify.so
7fc079cdf000-7fc079ce1000 r--p 0000f000 fc:01 266614                     /usr/lib/jvm/java-7-openjdk-amd64/jre/lib/amd64/libverify.so
7fc079ce1000-7fc079ce2000 rw-p 00011000 fc:01 266614                     /usr/lib/jvm/java-7-openjdk-amd64/jre/lib/amd64/libverify.so
7fc079ce2000-7fc079ce9000 r-xp 00000000 fc:01 4463651                    /lib/x86_64-linux-gnu/librt-2.19.so
7fc079ce9000-7fc079ee8000 ---p 00007000 fc:01 4463651                    /lib/x86_64-linux-gnu/librt-2.19.so
7fc079ee8000-7fc079ee9000 r--p 00006000 fc:01 4463651                    /lib/x86_64-linux-gnu/librt-2.19.so
7fc079ee9000-7fc079eea000 rw-p 00007000 fc:01 4463651                    /lib/x86_64-linux-gnu/librt-2.19.so
7fc079eea000-7fc079f00000 r-xp 00000000 fc:01 4456463                    /lib/x86_64-linux-gnu/libgcc_s.so.1
7fc079f00000-7fc07a0ff000 ---p 00016000 fc:01 4456463                    /lib/x86_64-linux-gnu/libgcc_s.so.1
7fc07a0ff000-7fc07a100000 rw-p 00015000 fc:01 4456463                    /lib/x86_64-linux-gnu/libgcc_s.so.1
7fc07a100000-7fc07a205000 r-xp 00000000 fc:01 4463033                    /lib/x86_64-linux-gnu/libm-2.19.so
7fc07a205000-7fc07a404000 ---p 00105000 fc:01 4463033                    /lib/x86_64-linux-gnu/libm-2.19.so
7fc07a404000-7fc07a405000 r--p 00104000 fc:01 4463033                    /lib/x86_64-linux-gnu/libm-2.19.so
7fc07a405000-7fc07a406000 rw-p 00105000 fc:01 4463033                    /lib/x86_64-linux-gnu/libm-2.19.so
7fc07a406000-7fc07a4ec000 r-xp 00000000 fc:01 7086978                    /usr/lib/x86_64-linux-gnu/libstdc++.so.6.0.19
7fc07a4ec000-7fc07a6eb000 ---p 000e6000 fc:01 7086978                    /usr/lib/x86_64-linux-gnu/libstdc++.so.6.0.19
7fc07a6eb000-7fc07a6f3000 r--p 000e5000 fc:01 7086978                    /usr/lib/x86_64-linux-gnu/libstdc++.so.6.0.19
7fc07a6f3000-7fc07a6f5000 rw-p 000ed000 fc:01 7086978                    /usr/lib/x86_64-linux-gnu/libstdc++.so.6.0.19
7fc07a6f5000-7fc07a70a000 rw-p 00000000 00:00 0 
7fc07a70a000-7fc07b222000 r-xp 00000000 fc:01 266620                     /usr/lib/jvm/java-7-openjdk-amd64/jre/lib/amd64/server/libjvm.so
7fc07b222000-7fc07b422000 ---p 00b18000 fc:01 266620                     /usr/lib/jvm/java-7-openjdk-amd64/jre/lib/amd64/server/libjvm.so
7fc07b422000-7fc07b4bc000 r--p 00b18000 fc:01 266620                     /usr/lib/jvm/java-7-openjdk-amd64/jre/lib/amd64/server/libjvm.so
7fc07b4bc000-7fc07b4df000 rw-p 00bb2000 fc:01 266620                     /usr/lib/jvm/java-7-openjdk-amd64/jre/lib/amd64/server/libjvm.so
7fc07b4df000-7fc07b50d000 rw-p 00000000 00:00 0 
7fc07b50d000-7fc07b525000 r-xp 00000000 fc:01 4460645                    /lib/x86_64-linux-gnu/libz.so.1.2.8
7fc07b525000-7fc07b724000 ---p 00018000 fc:01 4460645                    /lib/x86_64-linux-gnu/libz.so.1.2.8
7fc07b724000-7fc07b725000 r--p 00017000 fc:01 4460645                    /lib/x86_64-linux-gnu/libz.so.1.2.8
7fc07b725000-7fc07b726000 rw-p 00018000 fc:01 4460645                    /lib/x86_64-linux-gnu/libz.so.1.2.8
7fc07b726000-7fc07b73f000 r-xp 00000000 fc:01 4463649                    /lib/x86_64-linux-gnu/libpthread-2.19.so
7fc07b73f000-7fc07b93e000 ---p 00019000 fc:01 4463649                    /lib/x86_64-linux-gnu/libpthread-2.19.so
7fc07b93e000-7fc07b93f000 r--p 00018000 fc:01 4463649                    /lib/x86_64-linux-gnu/libpthread-2.19.so
7fc07b93f000-7fc07b940000 rw-p 00019000 fc:01 4463649                    /lib/x86_64-linux-gnu/libpthread-2.19.so
7fc07b940000-7fc07b944000 rw-p 00000000 00:00 0 
7fc07b944000-7fc07b947000 r-xp 00000000 fc:01 4463637                    /lib/x86_64-linux-gnu/libdl-2.19.so
7fc07b947000-7fc07bb46000 ---p 00003000 fc:01 4463637                    /lib/x86_64-linux-gnu/libdl-2.19.so
7fc07bb46000-7fc07bb47000 r--p 00002000 fc:01 4463637                    /lib/x86_64-linux-gnu/libdl-2.19.so
7fc07bb47000-7fc07bb48000 rw-p 00003000 fc:01 4463637                    /lib/x86_64-linux-gnu/libdl-2.19.so
7fc07bb48000-7fc07bd03000 r-xp 00000000 fc:01 4463648                    /lib/x86_64-linux-gnu/libc-2.19.so
7fc07bd03000-7fc07bf02000 ---p 001bb000 fc:01 4463648                    /lib/x86_64-linux-gnu/libc-2.19.so
7fc07bf02000-7fc07bf06000 r--p 001ba000 fc:01 4463648                    /lib/x86_64-linux-gnu/libc-2.19.so
7fc07bf06000-7fc07bf08000 rw-p 001be000 fc:01 4463648                    /lib/x86_64-linux-gnu/libc-2.19.so
7fc07bf08000-7fc07bf0d000 rw-p 00000000 00:00 0 
7fc07bf0d000-7fc07bf1a000 r-xp 00000000 fc:01 266597                     /usr/lib/jvm/java-7-openjdk-amd64/jre/lib/amd64/jli/libjli.so
7fc07bf1a000-7fc07c119000 ---p 0000d000 fc:01 266597                     /usr/lib/jvm/java-7-openjdk-amd64/jre/lib/amd64/jli/libjli.so
7fc07c119000-7fc07c11a000 r--p 0000c000 fc:01 266597                     /usr/lib/jvm/java-7-openjdk-amd64/jre/lib/amd64/jli/libjli.so
7fc07c11a000-7fc07c11b000 rw-p 0000d000 fc:01 266597                     /usr/lib/jvm/java-7-openjdk-amd64/jre/lib/amd64/jli/libjli.so
7fc07c11b000-7fc07c13e000 r-xp 00000000 fc:01 4463645                    /lib/x86_64-linux-gnu/ld-2.19.so
7fc07c13f000-7fc07c143000 r--s 0003c000 fc:01 266574                     /usr/lib/jvm/java-7-openjdk-amd64/jre/lib/ext/sunpkcs11.jar
7fc07c143000-7fc07c165000 rw-p 00000000 00:00 0 
7fc07c165000-7fc07c21b000 rw-p 00000000 00:00 0 
7fc07c21b000-7fc07c21e000 ---p 00000000 00:00 0 
7fc07c21e000-7fc07c322000 rw-p 00000000 00:00 0                          [stack:17117]
7fc07c322000-7fc07c323000 r--s 00002000 fc:01 266577                     /usr/lib/jvm/java-7-openjdk-amd64/jre/lib/ext/dnsns.jar
7fc07c323000-7fc07c326000 r--s 00086000 fc:01 266578                     /usr/lib/jvm/java-7-openjdk-amd64/jre/lib/ext/localedata.jar
7fc07c326000-7fc07c328000 r--s 00012000 fc:01 266576                     /usr/lib/jvm/java-7-openjdk-amd64/jre/lib/ext/zipfs.jar
7fc07c328000-7fc07c32c000 r--s 00034000 fc:01 266575                     /usr/lib/jvm/java-7-openjdk-amd64/jre/lib/ext/sunjce_provider.jar
7fc07c32c000-7fc07c32f000 r--s 0000f000 fc:01 266573                     /usr/lib/jvm/java-7-openjdk-amd64/jre/lib/ext/icedtea-sound.jar
7fc07c32f000-7fc07c331000 r--s 00006000 fc:01 110                        /usr/share/java/java-atk-wrapper.jar
7fc07c331000-7fc07c339000 rw-s 00000000 fc:01 4196955                    /tmp/hsperfdata_aahung/17112
7fc07c339000-7fc07c33a000 rw-p 00000000 00:00 0 
7fc07c33a000-7fc07c33b000 ---p 00000000 00:00 0 
7fc07c33b000-7fc07c33d000 rw-p 00000000 00:00 0 
7fc07c33d000-7fc07c33e000 r--p 00022000 fc:01 4463645                    /lib/x86_64-linux-gnu/ld-2.19.so
7fc07c33e000-7fc07c33f000 rw-p 00023000 fc:01 4463645                    /lib/x86_64-linux-gnu/ld-2.19.so
7fc07c33f000-7fc07c340000 rw-p 00000000 00:00 0 
7ffff40b0000-7ffff40d1000 rw-p 00000000 00:00 0                          [stack]
7ffff41ac000-7ffff41ae000 r-xp 00000000 00:00 0                          [vdso]
ffffffffff600000-ffffffffff601000 r-xp 00000000 00:00 0                  [vsyscall]

VM Arguments:
jvm_args: -Xmx1024M -Dfile.encoding=UTF-8 -Duser.country=HK -Duser.language=en -Duser.variant 
java_command: com.android.dx.command.Main --dex --output /home/aahung/intoheart/IntoHeart/app/build/intermediates/dex/debug /home/aahung/intoheart/IntoHeart/app/build/intermediates/classes/debug /home/aahung/intoheart/IntoHeart/app/build/intermediates/pre-dexed/debug/support-annotations-21.0.3-d45ed27f1dae7251dc7a8aef1046118670676bd3.jar /home/aahung/intoheart/IntoHeart/app/build/intermediates/pre-dexed/debug/butterknife-6.1.0-636c530f7b1615d17c06b6085f93aa4a0a0df8c1.jar /home/aahung/intoheart/IntoHeart/app/build/intermediates/pre-dexed/debug/classes-2d36bf40b6d3803112726392b81730e12b53df3e.jar /home/aahung/intoheart/IntoHeart/app/build/intermediates/pre-dexed/debug/retrofit-1.9.0-8bbff3c94e0ba2b6e5fc004822f5e9d68572d1bb.jar /home/aahung/intoheart/IntoHeart/app/build/intermediates/pre-dexed/debug/internal_impl-21.0.3-8b7bb34db6a5cfb44b9f699f5a9488767bd63a70.jar /home/aahung/intoheart/IntoHeart/app/build/intermediates/pre-dexed/debug/gson-2.3.1-2aa862fc70585181ed5302e3ec0cd674f2dbfb91.jar /home/aahung/intoheart/IntoHeart/app/build/intermediates/pre-dexed/debug/classes-d315d7205aafcbd4910722a1c1ecfe0f3ee6a0c7.jar /home/aahung/intoheart/IntoHeart/app/build/intermediates/pre-dexed/debug/classes-9792f5df3f0df754f74babe0406fe21fcb0782d3.jar /home/aahung/intoheart/IntoHeart/app/build/intermediates/pre-dexed/debug/classes-05458b2969fdfd97cc595136dcf3528fabfb9180.jar
Launcher Type: SUN_STANDARD

Environment Variables:
CLASSPATH=/opt/android-studio/bin/../lib/bootstrap.jar:/opt/android-studio/bin/../lib/extensions.jar:/opt/android-studio/bin/../lib/util.jar:/opt/android-studio/bin/../lib/jdom.jar:/opt/android-studio/bin/../lib/log4j.jar:/opt/android-studio/bin/../lib/trove4j.jar:/opt/android-studio/bin/../lib/jna.jar:/usr/lib/jvm/java-8-oracle/lib/tools.jar
PATH=/usr/local/sbin:/usr/local/bin:/usr/sbin:/usr/bin:/sbin:/bin:/usr/games:/usr/local/games
LD_LIBRARY_PATH=/opt/android-studio/bin:
SHELL=/bin/bash
DISPLAY=:0

Signal Handlers:
SIGSEGV: [libjvm.so+0x94b4b0], sa_mask[0]=0x7ffbfeff, sa_flags=0x10000004
SIGBUS: [libjvm.so+0x94b4b0], sa_mask[0]=0x7ffbfeff, sa_flags=0x10000004
SIGFPE: [libjvm.so+0x7c3390], sa_mask[0]=0x7ffbfeff, sa_flags=0x10000004
SIGPIPE: [libjvm.so+0x7c3390], sa_mask[0]=0x7ffbfeff, sa_flags=0x10000004
SIGXFSZ: [libjvm.so+0x7c3390], sa_mask[0]=0x7ffbfeff, sa_flags=0x10000004
SIGILL: [libjvm.so+0x7c3390], sa_mask[0]=0x7ffbfeff, sa_flags=0x10000004
SIGUSR1: SIG_DFL, sa_mask[0]=0x00000000, sa_flags=0x00000000
SIGUSR2: [libjvm.so+0x7c3230], sa_mask[0]=0x00000004, sa_flags=0x10000004
SIGHUP: [libjvm.so+0x7c3410], sa_mask[0]=0x7ffbfeff, sa_flags=0x10000004
SIGINT: [libjvm.so+0x7c3410], sa_mask[0]=0x7ffbfeff, sa_flags=0x10000004
SIGTERM: [libjvm.so+0x7c3410], sa_mask[0]=0x7ffbfeff, sa_flags=0x10000004
SIGQUIT: [libjvm.so+0x7c3410], sa_mask[0]=0x7ffbfeff, sa_flags=0x10000004
SIGTRAP: SIG_DFL, sa_mask[0]=0x00000000, sa_flags=0x00000000


---------------  S Y S T E M  ---------------

OS:Ubuntu 14.04 (trusty)
uname:Linux 3.13.0-48-generic #80-Ubuntu SMP Thu Mar 12 11:16:15 UTC 2015 x86_64
libc:glibc 2.19 NPTL 2.19 
rlimit: STACK 8192k, CORE 0k, NPROC 31034, NOFILE 4096, AS infinity
load average:2.64 1.94 1.34

/proc/meminfo:
MemTotal:        4003900 kB
MemFree:          110188 kB
Buffers:            1364 kB
Cached:            51456 kB
SwapCached:            0 kB
Active:          3502276 kB
Inactive:          33304 kB
Active(anon):    3484408 kB
Inactive(anon):    19360 kB
Active(file):      17868 kB
Inactive(file):    13944 kB
Unevictable:          48 kB
Mlocked:              48 kB
SwapTotal:             0 kB
SwapFree:              0 kB
Dirty:                88 kB
Writeback:             0 kB
AnonPages:       3483224 kB
Mapped:            42636 kB
Shmem:             20524 kB
Slab:              93992 kB
SReclaimable:      33132 kB
SUnreclaim:        60860 kB
KernelStack:        5608 kB
PageTables:        38916 kB
NFS_Unstable:          0 kB
Bounce:                0 kB
WritebackTmp:          0 kB
CommitLimit:     2001948 kB
Committed_AS:    7151836 kB
VmallocTotal:   34359738367 kB
VmallocUsed:      289084 kB
VmallocChunk:   34359351628 kB
HardwareCorrupted:     0 kB
AnonHugePages:    833536 kB
HugePages_Total:       0
HugePages_Free:        0
HugePages_Rsvd:        0
HugePages_Surp:        0
Hugepagesize:       2048 kB
DirectMap4k:      125824 kB
DirectMap2M:     4024320 kB


CPU:total 4 (2 cores per cpu, 2 threads per core) family 6 model 42 stepping 7, cmov, cx8, fxsr, mmx, sse, sse2, sse3, ssse3, sse4.1, sse4.2, popcnt, avx, ht, tsc, tscinvbit

/proc/cpuinfo:
processor	: 0
vendor_id	: GenuineIntel
cpu family	: 6
model		: 42
model name	: Intel(R) Core(TM) i3-2350M CPU @ 2.30GHz
stepping	: 7
microcode	: 0x25
cpu MHz		: 2300.000
cache size	: 3072 KB
physical id	: 0
siblings	: 4
core id		: 0
cpu cores	: 2
apicid		: 0
initial apicid	: 0
fpu		: yes
fpu_exception	: yes
cpuid level	: 13
wp		: yes
flags		: fpu vme de pse tsc msr pae mce cx8 apic sep mtrr pge mca cmov pat pse36 clflush dts acpi mmx fxsr sse sse2 ss ht tm pbe syscall nx rdtscp lm constant_tsc arch_perfmon pebs bts rep_good nopl xtopology nonstop_tsc aperfmperf eagerfpu pni pclmulqdq dtes64 monitor ds_cpl vmx est tm2 ssse3 cx16 xtpr pdcm pcid sse4_1 sse4_2 x2apic popcnt tsc_deadline_timer xsave avx lahf_lm arat epb xsaveopt pln pts dtherm tpr_shadow vnmi flexpriority ept vpid
bogomips	: 4589.63
clflush size	: 64
cache_alignment	: 64
address sizes	: 36 bits physical, 48 bits virtual
power management:

processor	: 1
vendor_id	: GenuineIntel
cpu family	: 6
model		: 42
model name	: Intel(R) Core(TM) i3-2350M CPU @ 2.30GHz
stepping	: 7
microcode	: 0x25
cpu MHz		: 2300.000
cache size	: 3072 KB
physical id	: 0
siblings	: 4
core id		: 1
cpu cores	: 2
apicid		: 2
initial apicid	: 2
fpu		: yes
fpu_exception	: yes
cpuid level	: 13
wp		: yes
flags		: fpu vme de pse tsc msr pae mce cx8 apic sep mtrr pge mca cmov pat pse36 clflush dts acpi mmx fxsr sse sse2 ss ht tm pbe syscall nx rdtscp lm constant_tsc arch_perfmon pebs bts rep_good nopl xtopology nonstop_tsc aperfmperf eagerfpu pni pclmulqdq dtes64 monitor ds_cpl vmx est tm2 ssse3 cx16 xtpr pdcm pcid sse4_1 sse4_2 x2apic popcnt tsc_deadline_timer xsave avx lahf_lm arat epb xsaveopt pln pts dtherm tpr_shadow vnmi flexpriority ept vpid
bogomips	: 4589.63
clflush size	: 64
cache_alignment	: 64
address sizes	: 36 bits physical, 48 bits virtual
power management:

processor	: 2
vendor_id	: GenuineIntel
cpu family	: 6
model		: 42
model name	: Intel(R) Core(TM) i3-2350M CPU @ 2.30GHz
stepping	: 7
microcode	: 0x25
cpu MHz		: 800.000
cache size	: 3072 KB
physical id	: 0
siblings	: 4
core id		: 0
cpu cores	: 2
apicid		: 1
initial apicid	: 1
fpu		: yes
fpu_exception	: yes
cpuid level	: 13
wp		: yes
flags		: fpu vme de pse tsc msr pae mce cx8 apic sep mtrr pge mca cmov pat pse36 clflush dts acpi mmx fxsr sse sse2 ss ht tm pbe syscall nx rdtscp lm constant_tsc arch_perfmon pebs bts rep_good nopl xtopology nonstop_tsc aperfmperf eagerfpu pni pclmulqdq dtes64 monitor ds_cpl vmx est tm2 ssse3 cx16 xtpr pdcm pcid sse4_1 sse4_2 x2apic popcnt tsc_deadline_timer xsave avx lahf_lm arat epb xsaveopt pln pts dtherm tpr_shadow vnmi flexpriority ept vpid
bogomips	: 4589.63
clflush size	: 64
cache_alignment	: 64
address sizes	: 36 bits physical, 48 bits virtual
power management:

processor	: 3
vendor_id	: GenuineIntel
cpu family	: 6
model		: 42
model name	: Intel(R) Core(TM) i3-2350M CPU @ 2.30GHz
stepping	: 7
microcode	: 0x25
cpu MHz		: 2300.000
cache size	: 3072 KB
physical id	: 0
siblings	: 4
core id		: 1
cpu cores	: 2
apicid		: 3
initial apicid	: 3
fpu		: yes
fpu_exception	: yes
cpuid level	: 13
wp		: yes
flags		: fpu vme de pse tsc msr pae mce cx8 apic sep mtrr pge mca cmov pat pse36 clflush dts acpi mmx fxsr sse sse2 ss ht tm pbe syscall nx rdtscp lm constant_tsc arch_perfmon pebs bts rep_good nopl xtopology nonstop_tsc aperfmperf eagerfpu pni pclmulqdq dtes64 monitor ds_cpl vmx est tm2 ssse3 cx16 xtpr pdcm pcid sse4_1 sse4_2 x2apic popcnt tsc_deadline_timer xsave avx lahf_lm arat epb xsaveopt pln pts dtherm tpr_shadow vnmi flexpriority ept vpid
bogomips	: 4589.63
clflush size	: 64
cache_alignment	: 64
address sizes	: 36 bits physical, 48 bits virtual
power management:



Memory: 4k page, physical 4003900k(110188k free), swap 0k(0k free)

vm_info: OpenJDK 64-Bit Server VM (24.75-b04) for linux-amd64 JRE (1.7.0_75-b13), built on Jan 27 2015 00:38:59 by "buildd" with gcc 4.8.2

time: Tue Mar 31 16:48:24 2015
elapsed time: 3 seconds

