#
# There is insufficient memory for the Java Runtime Environment to continue.
# Native memory allocation (malloc) failed to allocate 83886080 bytes for committing reserved memory.
# Possible reasons:
#   The system is out of physical RAM or swap space
#   In 32 bit mode, the process size limit was hit
# Possible solutions:
#   Reduce memory load on the system
#   Increase physical memory or swap space
#   Check if swap backing store is full
#   Use 64 bit Java on a 64 bit OS
#   Decrease Java heap size (-Xmx/-Xms)
#   Decrease number of Java threads
#   Decrease Java thread stack sizes (-Xss)
#   Set larger code cache with -XX:ReservedCodeCacheSize=
# This output file may be truncated or incomplete.
#
#  Out of Memory Error (os_linux.cpp:2798), pid=16984, tid=140323777570560
#
# JRE version: OpenJDK Runtime Environment (7.0_75-b13) (build 1.7.0_75-b13)
# Java VM: OpenJDK 64-Bit Server VM (24.75-b04 mixed mode linux-amd64 compressed oops)
# Derivative: IcedTea 2.5.4
# Distribution: Ubuntu 14.04 LTS, package 7u75-2.5.4-1~trusty1
# Failed to write core dump. Core dumps have been disabled. To enable core dumping, try "ulimit -c unlimited" before starting Java again
#

---------------  T H R E A D  ---------------

Current thread (0x00007f9fa8076000):  VMThread [stack: 0x00007f9facda6000,0x00007f9facea7000] [id=16993]

Stack: [0x00007f9facda6000,0x00007f9facea7000],  sp=0x00007f9facea5490,  free space=1021k
Native frames: (J=compiled Java code, j=interpreted, Vv=VM code, C=native code)
V  [libjvm.so+0x94a9d5]  VMError::report_and_die()+0x175
V  [libjvm.so+0x48b954]  report_vm_out_of_memory(char const*, int, unsigned long, char const*)+0x74
V  [libjvm.so+0x7c7b7b]  os::pd_commit_memory(char*, unsigned long, unsigned long, bool)+0xeb
V  [libjvm.so+0x7c263f]  os::commit_memory(char*, unsigned long, unsigned long, bool)+0x1f
V  [libjvm.so+0x834b1b]  PSVirtualSpace::expand_by(unsigned long)+0x5b
V  [libjvm.so+0x835970]  PSYoungGen::resize_generation(unsigned long, unsigned long)+0xb0
V  [libjvm.so+0x83605b]  PSYoungGen::resize(unsigned long, unsigned long)+0x1b
V  [libjvm.so+0x832340]  PSScavenge::invoke_no_policy()+0xde0
V  [libjvm.so+0x832b18]  PSScavenge::invoke()+0x38
V  [libjvm.so+0x7e9203]  ParallelScavengeHeap::failed_mem_allocate(unsigned long)+0x63
V  [libjvm.so+0x94c3d4]  VM_ParallelGCFailedAllocation::doit()+0x84
V  [libjvm.so+0x9508d7]  VM_Operation::evaluate()+0x47
V  [libjvm.so+0x94f248]  VMThread::evaluate_operation(VM_Operation*)+0x318
V  [libjvm.so+0x94f6a9]  VMThread::loop()+0x219
V  [libjvm.so+0x94faf2]  VMThread::run()+0x72
V  [libjvm.so+0x7c4a42]  java_start(Thread*)+0xf2

VM_Operation (0x00007f9fb2060520): ParallelGCFailedAllocation, mode: safepoint, requested by thread 0x00007f9fa800b000


---------------  P R O C E S S  ---------------

Java Threads: ( => current thread )
  0x00007f9fa80af000 JavaThread "Service Thread" daemon [_thread_blocked, id=16999, stack(0x00007f9fac0be000,0x00007f9fac1bf000)]
  0x00007f9fa80ac800 JavaThread "C2 CompilerThread1" daemon [_thread_blocked, id=16998, stack(0x00007f9fac1bf000,0x00007f9fac2c0000)]
  0x00007f9fa80a9800 JavaThread "C2 CompilerThread0" daemon [_thread_blocked, id=16997, stack(0x00007f9fac2c0000,0x00007f9fac3c1000)]
  0x00007f9fa80a7800 JavaThread "Signal Dispatcher" daemon [_thread_blocked, id=16996, stack(0x00007f9fac3c1000,0x00007f9fac4c2000)]
  0x00007f9fa807c800 JavaThread "Finalizer" daemon [_thread_blocked, id=16995, stack(0x00007f9facba4000,0x00007f9facca5000)]
  0x00007f9fa807a800 JavaThread "Reference Handler" daemon [_thread_blocked, id=16994, stack(0x00007f9facca5000,0x00007f9facda6000)]
  0x00007f9fa800b000 JavaThread "main" [_thread_blocked, id=16988, stack(0x00007f9fb1f61000,0x00007f9fb2062000)]

Other Threads:
=>0x00007f9fa8076000 VMThread [stack: 0x00007f9facda6000,0x00007f9facea7000] [id=16993]
  0x00007f9fa80ba000 WatcherThread [stack: 0x00007f9fa4eff000,0x00007f9fa5000000] [id=17000]

VM state:at safepoint (normal execution)

VM Mutex/Monitor currently owned by a thread:  ([mutex/lock_event])
[0x00007f9fa8007290] Threads_lock - owner thread: 0x00007f9fa8076000
[0x00007f9fa8007790] Heap_lock - owner thread: 0x00007f9fa800b000

Heap
 PSYoungGen      total 66048K, used 2528K [0x00000000eaa80000, 0x00000000eed80000, 0x0000000100000000)
  eden space 63488K, 0% used [0x00000000eaa80000,0x00000000eaa80000,0x00000000ee880000)
  from space 2560K, 98% used [0x00000000ee880000,0x00000000eeaf8028,0x00000000eeb00000)
  to   space 2560K, 0% used [0x00000000eeb00000,0x00000000eeb00000,0x00000000eed80000)
 ParOldGen       total 41472K, used 24332K [0x00000000c0000000, 0x00000000c2880000, 0x00000000eaa80000)
  object space 41472K, 58% used [0x00000000c0000000,0x00000000c17c32e0,0x00000000c2880000)
 PSPermGen       total 21504K, used 7499K [0x00000000b5a00000, 0x00000000b6f00000, 0x00000000c0000000)
  object space 21504K, 34% used [0x00000000b5a00000,0x00000000b6152db0,0x00000000b6f00000)

Card table byte_map: [0x00007f9fae94f000,0x00007f9faeba3000] byte_map_base: 0x00007f9fae3a2000

Polling page: 0x00007f9fb2080000

Code Cache  [0x00007f9fa5000000, 0x00007f9fa5270000, 0x00007f9fa8000000)
 total_blobs=890 nmethods=639 adapters=204 free_code_cache=47249Kb largest_free_block=48340608

Compilation events (10 events):
Event: 4.030 Thread 0x00007f9fa80ac800 nmethod 644 0x00007f9fa51dcf90 code [0x00007f9fa51dd100, 0x00007f9fa51dd2d8]
Event: 4.030 Thread 0x00007f9fa80a9800 nmethod 645 0x00007f9fa51dcd10 code [0x00007f9fa51dce40, 0x00007f9fa51dceb8]
Event: 4.030 Thread 0x00007f9fa80ac800  646             com.android.dx.merge.DexMerger$2::read (8 bytes)
Event: 4.030 Thread 0x00007f9fa80a9800  647             com.android.dx.merge.DexMerger$2::read (16 bytes)
Event: 4.036 Thread 0x00007f9fa80a9800 nmethod 647 0x00007f9fa51de850 code [0x00007f9fa51de9e0, 0x00007f9fa51decc8]
Event: 4.036 Thread 0x00007f9fa80ac800 nmethod 646 0x00007f9fa51dde90 code [0x00007f9fa51de020, 0x00007f9fa51de308]
Event: 4.036 Thread 0x00007f9fa80a9800  648             com.android.dx.merge.DexMerger$2::updateIndex (50 bytes)
Event: 4.036 Thread 0x00007f9fa80ac800  649             com.android.dx.merge.DexMerger$IdMerger::mergeUnsorted (247 bytes)
Event: 4.037 Thread 0x00007f9fa80a9800 nmethod 648 0x00007f9fa51e5e90 code [0x00007f9fa51e5fe0, 0x00007f9fa51e6098]
Event: 4.037 Thread 0x00007f9fa80a9800  650             com.android.dx.merge.DexMerger$IdMerger::readUnsortedValues (101 bytes)

GC Heap History (9 events):
Event: 1.012 GC heap before
{Heap before GC invocations=1 (full 0):
 PSYoungGen      total 18432K, used 15872K [0x00000000eaa80000, 0x00000000ebf00000, 0x0000000100000000)
  eden space 15872K, 100% used [0x00000000eaa80000,0x00000000eba00000,0x00000000eba00000)
  from space 2560K, 0% used [0x00000000ebc80000,0x00000000ebc80000,0x00000000ebf00000)
  to   space 2560K, 0% used [0x00000000eba00000,0x00000000eba00000,0x00000000ebc80000)
 ParOldGen       total 41472K, used 0K [0x00000000c0000000, 0x00000000c2880000, 0x00000000eaa80000)
  object space 41472K, 0% used [0x00000000c0000000,0x00000000c0000000,0x00000000c2880000)
 PSPermGen       total 21504K, used 5116K [0x00000000b5a00000, 0x00000000b6f00000, 0x00000000c0000000)
  object space 21504K, 23% used [0x00000000b5a00000,0x00000000b5eff3b8,0x00000000b6f00000)
Event: 1.023 GC heap after
Heap after GC invocations=1 (full 0):
 PSYoungGen      total 18432K, used 2528K [0x00000000eaa80000, 0x00000000ece80000, 0x0000000100000000)
  eden space 15872K, 0% used [0x00000000eaa80000,0x00000000eaa80000,0x00000000eba00000)
  from space 2560K, 98% used [0x00000000eba00000,0x00000000ebc78038,0x00000000ebc80000)
  to   space 2560K, 0% used [0x00000000ecc00000,0x00000000ecc00000,0x00000000ece80000)
 ParOldGen       total 41472K, used 1874K [0x00000000c0000000, 0x00000000c2880000, 0x00000000eaa80000)
  object space 41472K, 4% used [0x00000000c0000000,0x00000000c01d4868,0x00000000c2880000)
 PSPermGen       total 21504K, used 5116K [0x00000000b5a00000, 0x00000000b6f00000, 0x00000000c0000000)
  object space 21504K, 23% used [0x00000000b5a00000,0x00000000b5eff3b8,0x00000000b6f00000)
}
Event: 1.693 GC heap before
{Heap before GC invocations=2 (full 0):
 PSYoungGen      total 18432K, used 18400K [0x00000000eaa80000, 0x00000000ece80000, 0x0000000100000000)
  eden space 15872K, 100% used [0x00000000eaa80000,0x00000000eba00000,0x00000000eba00000)
  from space 2560K, 98% used [0x00000000eba00000,0x00000000ebc78038,0x00000000ebc80000)
  to   space 2560K, 0% used [0x00000000ecc00000,0x00000000ecc00000,0x00000000ece80000)
 ParOldGen       total 41472K, used 1874K [0x00000000c0000000, 0x00000000c2880000, 0x00000000eaa80000)
  object space 41472K, 4% used [0x00000000c0000000,0x00000000c01d4868,0x00000000c2880000)
 PSPermGen       total 21504K, used 5304K [0x00000000b5a00000, 0x00000000b6f00000, 0x00000000c0000000)
  object space 21504K, 24% used [0x00000000b5a00000,0x00000000b5f2e208,0x00000000b6f00000)
Event: 1.709 GC heap after
Heap after GC invocations=2 (full 0):
 PSYoungGen      total 34304K, used 2528K [0x00000000eaa80000, 0x00000000ece80000, 0x0000000100000000)
  eden space 31744K, 0% used [0x00000000eaa80000,0x00000000eaa80000,0x00000000ec980000)
  from space 2560K, 98% used [0x00000000ecc00000,0x00000000ece78048,0x00000000ece80000)
  to   space 2560K, 0% used [0x00000000ec980000,0x00000000ec980000,0x00000000ecc00000)
 ParOldGen       total 41472K, used 4717K [0x00000000c0000000, 0x00000000c2880000, 0x00000000eaa80000)
  object space 41472K, 11% used [0x00000000c0000000,0x00000000c049b588,0x00000000c2880000)
 PSPermGen       total 21504K, used 5304K [0x00000000b5a00000, 0x00000000b6f00000, 0x00000000c0000000)
  object space 21504K, 24% used [0x00000000b5a00000,0x00000000b5f2e208,0x00000000b6f00000)
}
Event: 2.866 GC heap before
{Heap before GC invocations=3 (full 0):
 PSYoungGen      total 34304K, used 34272K [0x00000000eaa80000, 0x00000000ece80000, 0x0000000100000000)
  eden space 31744K, 100% used [0x00000000eaa80000,0x00000000ec980000,0x00000000ec980000)
  from space 2560K, 98% used [0x00000000ecc00000,0x00000000ece78048,0x00000000ece80000)
  to   space 2560K, 0% used [0x00000000ec980000,0x00000000ec980000,0x00000000ecc00000)
 ParOldGen       total 41472K, used 4717K [0x00000000c0000000, 0x00000000c2880000, 0x00000000eaa80000)
  object space 41472K, 11% used [0x00000000c0000000,0x00000000c049b588,0x00000000c2880000)
 PSPermGen       total 21504K, used 6645K [0x00000000b5a00000, 0x00000000b6f00000, 0x00000000c0000000)
  object space 21504K, 30% used [0x00000000b5a00000,0x00000000b607d6d0,0x00000000b6f00000)
Event: 2.895 GC heap after
Heap after GC invocations=3 (full 0):
 PSYoungGen      total 34304K, used 2534K [0x00000000eaa80000, 0x00000000eed80000, 0x0000000100000000)
  eden space 31744K, 0% used [0x00000000eaa80000,0x00000000eaa80000,0x00000000ec980000)
  from space 2560K, 99% used [0x00000000ec980000,0x00000000ecbf9bf8,0x00000000ecc00000)
  to   space 2560K, 0% used [0x00000000eeb00000,0x00000000eeb00000,0x00000000eed80000)
 ParOldGen       total 41472K, used 11575K [0x00000000c0000000, 0x00000000c2880000, 0x00000000eaa80000)
  object space 41472K, 27% used [0x00000000c0000000,0x00000000c0b4dd90,0x00000000c2880000)
 PSPermGen       total 21504K, used 6645K [0x00000000b5a00000, 0x00000000b6f00000, 0x00000000c0000000)
  object space 21504K, 30% used [0x00000000b5a00000,0x00000000b607d6d0,0x00000000b6f00000)
}
Event: 3.612 GC heap before
{Heap before GC invocations=4 (full 0):
 PSYoungGen      total 34304K, used 34278K [0x00000000eaa80000, 0x00000000eed80000, 0x0000000100000000)
  eden space 31744K, 100% used [0x00000000eaa80000,0x00000000ec980000,0x00000000ec980000)
  from space 2560K, 99% used [0x00000000ec980000,0x00000000ecbf9bf8,0x00000000ecc00000)
  to   space 2560K, 0% used [0x00000000eeb00000,0x00000000eeb00000,0x00000000eed80000)
 ParOldGen       total 41472K, used 11575K [0x00000000c0000000, 0x00000000c2880000, 0x00000000eaa80000)
  object space 41472K, 27% used [0x00000000c0000000,0x00000000c0b4dd90,0x00000000c2880000)
 PSPermGen       total 21504K, used 7459K [0x00000000b5a00000, 0x00000000b6f00000, 0x00000000c0000000)
  object space 21504K, 34% used [0x00000000b5a00000,0x00000000b6148c30,0x00000000b6f00000)
Event: 3.623 GC heap after
Heap after GC invocations=4 (full 0):
 PSYoungGen      total 66048K, used 2545K [0x00000000eaa80000, 0x00000000eed80000, 0x0000000100000000)
  eden space 63488K, 0% used [0x00000000eaa80000,0x00000000eaa80000,0x00000000ee880000)
  from space 2560K, 99% used [0x00000000eeb00000,0x00000000eed7c7a8,0x00000000eed80000)
  to   space 2560K, 0% used [0x00000000ee880000,0x00000000ee880000,0x00000000eeb00000)
 ParOldGen       total 41472K, used 19041K [0x00000000c0000000, 0x00000000c2880000, 0x00000000eaa80000)
  object space 41472K, 45% used [0x00000000c0000000,0x00000000c1298720,0x00000000c2880000)
 PSPermGen       total 21504K, used 7459K [0x00000000b5a00000, 0x00000000b6f00000, 0x00000000c0000000)
  object space 21504K, 34% used [0x00000000b5a00000,0x00000000b6148c30,0x00000000b6f00000)
}
Event: 4.081 GC heap before
{Heap before GC invocations=5 (full 0):
 PSYoungGen      total 66048K, used 64428K [0x00000000eaa80000, 0x00000000eed80000, 0x0000000100000000)
  eden space 63488K, 97% used [0x00000000eaa80000,0x00000000ee6eeab8,0x00000000ee880000)
  from space 2560K, 99% used [0x00000000eeb00000,0x00000000eed7c7a8,0x00000000eed80000)
  to   space 2560K, 0% used [0x00000000ee880000,0x00000000ee880000,0x00000000eeb00000)
 ParOldGen       total 41472K, used 19041K [0x00000000c0000000, 0x00000000c2880000, 0x00000000eaa80000)
  object space 41472K, 45% used [0x00000000c0000000,0x00000000c1298720,0x00000000c2880000)
 PSPermGen       total 21504K, used 7499K [0x00000000b5a00000, 0x00000000b6f00000, 0x00000000c0000000)
  object space 21504K, 34% used [0x00000000b5a00000,0x00000000b6152db0,0x00000000b6f00000)

Deoptimization events (10 events):
Event: 2.664 Thread 0x00007f9fa800b000 Uncommon trap: reason=class_check action=maybe_recompile pc=0x00007f9fa5162034 method=com.android.dex.Leb128.writeUnsignedLeb128(Lcom/android/dex/util/ByteOutput;I)V @ 40
Event: 2.845 Thread 0x00007f9fa800b000 Uncommon trap: reason=predicate action=maybe_recompile pc=0x00007f9fa516c764 method=com.android.dex.Leb128.writeUnsignedLeb128(Lcom/android/dex/util/ByteOutput;I)V @ 9
Event: 3.074 Thread 0x00007f9fa800b000 Uncommon trap: reason=class_check action=maybe_recompile pc=0x00007f9fa50d72bc method=java.util.HashMap.<init>(IF)V @ 115
Event: 3.076 Thread 0x00007f9fa800b000 Uncommon trap: reason=class_check action=maybe_recompile pc=0x00007f9fa50d9164 method=java.util.HashMap.<init>(IF)V @ 115
Event: 3.087 Thread 0x00007f9fa800b000 Uncommon trap: reason=class_check action=maybe_recompile pc=0x00007f9fa50be2a0 method=java.util.ArrayList.<init>(Ljava/util/Collection;)V @ 6
Event: 3.091 Thread 0x00007f9fa800b000 Uncommon trap: reason=class_check action=maybe_recompile pc=0x00007f9fa50d72bc method=java.util.HashMap.<init>(IF)V @ 115
Event: 3.092 Thread 0x00007f9fa800b000 Uncommon trap: reason=class_check action=maybe_recompile pc=0x00007f9fa50be2a0 method=java.util.ArrayList.<init>(Ljava/util/Collection;)V @ 6
Event: 3.139 Thread 0x00007f9fa800b000 Uncommon trap: reason=predicate action=maybe_recompile pc=0x00007f9fa5175d90 method=com.android.dex.Leb128.readUnsignedLeb128(Lcom/android/dex/util/ByteInput;)I @ 41
Event: 3.770 Thread 0x00007f9fa800b000 Uncommon trap: reason=predicate action=maybe_recompile pc=0x00007f9fa51be560 method=java.util.ComparableTimSort.binarySort([Ljava/lang/Object;III)V @ 37
Event: 4.081 Thread 0x00007f9fa800b000 Uncommon trap: reason=array_check action=maybe_recompile pc=0x00007f9fa51c7e3c method=java.util.ComparableTimSort.binarySort([Ljava/lang/Object;III)V @ 193

Internal exceptions (10 events):
Event: 2.925 Thread 0x00007f9fa800b000 Threw 0x00000000eab384e0 at /build/buildd/openjdk-7-7u75-2.5.4/build/openjdk/hotspot/src/share/vm/prims/jvm.cpp:1284
Event: 2.929 Thread 0x00007f9fa800b000 Threw 0x00000000eab7ffd0 at /build/buildd/openjdk-7-7u75-2.5.4/build/openjdk/hotspot/src/share/vm/prims/jvm.cpp:1284
Event: 2.930 Thread 0x00007f9fa800b000 Threw 0x00000000eab82b78 at /build/buildd/openjdk-7-7u75-2.5.4/build/openjdk/hotspot/src/share/vm/prims/jvm.cpp:1284
Event: 3.081 Thread 0x00007f9fa800b000 Threw 0x00000000eac3f288 at /build/buildd/openjdk-7-7u75-2.5.4/build/openjdk/hotspot/src/share/vm/prims/jvm.cpp:1284
Event: 3.081 Thread 0x00007f9fa800b000 Threw 0x00000000eac3f3b0 at /build/buildd/openjdk-7-7u75-2.5.4/build/openjdk/hotspot/src/share/vm/prims/jvm.cpp:1284
Event: 3.081 Thread 0x00007f9fa800b000 Threw 0x00000000eac41a60 at /build/buildd/openjdk-7-7u75-2.5.4/build/openjdk/hotspot/src/share/vm/prims/jvm.cpp:1284
Event: 3.081 Thread 0x00007f9fa800b000 Threw 0x00000000eac41b88 at /build/buildd/openjdk-7-7u75-2.5.4/build/openjdk/hotspot/src/share/vm/prims/jvm.cpp:1284
Event: 3.081 Thread 0x00007f9fa800b000 Threw 0x00000000eac42588 at /build/buildd/openjdk-7-7u75-2.5.4/build/openjdk/hotspot/src/share/vm/prims/jvm.cpp:1284
Event: 3.081 Thread 0x00007f9fa800b000 Threw 0x00000000eac426b0 at /build/buildd/openjdk-7-7u75-2.5.4/build/openjdk/hotspot/src/share/vm/prims/jvm.cpp:1284
Event: 3.525 Thread 0x00007f9fa800b000 Threw 0x00000000ebf6dd68 at /build/buildd/openjdk-7-7u75-2.5.4/build/openjdk/hotspot/src/share/vm/prims/jvm.cpp:1284

Events (10 events):
Event: 3.643 Thread 0x00007f9fa80a9800 flushing nmethod 0x00007f9fa50d0c50
Event: 3.713 loading class 0x00007f9fae105b90
Event: 3.716 loading class 0x00007f9fae105b90 done
Event: 3.770 Thread 0x00007f9fa800b000 Uncommon trap: trap_request=0xffffff86 fr.pc=0x00007f9fa51be560
Event: 3.770 Thread 0x00007f9fa800b000 DEOPT PACKING pc=0x00007f9fa51be560 sp=0x00007f9fb2060450
Event: 3.770 Thread 0x00007f9fa800b000 DEOPT UNPACKING pc=0x00007f9fa5039445 sp=0x00007f9fb2060430 mode 2
Event: 4.081 Thread 0x00007f9fa800b000 Uncommon trap: trap_request=0xffffffd6 fr.pc=0x00007f9fa51c7e3c
Event: 4.081 Thread 0x00007f9fa800b000 DEOPT PACKING pc=0x00007f9fa51c7e3c sp=0x00007f9fb2060450
Event: 4.081 Thread 0x00007f9fa800b000 DEOPT UNPACKING pc=0x00007f9fa5039445 sp=0x00007f9fb2060418 mode 2
Event: 4.081 Executing VM operation: ParallelGCFailedAllocation


Dynamic libraries:
00400000-00401000 r-xp 00000000 fc:01 266635                             /usr/lib/jvm/java-7-openjdk-amd64/jre/bin/java
00600000-00601000 r--p 00000000 fc:01 266635                             /usr/lib/jvm/java-7-openjdk-amd64/jre/bin/java
00601000-00602000 rw-p 00001000 fc:01 266635                             /usr/lib/jvm/java-7-openjdk-amd64/jre/bin/java
01b44000-01b65000 rw-p 00000000 00:00 0                                  [heap]
b5a00000-b6f00000 rw-p 00000000 00:00 0 
b6f00000-c0000000 rw-p 00000000 00:00 0 
c0000000-c2880000 rw-p 00000000 00:00 0 
c2880000-eaa80000 rw-p 00000000 00:00 0 
eaa80000-eed80000 rw-p 00000000 00:00 0 
f3d80000-100000000 rw-p 00000000 00:00 0 
7f9f70000000-7f9f70021000 rw-p 00000000 00:00 0 
7f9f70021000-7f9f74000000 ---p 00000000 00:00 0 
7f9f74000000-7f9f74021000 rw-p 00000000 00:00 0 
7f9f74021000-7f9f78000000 ---p 00000000 00:00 0 
7f9f78000000-7f9f78aeb000 rw-p 00000000 00:00 0 
7f9f78aeb000-7f9f7c000000 ---p 00000000 00:00 0 
7f9f7c000000-7f9f7c9e7000 rw-p 00000000 00:00 0 
7f9f7c9e7000-7f9f80000000 ---p 00000000 00:00 0 
7f9f80000000-7f9f80021000 rw-p 00000000 00:00 0 
7f9f80021000-7f9f84000000 ---p 00000000 00:00 0 
7f9f84000000-7f9f84021000 rw-p 00000000 00:00 0 
7f9f84021000-7f9f88000000 ---p 00000000 00:00 0 
7f9f88000000-7f9f880e0000 rw-p 00000000 00:00 0 
7f9f880e0000-7f9f8c000000 ---p 00000000 00:00 0 
7f9f8c000000-7f9f8c021000 rw-p 00000000 00:00 0 
7f9f8c021000-7f9f90000000 ---p 00000000 00:00 0 
7f9f90000000-7f9f90021000 rw-p 00000000 00:00 0 
7f9f90021000-7f9f94000000 ---p 00000000 00:00 0 
7f9f94000000-7f9f94021000 rw-p 00000000 00:00 0 
7f9f94021000-7f9f98000000 ---p 00000000 00:00 0 
7f9f98000000-7f9f98021000 rw-p 00000000 00:00 0 
7f9f98021000-7f9f9c000000 ---p 00000000 00:00 0 
7f9f9d0eb000-7f9f9d24c000 rw-p 00000000 00:00 0 
7f9f9d24c000-7f9f9d289000 r-xp 00000000 fc:01 4460585                    /lib/x86_64-linux-gnu/libpcre.so.3.13.1
7f9f9d289000-7f9f9d488000 ---p 0003d000 fc:01 4460585                    /lib/x86_64-linux-gnu/libpcre.so.3.13.1
7f9f9d488000-7f9f9d489000 r--p 0003c000 fc:01 4460585                    /lib/x86_64-linux-gnu/libpcre.so.3.13.1
7f9f9d489000-7f9f9d48a000 rw-p 0003d000 fc:01 4460585                    /lib/x86_64-linux-gnu/libpcre.so.3.13.1
7f9f9d48a000-7f9f9d491000 r-xp 00000000 fc:01 7086350                    /usr/lib/x86_64-linux-gnu/libffi.so.6.0.1
7f9f9d491000-7f9f9d690000 ---p 00007000 fc:01 7086350                    /usr/lib/x86_64-linux-gnu/libffi.so.6.0.1
7f9f9d690000-7f9f9d691000 r--p 00006000 fc:01 7086350                    /usr/lib/x86_64-linux-gnu/libffi.so.6.0.1
7f9f9d691000-7f9f9d692000 rw-p 00007000 fc:01 7086350                    /usr/lib/x86_64-linux-gnu/libffi.so.6.0.1
7f9f9d692000-7f9f9d6a9000 r-xp 00000000 fc:01 4460459                    /lib/x86_64-linux-gnu/libresolv-2.19.so
7f9f9d6a9000-7f9f9d8a9000 ---p 00017000 fc:01 4460459                    /lib/x86_64-linux-gnu/libresolv-2.19.so
7f9f9d8a9000-7f9f9d8aa000 r--p 00017000 fc:01 4460459                    /lib/x86_64-linux-gnu/libresolv-2.19.so
7f9f9d8aa000-7f9f9d8ab000 rw-p 00018000 fc:01 4460459                    /lib/x86_64-linux-gnu/libresolv-2.19.so
7f9f9d8ab000-7f9f9d8ad000 rw-p 00000000 00:00 0 
7f9f9d8ad000-7f9f9d8cd000 r-xp 00000000 fc:01 4460612                    /lib/x86_64-linux-gnu/libselinux.so.1
7f9f9d8cd000-7f9f9dacc000 ---p 00020000 fc:01 4460612                    /lib/x86_64-linux-gnu/libselinux.so.1
7f9f9dacc000-7f9f9dacd000 r--p 0001f000 fc:01 4460612                    /lib/x86_64-linux-gnu/libselinux.so.1
7f9f9dacd000-7f9f9dace000 rw-p 00020000 fc:01 4460612                    /lib/x86_64-linux-gnu/libselinux.so.1
7f9f9dace000-7f9fa0000000 rw-p 00000000 00:00 0 
7f9fa0000000-7f9fa0021000 rw-p 00000000 00:00 0 
7f9fa0021000-7f9fa4000000 ---p 00000000 00:00 0 
7f9fa4005000-7f9fa4008000 r-xp 00000000 fc:01 7078252                    /usr/lib/x86_64-linux-gnu/libgmodule-2.0.so.0.4002.0
7f9fa4008000-7f9fa4207000 ---p 00003000 fc:01 7078252                    /usr/lib/x86_64-linux-gnu/libgmodule-2.0.so.0.4002.0
7f9fa4207000-7f9fa4208000 r--p 00002000 fc:01 7078252                    /usr/lib/x86_64-linux-gnu/libgmodule-2.0.so.0.4002.0
7f9fa4208000-7f9fa4209000 rw-p 00003000 fc:01 7078252                    /usr/lib/x86_64-linux-gnu/libgmodule-2.0.so.0.4002.0
7f9fa4209000-7f9fa430f000 r-xp 00000000 fc:01 4460417                    /lib/x86_64-linux-gnu/libglib-2.0.so.0.4002.0
7f9fa430f000-7f9fa450e000 ---p 00106000 fc:01 4460417                    /lib/x86_64-linux-gnu/libglib-2.0.so.0.4002.0
7f9fa450e000-7f9fa450f000 r--p 00105000 fc:01 4460417                    /lib/x86_64-linux-gnu/libglib-2.0.so.0.4002.0
7f9fa450f000-7f9fa4510000 rw-p 00106000 fc:01 4460417                    /lib/x86_64-linux-gnu/libglib-2.0.so.0.4002.0
7f9fa4510000-7f9fa4511000 rw-p 00000000 00:00 0 
7f9fa4511000-7f9fa4560000 r-xp 00000000 fc:01 7078270                    /usr/lib/x86_64-linux-gnu/libgobject-2.0.so.0.4002.0
7f9fa4560000-7f9fa4760000 ---p 0004f000 fc:01 7078270                    /usr/lib/x86_64-linux-gnu/libgobject-2.0.so.0.4002.0
7f9fa4760000-7f9fa4761000 r--p 0004f000 fc:01 7078270                    /usr/lib/x86_64-linux-gnu/libgobject-2.0.so.0.4002.0
7f9fa4761000-7f9fa4762000 rw-p 00050000 fc:01 7078270                    /usr/lib/x86_64-linux-gnu/libgobject-2.0.so.0.4002.0
7f9fa4762000-7f9fa48ce000 r-xp 00000000 fc:01 7078274                    /usr/lib/x86_64-linux-gnu/libgio-2.0.so.0.4002.0
7f9fa48ce000-7f9fa4acd000 ---p 0016c000 fc:01 7078274                    /usr/lib/x86_64-linux-gnu/libgio-2.0.so.0.4002.0
7f9fa4acd000-7f9fa4ad1000 r--p 0016b000 fc:01 7078274                    /usr/lib/x86_64-linux-gnu/libgio-2.0.so.0.4002.0
7f9fa4ad1000-7f9fa4ad3000 rw-p 0016f000 fc:01 7078274                    /usr/lib/x86_64-linux-gnu/libgio-2.0.so.0.4002.0
7f9fa4ad3000-7f9fa4ad5000 rw-p 00000000 00:00 0 
7f9fa4ad5000-7f9fa4aec000 r-xp 00000000 fc:01 266605                     /usr/lib/jvm/java-7-openjdk-amd64/jre/lib/amd64/libnet.so
7f9fa4aec000-7f9fa4ceb000 ---p 00017000 fc:01 266605                     /usr/lib/jvm/java-7-openjdk-amd64/jre/lib/amd64/libnet.so
7f9fa4ceb000-7f9fa4cec000 r--p 00016000 fc:01 266605                     /usr/lib/jvm/java-7-openjdk-amd64/jre/lib/amd64/libnet.so
7f9fa4cec000-7f9fa4ced000 rw-p 00017000 fc:01 266605                     /usr/lib/jvm/java-7-openjdk-amd64/jre/lib/amd64/libnet.so
7f9fa4ced000-7f9fa4cfd000 r-xp 00000000 fc:01 266601                     /usr/lib/jvm/java-7-openjdk-amd64/jre/lib/amd64/libnio.so
7f9fa4cfd000-7f9fa4efd000 ---p 00010000 fc:01 266601                     /usr/lib/jvm/java-7-openjdk-amd64/jre/lib/amd64/libnio.so
7f9fa4efd000-7f9fa4efe000 r--p 00010000 fc:01 266601                     /usr/lib/jvm/java-7-openjdk-amd64/jre/lib/amd64/libnio.so
7f9fa4efe000-7f9fa4eff000 rw-p 00011000 fc:01 266601                     /usr/lib/jvm/java-7-openjdk-amd64/jre/lib/amd64/libnio.so
7f9fa4eff000-7f9fa4f00000 ---p 00000000 00:00 0 
7f9fa4f00000-7f9fa5000000 rw-p 00000000 00:00 0                          [stack:17000]
7f9fa5000000-7f9fa5270000 rwxp 00000000 00:00 0 
7f9fa5270000-7f9fa8288000 rw-p 00000000 00:00 0 
7f9fa8288000-7f9fac000000 ---p 00000000 00:00 0 
7f9fac0ab000-7f9fac0af000 r--s 0004d000 fc:01 266588                     /usr/lib/jvm/java-7-openjdk-amd64/jre/lib/jsse.jar
7f9fac0af000-7f9fac0be000 r--s 000dd000 00:19 1576134                    /home/aahung/Android/Sdk/build-tools/21.1.2/lib/dx.jar
7f9fac0be000-7f9fac0c1000 ---p 00000000 00:00 0 
7f9fac0c1000-7f9fac1bf000 rw-p 00000000 00:00 0                          [stack:16999]
7f9fac1bf000-7f9fac1c2000 ---p 00000000 00:00 0 
7f9fac1c2000-7f9fac2c0000 rw-p 00000000 00:00 0                          [stack:16998]
7f9fac2c0000-7f9fac2c3000 ---p 00000000 00:00 0 
7f9fac2c3000-7f9fac3c1000 rw-p 00000000 00:00 0                          [stack:16997]
7f9fac3c1000-7f9fac3c4000 ---p 00000000 00:00 0 
7f9fac3c4000-7f9fac4c2000 rw-p 00000000 00:00 0                          [stack:16996]
7f9fac4c2000-7f9facba4000 r--p 00000000 fc:01 7085043                    /usr/lib/locale/locale-archive
7f9facba4000-7f9facba7000 ---p 00000000 00:00 0 
7f9facba7000-7f9facca5000 rw-p 00000000 00:00 0                          [stack:16995]
7f9facca5000-7f9facca8000 ---p 00000000 00:00 0 
7f9facca8000-7f9facda6000 rw-p 00000000 00:00 0                          [stack:16994]
7f9facda6000-7f9facda7000 ---p 00000000 00:00 0 
7f9facda7000-7f9fadea4000 rw-p 00000000 00:00 0                          [stack:16993]
7f9fadea4000-7f9fae056000 r--s 01d23000 fc:01 266569                     /usr/lib/jvm/java-7-openjdk-amd64/jre/lib/rt.jar
7f9fae056000-7f9fae3a2000 rw-p 00000000 00:00 0 
7f9fae3a2000-7f9fae3a3000 ---p 00000000 00:00 0 
7f9fae3a3000-7f9fae4a3000 rw-p 00000000 00:00 0                          [stack:16992]
7f9fae4a3000-7f9fae4a4000 ---p 00000000 00:00 0 
7f9fae4a4000-7f9fae5a4000 rw-p 00000000 00:00 0                          [stack:16991]
7f9fae5a4000-7f9fae5a5000 ---p 00000000 00:00 0 
7f9fae5a5000-7f9fae6a5000 rw-p 00000000 00:00 0                          [stack:16990]
7f9fae6a5000-7f9fae6a6000 ---p 00000000 00:00 0 
7f9fae6a6000-7f9fae7b1000 rw-p 00000000 00:00 0                          [stack:16989]
7f9fae7b1000-7f9fae7f9000 rw-p 00000000 00:00 0 
7f9fae7f9000-7f9fae80e000 rw-p 00000000 00:00 0 
7f9fae80e000-7f9fae94f000 rw-p 00000000 00:00 0 
7f9fae94f000-7f9fae95a000 rw-p 00000000 00:00 0 
7f9fae95a000-7f9fae9a2000 rw-p 00000000 00:00 0 
7f9fae9a2000-7f9fae9b7000 rw-p 00000000 00:00 0 
7f9fae9b7000-7f9faeaf7000 rw-p 00000000 00:00 0 
7f9faeaf7000-7f9faeb19000 rw-p 00000000 00:00 0 
7f9faeb19000-7f9faeba2000 rw-p 00000000 00:00 0 
7f9faeba2000-7f9faeba3000 rw-p 00000000 00:00 0 
7f9faeba3000-7f9faebab000 r-xp 00000000 fc:01 266631                     /usr/lib/jvm/java-7-openjdk-amd64/jre/lib/amd64/libzip.so
7f9faebab000-7f9faedaa000 ---p 00008000 fc:01 266631                     /usr/lib/jvm/java-7-openjdk-amd64/jre/lib/amd64/libzip.so
7f9faedaa000-7f9faedab000 r--p 00007000 fc:01 266631                     /usr/lib/jvm/java-7-openjdk-amd64/jre/lib/amd64/libzip.so
7f9faedab000-7f9faedac000 rw-p 00008000 fc:01 266631                     /usr/lib/jvm/java-7-openjdk-amd64/jre/lib/amd64/libzip.so
7f9faedac000-7f9faedb7000 r-xp 00000000 fc:01 4463634                    /lib/x86_64-linux-gnu/libnss_files-2.19.so
7f9faedb7000-7f9faefb6000 ---p 0000b000 fc:01 4463634                    /lib/x86_64-linux-gnu/libnss_files-2.19.so
7f9faefb6000-7f9faefb7000 r--p 0000a000 fc:01 4463634                    /lib/x86_64-linux-gnu/libnss_files-2.19.so
7f9faefb7000-7f9faefb8000 rw-p 0000b000 fc:01 4463634                    /lib/x86_64-linux-gnu/libnss_files-2.19.so
7f9faefb8000-7f9faefc3000 r-xp 00000000 fc:01 4463654                    /lib/x86_64-linux-gnu/libnss_nis-2.19.so
7f9faefc3000-7f9faf1c2000 ---p 0000b000 fc:01 4463654                    /lib/x86_64-linux-gnu/libnss_nis-2.19.so
7f9faf1c2000-7f9faf1c3000 r--p 0000a000 fc:01 4463654                    /lib/x86_64-linux-gnu/libnss_nis-2.19.so
7f9faf1c3000-7f9faf1c4000 rw-p 0000b000 fc:01 4463654                    /lib/x86_64-linux-gnu/libnss_nis-2.19.so
7f9faf1c4000-7f9faf1db000 r-xp 00000000 fc:01 4463643                    /lib/x86_64-linux-gnu/libnsl-2.19.so
7f9faf1db000-7f9faf3da000 ---p 00017000 fc:01 4463643                    /lib/x86_64-linux-gnu/libnsl-2.19.so
7f9faf3da000-7f9faf3db000 r--p 00016000 fc:01 4463643                    /lib/x86_64-linux-gnu/libnsl-2.19.so
7f9faf3db000-7f9faf3dc000 rw-p 00017000 fc:01 4463643                    /lib/x86_64-linux-gnu/libnsl-2.19.so
7f9faf3dc000-7f9faf3de000 rw-p 00000000 00:00 0 
7f9faf3de000-7f9faf3e7000 r-xp 00000000 fc:01 4463642                    /lib/x86_64-linux-gnu/libnss_compat-2.19.so
7f9faf3e7000-7f9faf5e6000 ---p 00009000 fc:01 4463642                    /lib/x86_64-linux-gnu/libnss_compat-2.19.so
7f9faf5e6000-7f9faf5e7000 r--p 00008000 fc:01 4463642                    /lib/x86_64-linux-gnu/libnss_compat-2.19.so
7f9faf5e7000-7f9faf5e8000 rw-p 00009000 fc:01 4463642                    /lib/x86_64-linux-gnu/libnss_compat-2.19.so
7f9faf5e8000-7f9faf613000 r-xp 00000000 fc:01 266615                     /usr/lib/jvm/java-7-openjdk-amd64/jre/lib/amd64/libjava.so
7f9faf613000-7f9faf813000 ---p 0002b000 fc:01 266615                     /usr/lib/jvm/java-7-openjdk-amd64/jre/lib/amd64/libjava.so
7f9faf813000-7f9faf814000 r--p 0002b000 fc:01 266615                     /usr/lib/jvm/java-7-openjdk-amd64/jre/lib/amd64/libjava.so
7f9faf814000-7f9faf816000 rw-p 0002c000 fc:01 266615                     /usr/lib/jvm/java-7-openjdk-amd64/jre/lib/amd64/libjava.so
7f9faf816000-7f9faf826000 r-xp 00000000 fc:01 266614                     /usr/lib/jvm/java-7-openjdk-amd64/jre/lib/amd64/libverify.so
7f9faf826000-7f9fafa25000 ---p 00010000 fc:01 266614                     /usr/lib/jvm/java-7-openjdk-amd64/jre/lib/amd64/libverify.so
7f9fafa25000-7f9fafa27000 r--p 0000f000 fc:01 266614                     /usr/lib/jvm/java-7-openjdk-amd64/jre/lib/amd64/libverify.so
7f9fafa27000-7f9fafa28000 rw-p 00011000 fc:01 266614                     /usr/lib/jvm/java-7-openjdk-amd64/jre/lib/amd64/libverify.so
7f9fafa28000-7f9fafa2f000 r-xp 00000000 fc:01 4463651                    /lib/x86_64-linux-gnu/librt-2.19.so
7f9fafa2f000-7f9fafc2e000 ---p 00007000 fc:01 4463651                    /lib/x86_64-linux-gnu/librt-2.19.so
7f9fafc2e000-7f9fafc2f000 r--p 00006000 fc:01 4463651                    /lib/x86_64-linux-gnu/librt-2.19.so
7f9fafc2f000-7f9fafc30000 rw-p 00007000 fc:01 4463651                    /lib/x86_64-linux-gnu/librt-2.19.so
7f9fafc30000-7f9fafc46000 r-xp 00000000 fc:01 4456463                    /lib/x86_64-linux-gnu/libgcc_s.so.1
7f9fafc46000-7f9fafe45000 ---p 00016000 fc:01 4456463                    /lib/x86_64-linux-gnu/libgcc_s.so.1
7f9fafe45000-7f9fafe46000 rw-p 00015000 fc:01 4456463                    /lib/x86_64-linux-gnu/libgcc_s.so.1
7f9fafe46000-7f9faff4b000 r-xp 00000000 fc:01 4463033                    /lib/x86_64-linux-gnu/libm-2.19.so
7f9faff4b000-7f9fb014a000 ---p 00105000 fc:01 4463033                    /lib/x86_64-linux-gnu/libm-2.19.so
7f9fb014a000-7f9fb014b000 r--p 00104000 fc:01 4463033                    /lib/x86_64-linux-gnu/libm-2.19.so
7f9fb014b000-7f9fb014c000 rw-p 00105000 fc:01 4463033                    /lib/x86_64-linux-gnu/libm-2.19.so
7f9fb014c000-7f9fb0232000 r-xp 00000000 fc:01 7086978                    /usr/lib/x86_64-linux-gnu/libstdc++.so.6.0.19
7f9fb0232000-7f9fb0431000 ---p 000e6000 fc:01 7086978                    /usr/lib/x86_64-linux-gnu/libstdc++.so.6.0.19
7f9fb0431000-7f9fb0439000 r--p 000e5000 fc:01 7086978                    /usr/lib/x86_64-linux-gnu/libstdc++.so.6.0.19
7f9fb0439000-7f9fb043b000 rw-p 000ed000 fc:01 7086978                    /usr/lib/x86_64-linux-gnu/libstdc++.so.6.0.19
7f9fb043b000-7f9fb0450000 rw-p 00000000 00:00 0 
7f9fb0450000-7f9fb0f68000 r-xp 00000000 fc:01 266620                     /usr/lib/jvm/java-7-openjdk-amd64/jre/lib/amd64/server/libjvm.so
7f9fb0f68000-7f9fb1168000 ---p 00b18000 fc:01 266620                     /usr/lib/jvm/java-7-openjdk-amd64/jre/lib/amd64/server/libjvm.so
7f9fb1168000-7f9fb1202000 r--p 00b18000 fc:01 266620                     /usr/lib/jvm/java-7-openjdk-amd64/jre/lib/amd64/server/libjvm.so
7f9fb1202000-7f9fb1225000 rw-p 00bb2000 fc:01 266620                     /usr/lib/jvm/java-7-openjdk-amd64/jre/lib/amd64/server/libjvm.so
7f9fb1225000-7f9fb1253000 rw-p 00000000 00:00 0 
7f9fb1253000-7f9fb126b000 r-xp 00000000 fc:01 4460645                    /lib/x86_64-linux-gnu/libz.so.1.2.8
7f9fb126b000-7f9fb146a000 ---p 00018000 fc:01 4460645                    /lib/x86_64-linux-gnu/libz.so.1.2.8
7f9fb146a000-7f9fb146b000 r--p 00017000 fc:01 4460645                    /lib/x86_64-linux-gnu/libz.so.1.2.8
7f9fb146b000-7f9fb146c000 rw-p 00018000 fc:01 4460645                    /lib/x86_64-linux-gnu/libz.so.1.2.8
7f9fb146c000-7f9fb1485000 r-xp 00000000 fc:01 4463649                    /lib/x86_64-linux-gnu/libpthread-2.19.so
7f9fb1485000-7f9fb1684000 ---p 00019000 fc:01 4463649                    /lib/x86_64-linux-gnu/libpthread-2.19.so
7f9fb1684000-7f9fb1685000 r--p 00018000 fc:01 4463649                    /lib/x86_64-linux-gnu/libpthread-2.19.so
7f9fb1685000-7f9fb1686000 rw-p 00019000 fc:01 4463649                    /lib/x86_64-linux-gnu/libpthread-2.19.so
7f9fb1686000-7f9fb168a000 rw-p 00000000 00:00 0 
7f9fb168a000-7f9fb168d000 r-xp 00000000 fc:01 4463637                    /lib/x86_64-linux-gnu/libdl-2.19.so
7f9fb168d000-7f9fb188c000 ---p 00003000 fc:01 4463637                    /lib/x86_64-linux-gnu/libdl-2.19.so
7f9fb188c000-7f9fb188d000 r--p 00002000 fc:01 4463637                    /lib/x86_64-linux-gnu/libdl-2.19.so
7f9fb188d000-7f9fb188e000 rw-p 00003000 fc:01 4463637                    /lib/x86_64-linux-gnu/libdl-2.19.so
7f9fb188e000-7f9fb1a49000 r-xp 00000000 fc:01 4463648                    /lib/x86_64-linux-gnu/libc-2.19.so
7f9fb1a49000-7f9fb1c48000 ---p 001bb000 fc:01 4463648                    /lib/x86_64-linux-gnu/libc-2.19.so
7f9fb1c48000-7f9fb1c4c000 r--p 001ba000 fc:01 4463648                    /lib/x86_64-linux-gnu/libc-2.19.so
7f9fb1c4c000-7f9fb1c4e000 rw-p 001be000 fc:01 4463648                    /lib/x86_64-linux-gnu/libc-2.19.so
7f9fb1c4e000-7f9fb1c53000 rw-p 00000000 00:00 0 
7f9fb1c53000-7f9fb1c60000 r-xp 00000000 fc:01 266597                     /usr/lib/jvm/java-7-openjdk-amd64/jre/lib/amd64/jli/libjli.so
7f9fb1c60000-7f9fb1e5f000 ---p 0000d000 fc:01 266597                     /usr/lib/jvm/java-7-openjdk-amd64/jre/lib/amd64/jli/libjli.so
7f9fb1e5f000-7f9fb1e60000 r--p 0000c000 fc:01 266597                     /usr/lib/jvm/java-7-openjdk-amd64/jre/lib/amd64/jli/libjli.so
7f9fb1e60000-7f9fb1e61000 rw-p 0000d000 fc:01 266597                     /usr/lib/jvm/java-7-openjdk-amd64/jre/lib/amd64/jli/libjli.so
7f9fb1e61000-7f9fb1e84000 r-xp 00000000 fc:01 4463645                    /lib/x86_64-linux-gnu/ld-2.19.so
7f9fb1e85000-7f9fb1e89000 r--s 0003c000 fc:01 266574                     /usr/lib/jvm/java-7-openjdk-amd64/jre/lib/ext/sunpkcs11.jar
7f9fb1e89000-7f9fb1eab000 rw-p 00000000 00:00 0 
7f9fb1eab000-7f9fb1f61000 rw-p 00000000 00:00 0 
7f9fb1f61000-7f9fb1f64000 ---p 00000000 00:00 0 
7f9fb1f64000-7f9fb2068000 rw-p 00000000 00:00 0                          [stack:16988]
7f9fb2068000-7f9fb2069000 r--s 00002000 fc:01 266577                     /usr/lib/jvm/java-7-openjdk-amd64/jre/lib/ext/dnsns.jar
7f9fb2069000-7f9fb206c000 r--s 00086000 fc:01 266578                     /usr/lib/jvm/java-7-openjdk-amd64/jre/lib/ext/localedata.jar
7f9fb206c000-7f9fb206e000 r--s 00012000 fc:01 266576                     /usr/lib/jvm/java-7-openjdk-amd64/jre/lib/ext/zipfs.jar
7f9fb206e000-7f9fb2072000 r--s 00034000 fc:01 266575                     /usr/lib/jvm/java-7-openjdk-amd64/jre/lib/ext/sunjce_provider.jar
7f9fb2072000-7f9fb2075000 r--s 0000f000 fc:01 266573                     /usr/lib/jvm/java-7-openjdk-amd64/jre/lib/ext/icedtea-sound.jar
7f9fb2075000-7f9fb2077000 r--s 00006000 fc:01 110                        /usr/share/java/java-atk-wrapper.jar
7f9fb2077000-7f9fb207f000 rw-s 00000000 fc:01 4196953                    /tmp/hsperfdata_aahung/16984
7f9fb207f000-7f9fb2080000 rw-p 00000000 00:00 0 
7f9fb2080000-7f9fb2081000 ---p 00000000 00:00 0 
7f9fb2081000-7f9fb2083000 rw-p 00000000 00:00 0 
7f9fb2083000-7f9fb2084000 r--p 00022000 fc:01 4463645                    /lib/x86_64-linux-gnu/ld-2.19.so
7f9fb2084000-7f9fb2085000 rw-p 00023000 fc:01 4463645                    /lib/x86_64-linux-gnu/ld-2.19.so
7f9fb2085000-7f9fb2086000 rw-p 00000000 00:00 0 
7fffecd8a000-7fffecdab000 rw-p 00000000 00:00 0                          [stack]
7fffecdf5000-7fffecdf7000 r-xp 00000000 00:00 0                          [vdso]
ffffffffff600000-ffffffffff601000 r-xp 00000000 00:00 0                  [vsyscall]

VM Arguments:
jvm_args: -Xmx1024M -Dfile.encoding=UTF-8 -Duser.country=HK -Duser.language=en -Duser.variant 
java_command: com.android.dx.command.Main --dex --output /home/aahung/intoheart/IntoHeart/app/build/intermediates/dex/debug /home/aahung/intoheart/IntoHeart/app/build/intermediates/classes/debug /home/aahung/intoheart/IntoHeart/app/build/intermediates/pre-dexed/debug/support-annotations-21.0.3-d45ed27f1dae7251dc7a8aef1046118670676bd3.jar /home/aahung/intoheart/IntoHeart/app/build/intermediates/pre-dexed/debug/butterknife-6.1.0-636c530f7b1615d17c06b6085f93aa4a0a0df8c1.jar /home/aahung/intoheart/IntoHeart/app/build/intermediates/pre-dexed/debug/classes-2d36bf40b6d3803112726392b81730e12b53df3e.jar /home/aahung/intoheart/IntoHeart/app/build/intermediates/pre-dexed/debug/retrofit-1.9.0-8bbff3c94e0ba2b6e5fc004822f5e9d68572d1bb.jar /home/aahung/intoheart/IntoHeart/app/build/intermediates/pre-dexed/debug/internal_impl-21.0.3-8b7bb34db6a5cfb44b9f699f5a9488767bd63a70.jar /home/aahung/intoheart/IntoHeart/app/build/intermediates/pre-dexed/debug/gson-2.3.1-2aa862fc70585181ed5302e3ec0cd674f2dbfb91.jar /home/aahung/intoheart/IntoHeart/app/build/intermediates/pre-dexed/debug/classes-d315d7205aafcbd4910722a1c1ecfe0f3ee6a0c7.jar /home/aahung/intoheart/IntoHeart/app/build/intermediates/pre-dexed/debug/classes-9792f5df3f0df754f74babe0406fe21fcb0782d3.jar /home/aahung/intoheart/IntoHeart/app/build/intermediates/pre-dexed/debug/classes-05458b2969fdfd97cc595136dcf3528fabfb9180.jar
Launcher Type: SUN_STANDARD

Environment Variables:
CLASSPATH=/opt/android-studio/bin/../lib/bootstrap.jar:/opt/android-studio/bin/../lib/extensions.jar:/opt/android-studio/bin/../lib/util.jar:/opt/android-studio/bin/../lib/jdom.jar:/opt/android-studio/bin/../lib/log4j.jar:/opt/android-studio/bin/../lib/trove4j.jar:/opt/android-studio/bin/../lib/jna.jar:/usr/lib/jvm/java-8-oracle/lib/tools.jar
PATH=/usr/local/sbin:/usr/local/bin:/usr/sbin:/usr/bin:/sbin:/bin:/usr/games:/usr/local/games
LD_LIBRARY_PATH=/opt/android-studio/bin:
SHELL=/bin/bash
DISPLAY=:0

Signal Handlers:
SIGSEGV: [libjvm.so+0x94b4b0], sa_mask[0]=0x7ffbfeff, sa_flags=0x10000004
SIGBUS: [libjvm.so+0x94b4b0], sa_mask[0]=0x7ffbfeff, sa_flags=0x10000004
SIGFPE: [libjvm.so+0x7c3390], sa_mask[0]=0x7ffbfeff, sa_flags=0x10000004
SIGPIPE: [libjvm.so+0x7c3390], sa_mask[0]=0x7ffbfeff, sa_flags=0x10000004
SIGXFSZ: [libjvm.so+0x7c3390], sa_mask[0]=0x7ffbfeff, sa_flags=0x10000004
SIGILL: [libjvm.so+0x7c3390], sa_mask[0]=0x7ffbfeff, sa_flags=0x10000004
SIGUSR1: SIG_DFL, sa_mask[0]=0x00000000, sa_flags=0x00000000
SIGUSR2: [libjvm.so+0x7c3230], sa_mask[0]=0x00000004, sa_flags=0x10000004
SIGHUP: [libjvm.so+0x7c3410], sa_mask[0]=0x7ffbfeff, sa_flags=0x10000004
SIGINT: [libjvm.so+0x7c3410], sa_mask[0]=0x7ffbfeff, sa_flags=0x10000004
SIGTERM: [libjvm.so+0x7c3410], sa_mask[0]=0x7ffbfeff, sa_flags=0x10000004
SIGQUIT: [libjvm.so+0x7c3410], sa_mask[0]=0x7ffbfeff, sa_flags=0x10000004
SIGTRAP: SIG_DFL, sa_mask[0]=0x00000000, sa_flags=0x00000000


---------------  S Y S T E M  ---------------

OS:Ubuntu 14.04 (trusty)
uname:Linux 3.13.0-48-generic #80-Ubuntu SMP Thu Mar 12 11:16:15 UTC 2015 x86_64
libc:glibc 2.19 NPTL 2.19 
rlimit: STACK 8192k, CORE 0k, NPROC 31034, NOFILE 4096, AS infinity
load average:3.03 1.93 1.32

/proc/meminfo:
MemTotal:        4003900 kB
MemFree:          108744 kB
Buffers:            1172 kB
Cached:            53736 kB
SwapCached:            0 kB
Active:          3499360 kB
Inactive:          38564 kB
Active(anon):    3484164 kB
Inactive(anon):    19360 kB
Active(file):      15196 kB
Inactive(file):    19204 kB
Unevictable:          48 kB
Mlocked:              48 kB
SwapTotal:             0 kB
SwapFree:              0 kB
Dirty:              3240 kB
Writeback:             0 kB
AnonPages:       3482984 kB
Mapped:            43416 kB
Shmem:             20524 kB
Slab:              94276 kB
SReclaimable:      33432 kB
SUnreclaim:        60844 kB
KernelStack:        5560 kB
PageTables:        38612 kB
NFS_Unstable:          0 kB
Bounce:                0 kB
WritebackTmp:          0 kB
CommitLimit:     2001948 kB
Committed_AS:    7162400 kB
VmallocTotal:   34359738367 kB
VmallocUsed:      289084 kB
VmallocChunk:   34359351628 kB
HardwareCorrupted:     0 kB
AnonHugePages:    833536 kB
HugePages_Total:       0
HugePages_Free:        0
HugePages_Rsvd:        0
HugePages_Surp:        0
Hugepagesize:       2048 kB
DirectMap4k:      125824 kB
DirectMap2M:     4024320 kB


CPU:total 4 (2 cores per cpu, 2 threads per core) family 6 model 42 stepping 7, cmov, cx8, fxsr, mmx, sse, sse2, sse3, ssse3, sse4.1, sse4.2, popcnt, avx, ht, tsc, tscinvbit

/proc/cpuinfo:
processor	: 0
vendor_id	: GenuineIntel
cpu family	: 6
model		: 42
model name	: Intel(R) Core(TM) i3-2350M CPU @ 2.30GHz
stepping	: 7
microcode	: 0x25
cpu MHz		: 800.000
cache size	: 3072 KB
physical id	: 0
siblings	: 4
core id		: 0
cpu cores	: 2
apicid		: 0
initial apicid	: 0
fpu		: yes
fpu_exception	: yes
cpuid level	: 13
wp		: yes
flags		: fpu vme de pse tsc msr pae mce cx8 apic sep mtrr pge mca cmov pat pse36 clflush dts acpi mmx fxsr sse sse2 ss ht tm pbe syscall nx rdtscp lm constant_tsc arch_perfmon pebs bts rep_good nopl xtopology nonstop_tsc aperfmperf eagerfpu pni pclmulqdq dtes64 monitor ds_cpl vmx est tm2 ssse3 cx16 xtpr pdcm pcid sse4_1 sse4_2 x2apic popcnt tsc_deadline_timer xsave avx lahf_lm arat epb xsaveopt pln pts dtherm tpr_shadow vnmi flexpriority ept vpid
bogomips	: 4589.63
clflush size	: 64
cache_alignment	: 64
address sizes	: 36 bits physical, 48 bits virtual
power management:

processor	: 1
vendor_id	: GenuineIntel
cpu family	: 6
model		: 42
model name	: Intel(R) Core(TM) i3-2350M CPU @ 2.30GHz
stepping	: 7
microcode	: 0x25
cpu MHz		: 2300.000
cache size	: 3072 KB
physical id	: 0
siblings	: 4
core id		: 1
cpu cores	: 2
apicid		: 2
initial apicid	: 2
fpu		: yes
fpu_exception	: yes
cpuid level	: 13
wp		: yes
flags		: fpu vme de pse tsc msr pae mce cx8 apic sep mtrr pge mca cmov pat pse36 clflush dts acpi mmx fxsr sse sse2 ss ht tm pbe syscall nx rdtscp lm constant_tsc arch_perfmon pebs bts rep_good nopl xtopology nonstop_tsc aperfmperf eagerfpu pni pclmulqdq dtes64 monitor ds_cpl vmx est tm2 ssse3 cx16 xtpr pdcm pcid sse4_1 sse4_2 x2apic popcnt tsc_deadline_timer xsave avx lahf_lm arat epb xsaveopt pln pts dtherm tpr_shadow vnmi flexpriority ept vpid
bogomips	: 4589.63
clflush size	: 64
cache_alignment	: 64
address sizes	: 36 bits physical, 48 bits virtual
power management:

processor	: 2
vendor_id	: GenuineIntel
cpu family	: 6
model		: 42
model name	: Intel(R) Core(TM) i3-2350M CPU @ 2.30GHz
stepping	: 7
microcode	: 0x25
cpu MHz		: 800.000
cache size	: 3072 KB
physical id	: 0
siblings	: 4
core id		: 0
cpu cores	: 2
apicid		: 1
initial apicid	: 1
fpu		: yes
fpu_exception	: yes
cpuid level	: 13
wp		: yes
flags		: fpu vme de pse tsc msr pae mce cx8 apic sep mtrr pge mca cmov pat pse36 clflush dts acpi mmx fxsr sse sse2 ss ht tm pbe syscall nx rdtscp lm constant_tsc arch_perfmon pebs bts rep_good nopl xtopology nonstop_tsc aperfmperf eagerfpu pni pclmulqdq dtes64 monitor ds_cpl vmx est tm2 ssse3 cx16 xtpr pdcm pcid sse4_1 sse4_2 x2apic popcnt tsc_deadline_timer xsave avx lahf_lm arat epb xsaveopt pln pts dtherm tpr_shadow vnmi flexpriority ept vpid
bogomips	: 4589.63
clflush size	: 64
cache_alignment	: 64
address sizes	: 36 bits physical, 48 bits virtual
power management:

processor	: 3
vendor_id	: GenuineIntel
cpu family	: 6
model		: 42
model name	: Intel(R) Core(TM) i3-2350M CPU @ 2.30GHz
stepping	: 7
microcode	: 0x25
cpu MHz		: 2300.000
cache size	: 3072 KB
physical id	: 0
siblings	: 4
core id		: 1
cpu cores	: 2
apicid		: 3
initial apicid	: 3
fpu		: yes
fpu_exception	: yes
cpuid level	: 13
wp		: yes
flags		: fpu vme de pse tsc msr pae mce cx8 apic sep mtrr pge mca cmov pat pse36 clflush dts acpi mmx fxsr sse sse2 ss ht tm pbe syscall nx rdtscp lm constant_tsc arch_perfmon pebs bts rep_good nopl xtopology nonstop_tsc aperfmperf eagerfpu pni pclmulqdq dtes64 monitor ds_cpl vmx est tm2 ssse3 cx16 xtpr pdcm pcid sse4_1 sse4_2 x2apic popcnt tsc_deadline_timer xsave avx lahf_lm arat epb xsaveopt pln pts dtherm tpr_shadow vnmi flexpriority ept vpid
bogomips	: 4589.63
clflush size	: 64
cache_alignment	: 64
address sizes	: 36 bits physical, 48 bits virtual
power management:



Memory: 4k page, physical 4003900k(110076k free), swap 0k(0k free)

vm_info: OpenJDK 64-Bit Server VM (24.75-b04) for linux-amd64 JRE (1.7.0_75-b13), built on Jan 27 2015 00:38:59 by "buildd" with gcc 4.8.2

time: Tue Mar 31 16:47:56 2015
elapsed time: 4 seconds

