#
# There is insufficient memory for the Java Runtime Environment to continue.
# Native memory allocation (malloc) failed to allocate 41418752 bytes for committing reserved memory.
# Possible reasons:
#   The system is out of physical RAM or swap space
#   In 32 bit mode, the process size limit was hit
# Possible solutions:
#   Reduce memory load on the system
#   Increase physical memory or swap space
#   Check if swap backing store is full
#   Use 64 bit Java on a 64 bit OS
#   Decrease Java heap size (-Xmx/-Xms)
#   Decrease number of Java threads
#   Decrease Java thread stack sizes (-Xss)
#   Set larger code cache with -XX:ReservedCodeCacheSize=
# This output file may be truncated or incomplete.
#
#  Out of Memory Error (os_linux.cpp:2798), pid=32059, tid=139911674787584
#
# JRE version: OpenJDK Runtime Environment (7.0_75-b13) (build 1.7.0_75-b13)
# Java VM: OpenJDK 64-Bit Server VM (24.75-b04 mixed mode linux-amd64 compressed oops)
# Derivative: IcedTea 2.5.4
# Distribution: Ubuntu 14.04 LTS, package 7u75-2.5.4-1~trusty1
# Failed to write core dump. Core dumps have been disabled. To enable core dumping, try "ulimit -c unlimited" before starting Java again
#

---------------  T H R E A D  ---------------

Current thread (0x00007f3fc4075800):  VMThread [stack: 0x00007f3fb99cf000,0x00007f3fb9ad0000] [id=32068]

Stack: [0x00007f3fb99cf000,0x00007f3fb9ad0000],  sp=0x00007f3fb9ace490,  free space=1021k
Native frames: (J=compiled Java code, j=interpreted, Vv=VM code, C=native code)
V  [libjvm.so+0x94a9d5]  VMError::report_and_die()+0x175
V  [libjvm.so+0x48b954]  report_vm_out_of_memory(char const*, int, unsigned long, char const*)+0x74
V  [libjvm.so+0x7c7b7b]  os::pd_commit_memory(char*, unsigned long, unsigned long, bool)+0xeb
V  [libjvm.so+0x7c263f]  os::commit_memory(char*, unsigned long, unsigned long, bool)+0x1f
V  [libjvm.so+0x834b1b]  PSVirtualSpace::expand_by(unsigned long)+0x5b
V  [libjvm.so+0x835970]  PSYoungGen::resize_generation(unsigned long, unsigned long)+0xb0
V  [libjvm.so+0x83605b]  PSYoungGen::resize(unsigned long, unsigned long)+0x1b
V  [libjvm.so+0x832340]  PSScavenge::invoke_no_policy()+0xde0
V  [libjvm.so+0x832b18]  PSScavenge::invoke()+0x38
V  [libjvm.so+0x7e9203]  ParallelScavengeHeap::failed_mem_allocate(unsigned long)+0x63
V  [libjvm.so+0x94c3d4]  VM_ParallelGCFailedAllocation::doit()+0x84
V  [libjvm.so+0x9508d7]  VM_Operation::evaluate()+0x47
V  [libjvm.so+0x94f248]  VMThread::evaluate_operation(VM_Operation*)+0x318
V  [libjvm.so+0x94f6a9]  VMThread::loop()+0x219
V  [libjvm.so+0x94faf2]  VMThread::run()+0x72
V  [libjvm.so+0x7c4a42]  java_start(Thread*)+0xf2

VM_Operation (0x00007f3fcc2dace0): ParallelGCFailedAllocation, mode: safepoint, requested by thread 0x00007f3fc400a800


---------------  P R O C E S S  ---------------

Java Threads: ( => current thread )
  0x00007f3fc40ae800 JavaThread "Service Thread" daemon [_thread_blocked, id=32074, stack(0x00007f3fb8ce7000,0x00007f3fb8de8000)]
  0x00007f3fc40ac000 JavaThread "C2 CompilerThread1" daemon [_thread_blocked, id=32073, stack(0x00007f3fb8de8000,0x00007f3fb8ee9000)]
  0x00007f3fc40a9000 JavaThread "C2 CompilerThread0" daemon [_thread_blocked, id=32072, stack(0x00007f3fb8ee9000,0x00007f3fb8fea000)]
  0x00007f3fc40a7000 JavaThread "Signal Dispatcher" daemon [_thread_blocked, id=32071, stack(0x00007f3fb8fea000,0x00007f3fb90eb000)]
  0x00007f3fc407c000 JavaThread "Finalizer" daemon [_thread_blocked, id=32070, stack(0x00007f3fb97cd000,0x00007f3fb98ce000)]
  0x00007f3fc407a000 JavaThread "Reference Handler" daemon [_thread_blocked, id=32069, stack(0x00007f3fb98ce000,0x00007f3fb99cf000)]
  0x00007f3fc400a800 JavaThread "main" [_thread_blocked, id=32063, stack(0x00007f3fcc1dc000,0x00007f3fcc2dd000)]

Other Threads:
=>0x00007f3fc4075800 VMThread [stack: 0x00007f3fb99cf000,0x00007f3fb9ad0000] [id=32068]
  0x00007f3fc40b9000 WatcherThread [stack: 0x00007f3fb8be6000,0x00007f3fb8ce7000] [id=32075]

VM state:at safepoint (normal execution)

VM Mutex/Monitor currently owned by a thread:  ([mutex/lock_event])
[0x00007f3fc4006a30] Threads_lock - owner thread: 0x00007f3fc4075800
[0x00007f3fc4006f30] Heap_lock - owner thread: 0x00007f3fc400a800

Heap
 PSYoungGen      total 60928K, used 20974K [0x00000000eaa80000, 0x00000000f0d00000, 0x0000000100000000)
  eden space 39936K, 0% used [0x00000000eaa80000,0x00000000eaa80000,0x00000000ed180000)
  from space 20992K, 99% used [0x00000000ef880000,0x00000000f0cfb9a8,0x00000000f0d00000)
  to   space 17408K, 0% used [0x00000000ed180000,0x00000000ed180000,0x00000000ee280000)
 ParOldGen       total 68608K, used 67549K [0x00000000c0000000, 0x00000000c4300000, 0x00000000eaa80000)
  object space 68608K, 98% used [0x00000000c0000000,0x00000000c41f77d8,0x00000000c4300000)
 PSPermGen       total 21504K, used 5789K [0x00000000b5a00000, 0x00000000b6f00000, 0x00000000c0000000)
  object space 21504K, 26% used [0x00000000b5a00000,0x00000000b5fa7528,0x00000000b6f00000)

Card table byte_map: [0x00007f3fc8bca000,0x00007f3fc8e1e000] byte_map_base: 0x00007f3fc861d000

Polling page: 0x00007f3fcc2fb000

Code Cache  [0x00007f3fc1000000, 0x00007f3fc1270000, 0x00007f3fc4000000)
 total_blobs=794 nmethods=566 adapters=181 free_code_cache=46968Kb largest_free_block=48062912

Compilation events (10 events):
Event: 5.464 Thread 0x00007f3fc40ac000 nmethod 563 0x00007f3fc121d0d0 code [0x00007f3fc121d3a0, 0x00007f3fc121e060]
Event: 5.464 Thread 0x00007f3fc40ac000  566             com.android.dx.ssa.back.InterferenceGraph::<init> (42 bytes)
Event: 5.486 Thread 0x00007f3fc40ac000 nmethod 566 0x00007f3fc121a490 code [0x00007f3fc121a680, 0x00007f3fc121af90]
Event: 5.486 Thread 0x00007f3fc40ac000  567             com.android.dx.ssa.back.FirstFitLocalCombiningAllocator::handleUnassociatedParameters (60 bytes)
Event: 5.533 Thread 0x00007f3fc40ac000 nmethod 567 0x00007f3fc1228cd0 code [0x00007f3fc1228ec0, 0x00007f3fc1229628]
Event: 5.533 Thread 0x00007f3fc40ac000  568             com.android.dx.ssa.SsaMethod::getRegCount (5 bytes)
Event: 5.534 Thread 0x00007f3fc40ac000 nmethod 568 0x00007f3fc121a290 code [0x00007f3fc121a3c0, 0x00007f3fc121a418]
Event: 5.534 Thread 0x00007f3fc40ac000  569             java.util.TreeMap::getEntry (84 bytes)
Event: 5.537 Thread 0x00007f3fc40ac000 nmethod 569 0x00007f3fc1216e10 code [0x00007f3fc1216f60, 0x00007f3fc1217098]
Event: 5.537 Thread 0x00007f3fc40ac000  570             com.android.dx.ssa.DeadCodeRemover::run (194 bytes)

GC Heap History (10 events):
Event: 1.959 GC heap after
Heap after GC invocations=4 (full 1):
 PSYoungGen      total 18432K, used 0K [0x00000000eaa80000, 0x00000000ece80000, 0x0000000100000000)
  eden space 15872K, 0% used [0x00000000eaa80000,0x00000000eaa80000,0x00000000eba00000)
  from space 2560K, 0% used [0x00000000eba00000,0x00000000eba00000,0x00000000ebc80000)
  to   space 2560K, 0% used [0x00000000ecc00000,0x00000000ecc00000,0x00000000ece80000)
 ParOldGen       total 65536K, used 28262K [0x00000000c0000000, 0x00000000c4000000, 0x00000000eaa80000)
  object space 65536K, 43% used [0x00000000c0000000,0x00000000c1b99a50,0x00000000c4000000)
 PSPermGen       total 21504K, used 5484K [0x00000000b5a00000, 0x00000000b6f00000, 0x00000000c0000000)
  object space 21504K, 25% used [0x00000000b5a00000,0x00000000b5f5b250,0x00000000b6f00000)
}
Event: 1.964 GC heap before
{Heap before GC invocations=5 (full 1):
 PSYoungGen      total 18432K, used 15871K [0x00000000eaa80000, 0x00000000ece80000, 0x0000000100000000)
  eden space 15872K, 99% used [0x00000000eaa80000,0x00000000eb9fff20,0x00000000eba00000)
  from space 2560K, 0% used [0x00000000eba00000,0x00000000eba00000,0x00000000ebc80000)
  to   space 2560K, 0% used [0x00000000ecc00000,0x00000000ecc00000,0x00000000ece80000)
 ParOldGen       total 65536K, used 28262K [0x00000000c0000000, 0x00000000c4000000, 0x00000000eaa80000)
  object space 65536K, 43% used [0x00000000c0000000,0x00000000c1b99a50,0x00000000c4000000)
 PSPermGen       total 21504K, used 5484K [0x00000000b5a00000, 0x00000000b6f00000, 0x00000000c0000000)
  object space 21504K, 25% used [0x00000000b5a00000,0x00000000b5f5b250,0x00000000b6f00000)
Event: 1.981 GC heap after
Heap after GC invocations=5 (full 1):
 PSYoungGen      total 27648K, used 2560K [0x00000000eaa80000, 0x00000000ece80000, 0x0000000100000000)
  eden space 25088K, 0% used [0x00000000eaa80000,0x00000000eaa80000,0x00000000ec300000)
  from space 2560K, 100% used [0x00000000ecc00000,0x00000000ece80000,0x00000000ece80000)
  to   space 2560K, 0% used [0x00000000ec980000,0x00000000ec980000,0x00000000ecc00000)
 ParOldGen       total 65536K, used 35110K [0x00000000c0000000, 0x00000000c4000000, 0x00000000eaa80000)
  object space 65536K, 53% used [0x00000000c0000000,0x00000000c2249a50,0x00000000c4000000)
 PSPermGen       total 21504K, used 5484K [0x00000000b5a00000, 0x00000000b6f00000, 0x00000000c0000000)
  object space 21504K, 25% used [0x00000000b5a00000,0x00000000b5f5b250,0x00000000b6f00000)
}
Event: 2.302 GC heap before
{Heap before GC invocations=6 (full 1):
 PSYoungGen      total 27648K, used 27648K [0x00000000eaa80000, 0x00000000ece80000, 0x0000000100000000)
  eden space 25088K, 100% used [0x00000000eaa80000,0x00000000ec300000,0x00000000ec300000)
  from space 2560K, 100% used [0x00000000ecc00000,0x00000000ece80000,0x00000000ece80000)
  to   space 2560K, 0% used [0x00000000ec980000,0x00000000ec980000,0x00000000ecc00000)
 ParOldGen       total 65536K, used 35110K [0x00000000c0000000, 0x00000000c4000000, 0x00000000eaa80000)
  object space 65536K, 53% used [0x00000000c0000000,0x00000000c2249a50,0x00000000c4000000)
 PSPermGen       total 21504K, used 5534K [0x00000000b5a00000, 0x00000000b6f00000, 0x00000000c0000000)
  object space 21504K, 25% used [0x00000000b5a00000,0x00000000b5f67830,0x00000000b6f00000)
Event: 2.349 GC heap after
Heap after GC invocations=6 (full 1):
 PSYoungGen      total 34304K, used 2560K [0x00000000eaa80000, 0x00000000ef380000, 0x0000000100000000)
  eden space 31744K, 0% used [0x00000000eaa80000,0x00000000eaa80000,0x00000000ec980000)
  from space 2560K, 100% used [0x00000000ec980000,0x00000000ecc00000,0x00000000ecc00000)
  to   space 17408K, 0% used [0x00000000ee280000,0x00000000ee280000,0x00000000ef380000)
 ParOldGen       total 65536K, used 39292K [0x00000000c0000000, 0x00000000c4000000, 0x00000000eaa80000)
  object space 65536K, 59% used [0x00000000c0000000,0x00000000c265f260,0x00000000c4000000)
 PSPermGen       total 21504K, used 5534K [0x00000000b5a00000, 0x00000000b6f00000, 0x00000000c0000000)
  object space 21504K, 25% used [0x00000000b5a00000,0x00000000b5f67830,0x00000000b6f00000)
}
Event: 3.160 GC heap before
{Heap before GC invocations=7 (full 1):
 PSYoungGen      total 34304K, used 34304K [0x00000000eaa80000, 0x00000000ef380000, 0x0000000100000000)
  eden space 31744K, 100% used [0x00000000eaa80000,0x00000000ec980000,0x00000000ec980000)
  from space 2560K, 100% used [0x00000000ec980000,0x00000000ecc00000,0x00000000ecc00000)
  to   space 17408K, 0% used [0x00000000ee280000,0x00000000ee280000,0x00000000ef380000)
 ParOldGen       total 65536K, used 39292K [0x00000000c0000000, 0x00000000c4000000, 0x00000000eaa80000)
  object space 65536K, 59% used [0x00000000c0000000,0x00000000c265f260,0x00000000c4000000)
 PSPermGen       total 21504K, used 5621K [0x00000000b5a00000, 0x00000000b6f00000, 0x00000000c0000000)
  object space 21504K, 26% used [0x00000000b5a00000,0x00000000b5f7d5b8,0x00000000b6f00000)
Event: 3.192 GC heap after
Heap after GC invocations=7 (full 1):
 PSYoungGen      total 57344K, used 6812K [0x00000000eaa80000, 0x00000000efc00000, 0x0000000100000000)
  eden space 39936K, 0% used [0x00000000eaa80000,0x00000000eaa80000,0x00000000ed180000)
  from space 17408K, 39% used [0x00000000ee280000,0x00000000ee927100,0x00000000ef380000)
  to   space 17408K, 0% used [0x00000000ed180000,0x00000000ed180000,0x00000000ee280000)
 ParOldGen       total 65536K, used 39292K [0x00000000c0000000, 0x00000000c4000000, 0x00000000eaa80000)
  object space 65536K, 59% used [0x00000000c0000000,0x00000000c265f260,0x00000000c4000000)
 PSPermGen       total 21504K, used 5621K [0x00000000b5a00000, 0x00000000b6f00000, 0x00000000c0000000)
  object space 21504K, 26% used [0x00000000b5a00000,0x00000000b5f7d5b8,0x00000000b6f00000)
}
Event: 5.491 GC heap before
{Heap before GC invocations=8 (full 1):
 PSYoungGen      total 57344K, used 46748K [0x00000000eaa80000, 0x00000000efc00000, 0x0000000100000000)
  eden space 39936K, 100% used [0x00000000eaa80000,0x00000000ed180000,0x00000000ed180000)
  from space 17408K, 39% used [0x00000000ee280000,0x00000000ee927100,0x00000000ef380000)
  to   space 17408K, 0% used [0x00000000ed180000,0x00000000ed180000,0x00000000ee280000)
 ParOldGen       total 65536K, used 39292K [0x00000000c0000000, 0x00000000c4000000, 0x00000000eaa80000)
  object space 65536K, 59% used [0x00000000c0000000,0x00000000c265f260,0x00000000c4000000)
 PSPermGen       total 21504K, used 5789K [0x00000000b5a00000, 0x00000000b6f00000, 0x00000000c0000000)
  object space 21504K, 26% used [0x00000000b5a00000,0x00000000b5fa7528,0x00000000b6f00000)
Event: 5.526 GC heap after
Heap after GC invocations=8 (full 1):
 PSYoungGen      total 57344K, used 17381K [0x00000000eaa80000, 0x00000000f0d00000, 0x0000000100000000)
  eden space 39936K, 0% used [0x00000000eaa80000,0x00000000eaa80000,0x00000000ed180000)
  from space 17408K, 99% used [0x00000000ed180000,0x00000000ee279790,0x00000000ee280000)
  to   space 20992K, 0% used [0x00000000ef880000,0x00000000ef880000,0x00000000f0d00000)
 ParOldGen       total 65536K, used 41373K [0x00000000c0000000, 0x00000000c4000000, 0x00000000eaa80000)
  object space 65536K, 63% used [0x00000000c0000000,0x00000000c28677d8,0x00000000c4000000)
 PSPermGen       total 21504K, used 5789K [0x00000000b5a00000, 0x00000000b6f00000, 0x00000000c0000000)
  object space 21504K, 26% used [0x00000000b5a00000,0x00000000b5fa7528,0x00000000b6f00000)
}
Event: 5.537 GC heap before
{Heap before GC invocations=9 (full 1):
 PSYoungGen      total 57344K, used 57317K [0x00000000eaa80000, 0x00000000f0d00000, 0x0000000100000000)
  eden space 39936K, 100% used [0x00000000eaa80000,0x00000000ed180000,0x00000000ed180000)
  from space 17408K, 99% used [0x00000000ed180000,0x00000000ee279790,0x00000000ee280000)
  to   space 20992K, 0% used [0x00000000ef880000,0x00000000ef880000,0x00000000f0d00000)
 ParOldGen       total 65536K, used 41373K [0x00000000c0000000, 0x00000000c4000000, 0x00000000eaa80000)
  object space 65536K, 63% used [0x00000000c0000000,0x00000000c28677d8,0x00000000c4000000)
 PSPermGen       total 21504K, used 5789K [0x00000000b5a00000, 0x00000000b6f00000, 0x00000000c0000000)
  object space 21504K, 26% used [0x00000000b5a00000,0x00000000b5fa7528,0x00000000b6f00000)

Deoptimization events (10 events):
Event: 3.657 Thread 0x00007f3fc400a800 Uncommon trap: reason=unreached action=reinterpret pc=0x00007f3fc114cee0 method=com.android.dx.cf.code.Ropper.addExceptionSetupBlocks()V @ 21
Event: 3.669 Thread 0x00007f3fc400a800 Uncommon trap: reason=unreached action=reinterpret pc=0x00007f3fc10a86f0 method=com.android.dx.util.LabeledList.set(ILcom/android/dx/util/LabeledItem;)V @ 16
Event: 3.669 Thread 0x00007f3fc400a800 Uncommon trap: reason=unreached action=reinterpret pc=0x00007f3fc10a2cd4 method=com.android.dx.util.LabeledList.set(ILcom/android/dx/util/LabeledItem;)V @ 16
Event: 3.742 Thread 0x00007f3fc400a800 Uncommon trap: reason=bimorphic action=maybe_recompile pc=0x00007f3fc1126f8c method=com.android.dx.rop.code.RegisterSpec.equals(ILcom/android/dx/rop/type/TypeBearer;Lcom/android/dx/rop/code/LocalItem;)Z @ 13
Event: 3.944 Thread 0x00007f3fc400a800 Uncommon trap: reason=class_check action=maybe_recompile pc=0x00007f3fc1101738 method=com.android.dx.ssa.LiteralOpUpgrader.tryReplacingWithConstant(Lcom/android/dx/ssa/NormalSsaInsn;)Z @ 52
Event: 4.155 Thread 0x00007f3fc400a800 Uncommon trap: reason=class_check action=maybe_recompile pc=0x00007f3fc1101288 method=com.android.dx.ssa.LiteralOpUpgrader.tryReplacingWithConstant(Lcom/android/dx/ssa/NormalSsaInsn;)Z @ 52
Event: 4.289 Thread 0x00007f3fc400a800 Uncommon trap: reason=bimorphic action=maybe_recompile pc=0x00007f3fc1182ec8 method=java.util.HashMap.put(Ljava/lang/Object;Ljava/lang/Object;)Ljava/lang/Object; @ 83
Event: 4.289 Thread 0x00007f3fc400a800 Uncommon trap: reason=bimorphic action=maybe_recompile pc=0x00007f3fc1182ec8 method=java.util.HashMap.put(Ljava/lang/Object;Ljava/lang/Object;)Ljava/lang/Object; @ 83
Event: 4.289 Thread 0x00007f3fc400a800 Uncommon trap: reason=bimorphic action=maybe_recompile pc=0x00007f3fc1182ec8 method=java.util.HashMap.put(Ljava/lang/Object;Ljava/lang/Object;)Ljava/lang/Object; @ 83
Event: 4.289 Thread 0x00007f3fc400a800 Uncommon trap: reason=bimorphic action=maybe_recompile pc=0x00007f3fc1182ec8 method=java.util.HashMap.put(Ljava/lang/Object;Ljava/lang/Object;)Ljava/lang/Object; @ 83

Internal exceptions (10 events):
Event: 3.513 Thread 0x00007f3fc400a800 Threw 0x00000000eb31f690 at /build/buildd/openjdk-7-7u75-2.5.4/build/openjdk/hotspot/src/share/vm/prims/jvm.cpp:1284
Event: 3.514 Thread 0x00007f3fc400a800 Threw 0x00000000eb322fe0 at /build/buildd/openjdk-7-7u75-2.5.4/build/openjdk/hotspot/src/share/vm/prims/jvm.cpp:1284
Event: 3.515 Thread 0x00007f3fc400a800 Threw 0x00000000eb3272e8 at /build/buildd/openjdk-7-7u75-2.5.4/build/openjdk/hotspot/src/share/vm/prims/jvm.cpp:1284
Event: 3.516 Thread 0x00007f3fc400a800 Threw 0x00000000eb329de8 at /build/buildd/openjdk-7-7u75-2.5.4/build/openjdk/hotspot/src/share/vm/prims/jvm.cpp:1284
Event: 3.528 Thread 0x00007f3fc400a800 Implicit null exception at 0x00007f3fc1102849 to 0x00007f3fc1102889
Event: 3.538 Thread 0x00007f3fc400a800 Implicit null exception at 0x00007f3fc10fcf40 to 0x00007f3fc10fcf75
Event: 3.553 Thread 0x00007f3fc400a800 Implicit null exception at 0x00007f3fc11537c0 to 0x00007f3fc11542e1
Event: 3.627 Thread 0x00007f3fc400a800 Threw 0x00000000eb50ff58 at /build/buildd/openjdk-7-7u75-2.5.4/build/openjdk/hotspot/src/share/vm/prims/jvm.cpp:1284
Event: 3.656 Thread 0x00007f3fc400a800 Threw 0x00000000eb572100 at /build/buildd/openjdk-7-7u75-2.5.4/build/openjdk/hotspot/src/share/vm/prims/jvm.cpp:1284
Event: 4.384 Thread 0x00007f3fc400a800 Threw 0x00000000ebe3f910 at /build/buildd/openjdk-7-7u75-2.5.4/build/openjdk/hotspot/src/share/vm/prims/jvm.cpp:1284

Events (10 events):
Event: 5.529 Executing VM operation: RevokeBias done
Event: 5.529 Executing VM operation: RevokeBias
Event: 5.529 Executing VM operation: RevokeBias done
Event: 5.529 Executing VM operation: RevokeBias
Event: 5.529 Executing VM operation: RevokeBias done
Event: 5.529 Executing VM operation: RevokeBias
Event: 5.529 Executing VM operation: RevokeBias done
Event: 5.529 Executing VM operation: RevokeBias
Event: 5.529 Executing VM operation: RevokeBias done
Event: 5.537 Executing VM operation: ParallelGCFailedAllocation


Dynamic libraries:
00400000-00401000 r-xp 00000000 fc:01 266635                             /usr/lib/jvm/java-7-openjdk-amd64/jre/bin/java
00600000-00601000 r--p 00000000 fc:01 266635                             /usr/lib/jvm/java-7-openjdk-amd64/jre/bin/java
00601000-00602000 rw-p 00001000 fc:01 266635                             /usr/lib/jvm/java-7-openjdk-amd64/jre/bin/java
012fa000-0131b000 rw-p 00000000 00:00 0                                  [heap]
b5a00000-b6f00000 rw-p 00000000 00:00 0 
b6f00000-c0000000 rw-p 00000000 00:00 0 
c0000000-c4300000 rw-p 00000000 00:00 0 
c4300000-eaa80000 rw-p 00000000 00:00 0 
eaa80000-f0d00000 rw-p 00000000 00:00 0 
f3480000-100000000 rw-p 00000000 00:00 0 
7f3f88000000-7f3f88021000 rw-p 00000000 00:00 0 
7f3f88021000-7f3f8c000000 ---p 00000000 00:00 0 
7f3f8f270000-7f3f8f2ad000 r-xp 00000000 fc:01 4460585                    /lib/x86_64-linux-gnu/libpcre.so.3.13.1
7f3f8f2ad000-7f3f8f4ac000 ---p 0003d000 fc:01 4460585                    /lib/x86_64-linux-gnu/libpcre.so.3.13.1
7f3f8f4ac000-7f3f8f4ad000 r--p 0003c000 fc:01 4460585                    /lib/x86_64-linux-gnu/libpcre.so.3.13.1
7f3f8f4ad000-7f3f8f4ae000 rw-p 0003d000 fc:01 4460585                    /lib/x86_64-linux-gnu/libpcre.so.3.13.1
7f3f8f4ae000-7f3f8f4b5000 r-xp 00000000 fc:01 7086350                    /usr/lib/x86_64-linux-gnu/libffi.so.6.0.1
7f3f8f4b5000-7f3f8f6b4000 ---p 00007000 fc:01 7086350                    /usr/lib/x86_64-linux-gnu/libffi.so.6.0.1
7f3f8f6b4000-7f3f8f6b5000 r--p 00006000 fc:01 7086350                    /usr/lib/x86_64-linux-gnu/libffi.so.6.0.1
7f3f8f6b5000-7f3f8f6b6000 rw-p 00007000 fc:01 7086350                    /usr/lib/x86_64-linux-gnu/libffi.so.6.0.1
7f3f8f6b6000-7f3f8f6cd000 r-xp 00000000 fc:01 4460459                    /lib/x86_64-linux-gnu/libresolv-2.19.so
7f3f8f6cd000-7f3f8f8cd000 ---p 00017000 fc:01 4460459                    /lib/x86_64-linux-gnu/libresolv-2.19.so
7f3f8f8cd000-7f3f8f8ce000 r--p 00017000 fc:01 4460459                    /lib/x86_64-linux-gnu/libresolv-2.19.so
7f3f8f8ce000-7f3f8f8cf000 rw-p 00018000 fc:01 4460459                    /lib/x86_64-linux-gnu/libresolv-2.19.so
7f3f8f8cf000-7f3f8f8d1000 rw-p 00000000 00:00 0 
7f3f8f8d1000-7f3f8f8f1000 r-xp 00000000 fc:01 4460612                    /lib/x86_64-linux-gnu/libselinux.so.1
7f3f8f8f1000-7f3f8faf0000 ---p 00020000 fc:01 4460612                    /lib/x86_64-linux-gnu/libselinux.so.1
7f3f8faf0000-7f3f8faf1000 r--p 0001f000 fc:01 4460612                    /lib/x86_64-linux-gnu/libselinux.so.1
7f3f8faf1000-7f3f8faf2000 rw-p 00020000 fc:01 4460612                    /lib/x86_64-linux-gnu/libselinux.so.1
7f3f8faf2000-7f3f8faf4000 rw-p 00000000 00:00 0 
7f3f8faf4000-7f3f8faf7000 r-xp 00000000 fc:01 7078252                    /usr/lib/x86_64-linux-gnu/libgmodule-2.0.so.0.4002.0
7f3f8faf7000-7f3f8fcf6000 ---p 00003000 fc:01 7078252                    /usr/lib/x86_64-linux-gnu/libgmodule-2.0.so.0.4002.0
7f3f8fcf6000-7f3f8fcf7000 r--p 00002000 fc:01 7078252                    /usr/lib/x86_64-linux-gnu/libgmodule-2.0.so.0.4002.0
7f3f8fcf7000-7f3f8fcf8000 rw-p 00003000 fc:01 7078252                    /usr/lib/x86_64-linux-gnu/libgmodule-2.0.so.0.4002.0
7f3f8fcf8000-7f3f8fdfe000 r-xp 00000000 fc:01 4460417                    /lib/x86_64-linux-gnu/libglib-2.0.so.0.4002.0
7f3f8fdfe000-7f3f8fffd000 ---p 00106000 fc:01 4460417                    /lib/x86_64-linux-gnu/libglib-2.0.so.0.4002.0
7f3f8fffd000-7f3f8fffe000 r--p 00105000 fc:01 4460417                    /lib/x86_64-linux-gnu/libglib-2.0.so.0.4002.0
7f3f8fffe000-7f3f8ffff000 rw-p 00106000 fc:01 4460417                    /lib/x86_64-linux-gnu/libglib-2.0.so.0.4002.0
7f3f8ffff000-7f3f90000000 rw-p 00000000 00:00 0 
7f3f90000000-7f3f90d58000 rw-p 00000000 00:00 0 
7f3f90d58000-7f3f94000000 ---p 00000000 00:00 0 
7f3f94000000-7f3f94021000 rw-p 00000000 00:00 0 
7f3f94021000-7f3f98000000 ---p 00000000 00:00 0 
7f3f98000000-7f3f98021000 rw-p 00000000 00:00 0 
7f3f98021000-7f3f9c000000 ---p 00000000 00:00 0 
7f3f9c000000-7f3f9cd8d000 rw-p 00000000 00:00 0 
7f3f9cd8d000-7f3fa0000000 ---p 00000000 00:00 0 
7f3fa0000000-7f3fa0021000 rw-p 00000000 00:00 0 
7f3fa0021000-7f3fa4000000 ---p 00000000 00:00 0 
7f3fa4000000-7f3fa4021000 rw-p 00000000 00:00 0 
7f3fa4021000-7f3fa8000000 ---p 00000000 00:00 0 
7f3fa8000000-7f3fa8021000 rw-p 00000000 00:00 0 
7f3fa8021000-7f3fac000000 ---p 00000000 00:00 0 
7f3fac000000-7f3fac241000 rw-p 00000000 00:00 0 
7f3fac241000-7f3fb0000000 ---p 00000000 00:00 0 
7f3fb0000000-7f3fb0021000 rw-p 00000000 00:00 0 
7f3fb0021000-7f3fb4000000 ---p 00000000 00:00 0 
7f3fb4000000-7f3fb4021000 rw-p 00000000 00:00 0 
7f3fb4021000-7f3fb8000000 ---p 00000000 00:00 0 
7f3fb81f8000-7f3fb8247000 r-xp 00000000 fc:01 7078270                    /usr/lib/x86_64-linux-gnu/libgobject-2.0.so.0.4002.0
7f3fb8247000-7f3fb8447000 ---p 0004f000 fc:01 7078270                    /usr/lib/x86_64-linux-gnu/libgobject-2.0.so.0.4002.0
7f3fb8447000-7f3fb8448000 r--p 0004f000 fc:01 7078270                    /usr/lib/x86_64-linux-gnu/libgobject-2.0.so.0.4002.0
7f3fb8448000-7f3fb8449000 rw-p 00050000 fc:01 7078270                    /usr/lib/x86_64-linux-gnu/libgobject-2.0.so.0.4002.0
7f3fb8449000-7f3fb85b5000 r-xp 00000000 fc:01 7078274                    /usr/lib/x86_64-linux-gnu/libgio-2.0.so.0.4002.0
7f3fb85b5000-7f3fb87b4000 ---p 0016c000 fc:01 7078274                    /usr/lib/x86_64-linux-gnu/libgio-2.0.so.0.4002.0
7f3fb87b4000-7f3fb87b8000 r--p 0016b000 fc:01 7078274                    /usr/lib/x86_64-linux-gnu/libgio-2.0.so.0.4002.0
7f3fb87b8000-7f3fb87ba000 rw-p 0016f000 fc:01 7078274                    /usr/lib/x86_64-linux-gnu/libgio-2.0.so.0.4002.0
7f3fb87ba000-7f3fb87bc000 rw-p 00000000 00:00 0 
7f3fb87bc000-7f3fb87d3000 r-xp 00000000 fc:01 266605                     /usr/lib/jvm/java-7-openjdk-amd64/jre/lib/amd64/libnet.so
7f3fb87d3000-7f3fb89d2000 ---p 00017000 fc:01 266605                     /usr/lib/jvm/java-7-openjdk-amd64/jre/lib/amd64/libnet.so
7f3fb89d2000-7f3fb89d3000 r--p 00016000 fc:01 266605                     /usr/lib/jvm/java-7-openjdk-amd64/jre/lib/amd64/libnet.so
7f3fb89d3000-7f3fb89d4000 rw-p 00017000 fc:01 266605                     /usr/lib/jvm/java-7-openjdk-amd64/jre/lib/amd64/libnet.so
7f3fb89d4000-7f3fb89e4000 r-xp 00000000 fc:01 266601                     /usr/lib/jvm/java-7-openjdk-amd64/jre/lib/amd64/libnio.so
7f3fb89e4000-7f3fb8be4000 ---p 00010000 fc:01 266601                     /usr/lib/jvm/java-7-openjdk-amd64/jre/lib/amd64/libnio.so
7f3fb8be4000-7f3fb8be5000 r--p 00010000 fc:01 266601                     /usr/lib/jvm/java-7-openjdk-amd64/jre/lib/amd64/libnio.so
7f3fb8be5000-7f3fb8be6000 rw-p 00011000 fc:01 266601                     /usr/lib/jvm/java-7-openjdk-amd64/jre/lib/amd64/libnio.so
7f3fb8be6000-7f3fb8be7000 ---p 00000000 00:00 0 
7f3fb8be7000-7f3fb8ce7000 rw-p 00000000 00:00 0                          [stack:32075]
7f3fb8ce7000-7f3fb8cea000 ---p 00000000 00:00 0 
7f3fb8cea000-7f3fb8de8000 rw-p 00000000 00:00 0                          [stack:32074]
7f3fb8de8000-7f3fb8deb000 ---p 00000000 00:00 0 
7f3fb8deb000-7f3fb8ee9000 rw-p 00000000 00:00 0                          [stack:32073]
7f3fb8ee9000-7f3fb8eec000 ---p 00000000 00:00 0 
7f3fb8eec000-7f3fb8fea000 rw-p 00000000 00:00 0                          [stack:32072]
7f3fb8fea000-7f3fb8fed000 ---p 00000000 00:00 0 
7f3fb8fed000-7f3fb90eb000 rw-p 00000000 00:00 0                          [stack:32071]
7f3fb90eb000-7f3fb97cd000 r--p 00000000 fc:01 7085043                    /usr/lib/locale/locale-archive
7f3fb97cd000-7f3fb97d0000 ---p 00000000 00:00 0 
7f3fb97d0000-7f3fb98ce000 rw-p 00000000 00:00 0                          [stack:32070]
7f3fb98ce000-7f3fb98d1000 ---p 00000000 00:00 0 
7f3fb98d1000-7f3fb99cf000 rw-p 00000000 00:00 0                          [stack:32069]
7f3fb99cf000-7f3fb99d0000 ---p 00000000 00:00 0 
7f3fb99d0000-7f3fbc000000 rw-p 00000000 00:00 0                          [stack:32068]
7f3fbc000000-7f3fbc021000 rw-p 00000000 00:00 0 
7f3fbc021000-7f3fc0000000 ---p 00000000 00:00 0 
7f3fc006a000-7f3fc009b000 rw-p 00000000 00:00 0 
7f3fc009b000-7f3fc00f1000 r--s 00303000 00:18 2890229                    /home/aahung/intoheart/IntoHeart/app/build/intermediates/exploded-aar/com.google.android.gms/play-services/6.5.87/classes.jar
7f3fc00f1000-7f3fc1000000 rw-p 00000000 00:00 0 
7f3fc1000000-7f3fc1270000 rwxp 00000000 00:00 0 
7f3fc1270000-7f3fc4239000 rw-p 00000000 00:00 0 
7f3fc4239000-7f3fc8000000 ---p 00000000 00:00 0 
7f3fc8022000-7f3fc8031000 r--s 000dd000 00:18 1576134                    /home/aahung/Android/Sdk/build-tools/21.1.2/lib/dx.jar
7f3fc8031000-7f3fc811f000 rw-p 00000000 00:00 0 
7f3fc811f000-7f3fc82d1000 r--s 01d23000 fc:01 266569                     /usr/lib/jvm/java-7-openjdk-amd64/jre/lib/rt.jar
7f3fc82d1000-7f3fc861d000 rw-p 00000000 00:00 0 
7f3fc861d000-7f3fc861e000 ---p 00000000 00:00 0 
7f3fc861e000-7f3fc871e000 rw-p 00000000 00:00 0                          [stack:32067]
7f3fc871e000-7f3fc871f000 ---p 00000000 00:00 0 
7f3fc871f000-7f3fc881f000 rw-p 00000000 00:00 0                          [stack:32066]
7f3fc881f000-7f3fc8820000 ---p 00000000 00:00 0 
7f3fc8820000-7f3fc8920000 rw-p 00000000 00:00 0                          [stack:32065]
7f3fc8920000-7f3fc8921000 ---p 00000000 00:00 0 
7f3fc8921000-7f3fc8a2c000 rw-p 00000000 00:00 0                          [stack:32064]
7f3fc8a2c000-7f3fc8a74000 rw-p 00000000 00:00 0 
7f3fc8a74000-7f3fc8a96000 rw-p 00000000 00:00 0 
7f3fc8a96000-7f3fc8bca000 rw-p 00000000 00:00 0 
7f3fc8bca000-7f3fc8bd5000 rw-p 00000000 00:00 0 
7f3fc8bd5000-7f3fc8c1d000 rw-p 00000000 00:00 0 
7f3fc8c1d000-7f3fc8c3f000 rw-p 00000000 00:00 0 
7f3fc8c3f000-7f3fc8d72000 rw-p 00000000 00:00 0 
7f3fc8d72000-7f3fc8da4000 rw-p 00000000 00:00 0 
7f3fc8da4000-7f3fc8e1d000 rw-p 00000000 00:00 0 
7f3fc8e1d000-7f3fc8e1e000 rw-p 00000000 00:00 0 
7f3fc8e1e000-7f3fc8e26000 r-xp 00000000 fc:01 266631                     /usr/lib/jvm/java-7-openjdk-amd64/jre/lib/amd64/libzip.so
7f3fc8e26000-7f3fc9025000 ---p 00008000 fc:01 266631                     /usr/lib/jvm/java-7-openjdk-amd64/jre/lib/amd64/libzip.so
7f3fc9025000-7f3fc9026000 r--p 00007000 fc:01 266631                     /usr/lib/jvm/java-7-openjdk-amd64/jre/lib/amd64/libzip.so
7f3fc9026000-7f3fc9027000 rw-p 00008000 fc:01 266631                     /usr/lib/jvm/java-7-openjdk-amd64/jre/lib/amd64/libzip.so
7f3fc9027000-7f3fc9032000 r-xp 00000000 fc:01 4463634                    /lib/x86_64-linux-gnu/libnss_files-2.19.so
7f3fc9032000-7f3fc9231000 ---p 0000b000 fc:01 4463634                    /lib/x86_64-linux-gnu/libnss_files-2.19.so
7f3fc9231000-7f3fc9232000 r--p 0000a000 fc:01 4463634                    /lib/x86_64-linux-gnu/libnss_files-2.19.so
7f3fc9232000-7f3fc9233000 rw-p 0000b000 fc:01 4463634                    /lib/x86_64-linux-gnu/libnss_files-2.19.so
7f3fc9233000-7f3fc923e000 r-xp 00000000 fc:01 4463654                    /lib/x86_64-linux-gnu/libnss_nis-2.19.so
7f3fc923e000-7f3fc943d000 ---p 0000b000 fc:01 4463654                    /lib/x86_64-linux-gnu/libnss_nis-2.19.so
7f3fc943d000-7f3fc943e000 r--p 0000a000 fc:01 4463654                    /lib/x86_64-linux-gnu/libnss_nis-2.19.so
7f3fc943e000-7f3fc943f000 rw-p 0000b000 fc:01 4463654                    /lib/x86_64-linux-gnu/libnss_nis-2.19.so
7f3fc943f000-7f3fc9456000 r-xp 00000000 fc:01 4463643                    /lib/x86_64-linux-gnu/libnsl-2.19.so
7f3fc9456000-7f3fc9655000 ---p 00017000 fc:01 4463643                    /lib/x86_64-linux-gnu/libnsl-2.19.so
7f3fc9655000-7f3fc9656000 r--p 00016000 fc:01 4463643                    /lib/x86_64-linux-gnu/libnsl-2.19.so
7f3fc9656000-7f3fc9657000 rw-p 00017000 fc:01 4463643                    /lib/x86_64-linux-gnu/libnsl-2.19.so
7f3fc9657000-7f3fc9659000 rw-p 00000000 00:00 0 
7f3fc9659000-7f3fc9662000 r-xp 00000000 fc:01 4463642                    /lib/x86_64-linux-gnu/libnss_compat-2.19.so
7f3fc9662000-7f3fc9861000 ---p 00009000 fc:01 4463642                    /lib/x86_64-linux-gnu/libnss_compat-2.19.so
7f3fc9861000-7f3fc9862000 r--p 00008000 fc:01 4463642                    /lib/x86_64-linux-gnu/libnss_compat-2.19.so
7f3fc9862000-7f3fc9863000 rw-p 00009000 fc:01 4463642                    /lib/x86_64-linux-gnu/libnss_compat-2.19.so
7f3fc9863000-7f3fc988e000 r-xp 00000000 fc:01 266615                     /usr/lib/jvm/java-7-openjdk-amd64/jre/lib/amd64/libjava.so
7f3fc988e000-7f3fc9a8e000 ---p 0002b000 fc:01 266615                     /usr/lib/jvm/java-7-openjdk-amd64/jre/lib/amd64/libjava.so
7f3fc9a8e000-7f3fc9a8f000 r--p 0002b000 fc:01 266615                     /usr/lib/jvm/java-7-openjdk-amd64/jre/lib/amd64/libjava.so
7f3fc9a8f000-7f3fc9a91000 rw-p 0002c000 fc:01 266615                     /usr/lib/jvm/java-7-openjdk-amd64/jre/lib/amd64/libjava.so
7f3fc9a91000-7f3fc9aa1000 r-xp 00000000 fc:01 266614                     /usr/lib/jvm/java-7-openjdk-amd64/jre/lib/amd64/libverify.so
7f3fc9aa1000-7f3fc9ca0000 ---p 00010000 fc:01 266614                     /usr/lib/jvm/java-7-openjdk-amd64/jre/lib/amd64/libverify.so
7f3fc9ca0000-7f3fc9ca2000 r--p 0000f000 fc:01 266614                     /usr/lib/jvm/java-7-openjdk-amd64/jre/lib/amd64/libverify.so
7f3fc9ca2000-7f3fc9ca3000 rw-p 00011000 fc:01 266614                     /usr/lib/jvm/java-7-openjdk-amd64/jre/lib/amd64/libverify.so
7f3fc9ca3000-7f3fc9caa000 r-xp 00000000 fc:01 4463651                    /lib/x86_64-linux-gnu/librt-2.19.so
7f3fc9caa000-7f3fc9ea9000 ---p 00007000 fc:01 4463651                    /lib/x86_64-linux-gnu/librt-2.19.so
7f3fc9ea9000-7f3fc9eaa000 r--p 00006000 fc:01 4463651                    /lib/x86_64-linux-gnu/librt-2.19.so
7f3fc9eaa000-7f3fc9eab000 rw-p 00007000 fc:01 4463651                    /lib/x86_64-linux-gnu/librt-2.19.so
7f3fc9eab000-7f3fc9ec1000 r-xp 00000000 fc:01 4456463                    /lib/x86_64-linux-gnu/libgcc_s.so.1
7f3fc9ec1000-7f3fca0c0000 ---p 00016000 fc:01 4456463                    /lib/x86_64-linux-gnu/libgcc_s.so.1
7f3fca0c0000-7f3fca0c1000 rw-p 00015000 fc:01 4456463                    /lib/x86_64-linux-gnu/libgcc_s.so.1
7f3fca0c1000-7f3fca1c6000 r-xp 00000000 fc:01 4463033                    /lib/x86_64-linux-gnu/libm-2.19.so
7f3fca1c6000-7f3fca3c5000 ---p 00105000 fc:01 4463033                    /lib/x86_64-linux-gnu/libm-2.19.so
7f3fca3c5000-7f3fca3c6000 r--p 00104000 fc:01 4463033                    /lib/x86_64-linux-gnu/libm-2.19.so
7f3fca3c6000-7f3fca3c7000 rw-p 00105000 fc:01 4463033                    /lib/x86_64-linux-gnu/libm-2.19.so
7f3fca3c7000-7f3fca4ad000 r-xp 00000000 fc:01 7086978                    /usr/lib/x86_64-linux-gnu/libstdc++.so.6.0.19
7f3fca4ad000-7f3fca6ac000 ---p 000e6000 fc:01 7086978                    /usr/lib/x86_64-linux-gnu/libstdc++.so.6.0.19
7f3fca6ac000-7f3fca6b4000 r--p 000e5000 fc:01 7086978                    /usr/lib/x86_64-linux-gnu/libstdc++.so.6.0.19
7f3fca6b4000-7f3fca6b6000 rw-p 000ed000 fc:01 7086978                    /usr/lib/x86_64-linux-gnu/libstdc++.so.6.0.19
7f3fca6b6000-7f3fca6cb000 rw-p 00000000 00:00 0 
7f3fca6cb000-7f3fcb1e3000 r-xp 00000000 fc:01 266620                     /usr/lib/jvm/java-7-openjdk-amd64/jre/lib/amd64/server/libjvm.so
7f3fcb1e3000-7f3fcb3e3000 ---p 00b18000 fc:01 266620                     /usr/lib/jvm/java-7-openjdk-amd64/jre/lib/amd64/server/libjvm.so
7f3fcb3e3000-7f3fcb47d000 r--p 00b18000 fc:01 266620                     /usr/lib/jvm/java-7-openjdk-amd64/jre/lib/amd64/server/libjvm.so
7f3fcb47d000-7f3fcb4a0000 rw-p 00bb2000 fc:01 266620                     /usr/lib/jvm/java-7-openjdk-amd64/jre/lib/amd64/server/libjvm.so
7f3fcb4a0000-7f3fcb4ce000 rw-p 00000000 00:00 0 
7f3fcb4ce000-7f3fcb4e6000 r-xp 00000000 fc:01 4460645                    /lib/x86_64-linux-gnu/libz.so.1.2.8
7f3fcb4e6000-7f3fcb6e5000 ---p 00018000 fc:01 4460645                    /lib/x86_64-linux-gnu/libz.so.1.2.8
7f3fcb6e5000-7f3fcb6e6000 r--p 00017000 fc:01 4460645                    /lib/x86_64-linux-gnu/libz.so.1.2.8
7f3fcb6e6000-7f3fcb6e7000 rw-p 00018000 fc:01 4460645                    /lib/x86_64-linux-gnu/libz.so.1.2.8
7f3fcb6e7000-7f3fcb700000 r-xp 00000000 fc:01 4463649                    /lib/x86_64-linux-gnu/libpthread-2.19.so
7f3fcb700000-7f3fcb8ff000 ---p 00019000 fc:01 4463649                    /lib/x86_64-linux-gnu/libpthread-2.19.so
7f3fcb8ff000-7f3fcb900000 r--p 00018000 fc:01 4463649                    /lib/x86_64-linux-gnu/libpthread-2.19.so
7f3fcb900000-7f3fcb901000 rw-p 00019000 fc:01 4463649                    /lib/x86_64-linux-gnu/libpthread-2.19.so
7f3fcb901000-7f3fcb905000 rw-p 00000000 00:00 0 
7f3fcb905000-7f3fcb908000 r-xp 00000000 fc:01 4463637                    /lib/x86_64-linux-gnu/libdl-2.19.so
7f3fcb908000-7f3fcbb07000 ---p 00003000 fc:01 4463637                    /lib/x86_64-linux-gnu/libdl-2.19.so
7f3fcbb07000-7f3fcbb08000 r--p 00002000 fc:01 4463637                    /lib/x86_64-linux-gnu/libdl-2.19.so
7f3fcbb08000-7f3fcbb09000 rw-p 00003000 fc:01 4463637                    /lib/x86_64-linux-gnu/libdl-2.19.so
7f3fcbb09000-7f3fcbcc4000 r-xp 00000000 fc:01 4463648                    /lib/x86_64-linux-gnu/libc-2.19.so
7f3fcbcc4000-7f3fcbec3000 ---p 001bb000 fc:01 4463648                    /lib/x86_64-linux-gnu/libc-2.19.so
7f3fcbec3000-7f3fcbec7000 r--p 001ba000 fc:01 4463648                    /lib/x86_64-linux-gnu/libc-2.19.so
7f3fcbec7000-7f3fcbec9000 rw-p 001be000 fc:01 4463648                    /lib/x86_64-linux-gnu/libc-2.19.so
7f3fcbec9000-7f3fcbece000 rw-p 00000000 00:00 0 
7f3fcbece000-7f3fcbedb000 r-xp 00000000 fc:01 266597                     /usr/lib/jvm/java-7-openjdk-amd64/jre/lib/amd64/jli/libjli.so
7f3fcbedb000-7f3fcc0da000 ---p 0000d000 fc:01 266597                     /usr/lib/jvm/java-7-openjdk-amd64/jre/lib/amd64/jli/libjli.so
7f3fcc0da000-7f3fcc0db000 r--p 0000c000 fc:01 266597                     /usr/lib/jvm/java-7-openjdk-amd64/jre/lib/amd64/jli/libjli.so
7f3fcc0db000-7f3fcc0dc000 rw-p 0000d000 fc:01 266597                     /usr/lib/jvm/java-7-openjdk-amd64/jre/lib/amd64/jli/libjli.so
7f3fcc0dc000-7f3fcc0ff000 r-xp 00000000 fc:01 4463645                    /lib/x86_64-linux-gnu/ld-2.19.so
7f3fcc100000-7f3fcc104000 r--s 0003c000 fc:01 266574                     /usr/lib/jvm/java-7-openjdk-amd64/jre/lib/ext/sunpkcs11.jar
7f3fcc104000-7f3fcc126000 rw-p 00000000 00:00 0 
7f3fcc126000-7f3fcc1dc000 rw-p 00000000 00:00 0 
7f3fcc1dc000-7f3fcc1df000 ---p 00000000 00:00 0 
7f3fcc1df000-7f3fcc2e3000 rw-p 00000000 00:00 0                          [stack:32063]
7f3fcc2e3000-7f3fcc2e4000 r--s 00002000 fc:01 266577                     /usr/lib/jvm/java-7-openjdk-amd64/jre/lib/ext/dnsns.jar
7f3fcc2e4000-7f3fcc2e7000 r--s 00086000 fc:01 266578                     /usr/lib/jvm/java-7-openjdk-amd64/jre/lib/ext/localedata.jar
7f3fcc2e7000-7f3fcc2e9000 r--s 00012000 fc:01 266576                     /usr/lib/jvm/java-7-openjdk-amd64/jre/lib/ext/zipfs.jar
7f3fcc2e9000-7f3fcc2ed000 r--s 00034000 fc:01 266575                     /usr/lib/jvm/java-7-openjdk-amd64/jre/lib/ext/sunjce_provider.jar
7f3fcc2ed000-7f3fcc2f0000 r--s 0000f000 fc:01 266573                     /usr/lib/jvm/java-7-openjdk-amd64/jre/lib/ext/icedtea-sound.jar
7f3fcc2f0000-7f3fcc2f2000 r--s 00006000 fc:01 110                        /usr/share/java/java-atk-wrapper.jar
7f3fcc2f2000-7f3fcc2fa000 rw-s 00000000 fc:01 4194586                    /tmp/hsperfdata_aahung/32059
7f3fcc2fa000-7f3fcc2fb000 rw-p 00000000 00:00 0 
7f3fcc2fb000-7f3fcc2fc000 ---p 00000000 00:00 0 
7f3fcc2fc000-7f3fcc2fe000 rw-p 00000000 00:00 0 
7f3fcc2fe000-7f3fcc2ff000 r--p 00022000 fc:01 4463645                    /lib/x86_64-linux-gnu/ld-2.19.so
7f3fcc2ff000-7f3fcc300000 rw-p 00023000 fc:01 4463645                    /lib/x86_64-linux-gnu/ld-2.19.so
7f3fcc300000-7f3fcc301000 rw-p 00000000 00:00 0 
7fff683d3000-7fff683f4000 rw-p 00000000 00:00 0                          [stack]
7fff683f6000-7fff683f8000 r-xp 00000000 00:00 0                          [vdso]
ffffffffff600000-ffffffffff601000 r-xp 00000000 00:00 0                  [vsyscall]

VM Arguments:
jvm_args: -Xmx1024M -Dfile.encoding=UTF-8 -Duser.country=HK -Duser.language=en -Duser.variant 
java_command: com.android.dx.command.Main --dex --output /home/aahung/intoheart/IntoHeart/app/build/intermediates/pre-dexed/debug/classes-05458b2969fdfd97cc595136dcf3528fabfb9180.jar /home/aahung/intoheart/IntoHeart/app/build/intermediates/exploded-aar/com.google.android.gms/play-services/6.5.87/classes.jar
Launcher Type: SUN_STANDARD

Environment Variables:
CLASSPATH=/opt/android-studio/bin/../lib/bootstrap.jar:/opt/android-studio/bin/../lib/extensions.jar:/opt/android-studio/bin/../lib/util.jar:/opt/android-studio/bin/../lib/jdom.jar:/opt/android-studio/bin/../lib/log4j.jar:/opt/android-studio/bin/../lib/trove4j.jar:/opt/android-studio/bin/../lib/jna.jar:/usr/lib/jvm/java-8-oracle/lib/tools.jar
PATH=/usr/local/sbin:/usr/local/bin:/usr/sbin:/usr/bin:/sbin:/bin:/usr/games:/usr/local/games
LD_LIBRARY_PATH=/opt/android-studio/bin:
SHELL=/bin/bash
DISPLAY=:0

Signal Handlers:
SIGSEGV: [libjvm.so+0x94b4b0], sa_mask[0]=0x7ffbfeff, sa_flags=0x10000004
SIGBUS: [libjvm.so+0x94b4b0], sa_mask[0]=0x7ffbfeff, sa_flags=0x10000004
SIGFPE: [libjvm.so+0x7c3390], sa_mask[0]=0x7ffbfeff, sa_flags=0x10000004
SIGPIPE: [libjvm.so+0x7c3390], sa_mask[0]=0x7ffbfeff, sa_flags=0x10000004
SIGXFSZ: [libjvm.so+0x7c3390], sa_mask[0]=0x7ffbfeff, sa_flags=0x10000004
SIGILL: [libjvm.so+0x7c3390], sa_mask[0]=0x7ffbfeff, sa_flags=0x10000004
SIGUSR1: SIG_DFL, sa_mask[0]=0x00000000, sa_flags=0x00000000
SIGUSR2: [libjvm.so+0x7c3230], sa_mask[0]=0x00000004, sa_flags=0x10000004
SIGHUP: [libjvm.so+0x7c3410], sa_mask[0]=0x7ffbfeff, sa_flags=0x10000004
SIGINT: [libjvm.so+0x7c3410], sa_mask[0]=0x7ffbfeff, sa_flags=0x10000004
SIGTERM: [libjvm.so+0x7c3410], sa_mask[0]=0x7ffbfeff, sa_flags=0x10000004
SIGQUIT: [libjvm.so+0x7c3410], sa_mask[0]=0x7ffbfeff, sa_flags=0x10000004
SIGTRAP: SIG_DFL, sa_mask[0]=0x00000000, sa_flags=0x00000000


---------------  S Y S T E M  ---------------

OS:Ubuntu 14.04 (trusty)
uname:Linux 3.13.0-46-generic #77-Ubuntu SMP Mon Mar 2 18:23:39 UTC 2015 x86_64
libc:glibc 2.19 NPTL 2.19 
rlimit: STACK 8192k, CORE 0k, NPROC 31034, NOFILE 4096, AS infinity
load average:2.29 1.85 1.29

/proc/meminfo:
MemTotal:        4003900 kB
MemFree:          115320 kB
Buffers:             184 kB
Cached:            22200 kB
SwapCached:            0 kB
Active:          3535512 kB
Inactive:          16896 kB
Active(anon):    3532076 kB
Inactive(anon):    14364 kB
Active(file):       3436 kB
Inactive(file):     2532 kB
Unevictable:          48 kB
Mlocked:              48 kB
SwapTotal:             0 kB
SwapFree:              0 kB
Dirty:               272 kB
Writeback:             0 kB
AnonPages:       3530684 kB
Mapped:            18140 kB
Shmem:             15820 kB
Slab:              77988 kB
SReclaimable:      25940 kB
SUnreclaim:        52048 kB
KernelStack:        4624 kB
PageTables:        32724 kB
NFS_Unstable:          0 kB
Bounce:                0 kB
WritebackTmp:          0 kB
CommitLimit:     2001948 kB
Committed_AS:    6557668 kB
VmallocTotal:   34359738367 kB
VmallocUsed:      289072 kB
VmallocChunk:   34359436796 kB
HardwareCorrupted:     0 kB
AnonHugePages:   2367488 kB
HugePages_Total:       0
HugePages_Free:        0
HugePages_Rsvd:        0
HugePages_Surp:        0
Hugepagesize:       2048 kB
DirectMap4k:      113536 kB
DirectMap2M:     4036608 kB


CPU:total 4 (2 cores per cpu, 2 threads per core) family 6 model 42 stepping 7, cmov, cx8, fxsr, mmx, sse, sse2, sse3, ssse3, sse4.1, sse4.2, popcnt, avx, ht, tsc, tscinvbit

/proc/cpuinfo:
processor	: 0
vendor_id	: GenuineIntel
cpu family	: 6
model		: 42
model name	: Intel(R) Core(TM) i3-2350M CPU @ 2.30GHz
stepping	: 7
microcode	: 0x25
cpu MHz		: 2300.000
cache size	: 3072 KB
physical id	: 0
siblings	: 4
core id		: 0
cpu cores	: 2
apicid		: 0
initial apicid	: 0
fpu		: yes
fpu_exception	: yes
cpuid level	: 13
wp		: yes
flags		: fpu vme de pse tsc msr pae mce cx8 apic sep mtrr pge mca cmov pat pse36 clflush dts acpi mmx fxsr sse sse2 ss ht tm pbe syscall nx rdtscp lm constant_tsc arch_perfmon pebs bts rep_good nopl xtopology nonstop_tsc aperfmperf eagerfpu pni pclmulqdq dtes64 monitor ds_cpl vmx est tm2 ssse3 cx16 xtpr pdcm pcid sse4_1 sse4_2 x2apic popcnt tsc_deadline_timer xsave avx lahf_lm arat epb xsaveopt pln pts dtherm tpr_shadow vnmi flexpriority ept vpid
bogomips	: 4589.69
clflush size	: 64
cache_alignment	: 64
address sizes	: 36 bits physical, 48 bits virtual
power management:

processor	: 1
vendor_id	: GenuineIntel
cpu family	: 6
model		: 42
model name	: Intel(R) Core(TM) i3-2350M CPU @ 2.30GHz
stepping	: 7
microcode	: 0x25
cpu MHz		: 2300.000
cache size	: 3072 KB
physical id	: 0
siblings	: 4
core id		: 1
cpu cores	: 2
apicid		: 2
initial apicid	: 2
fpu		: yes
fpu_exception	: yes
cpuid level	: 13
wp		: yes
flags		: fpu vme de pse tsc msr pae mce cx8 apic sep mtrr pge mca cmov pat pse36 clflush dts acpi mmx fxsr sse sse2 ss ht tm pbe syscall nx rdtscp lm constant_tsc arch_perfmon pebs bts rep_good nopl xtopology nonstop_tsc aperfmperf eagerfpu pni pclmulqdq dtes64 monitor ds_cpl vmx est tm2 ssse3 cx16 xtpr pdcm pcid sse4_1 sse4_2 x2apic popcnt tsc_deadline_timer xsave avx lahf_lm arat epb xsaveopt pln pts dtherm tpr_shadow vnmi flexpriority ept vpid
bogomips	: 4589.69
clflush size	: 64
cache_alignment	: 64
address sizes	: 36 bits physical, 48 bits virtual
power management:

processor	: 2
vendor_id	: GenuineIntel
cpu family	: 6
model		: 42
model name	: Intel(R) Core(TM) i3-2350M CPU @ 2.30GHz
stepping	: 7
microcode	: 0x25
cpu MHz		: 800.000
cache size	: 3072 KB
physical id	: 0
siblings	: 4
core id		: 0
cpu cores	: 2
apicid		: 1
initial apicid	: 1
fpu		: yes
fpu_exception	: yes
cpuid level	: 13
wp		: yes
flags		: fpu vme de pse tsc msr pae mce cx8 apic sep mtrr pge mca cmov pat pse36 clflush dts acpi mmx fxsr sse sse2 ss ht tm pbe syscall nx rdtscp lm constant_tsc arch_perfmon pebs bts rep_good nopl xtopology nonstop_tsc aperfmperf eagerfpu pni pclmulqdq dtes64 monitor ds_cpl vmx est tm2 ssse3 cx16 xtpr pdcm pcid sse4_1 sse4_2 x2apic popcnt tsc_deadline_timer xsave avx lahf_lm arat epb xsaveopt pln pts dtherm tpr_shadow vnmi flexpriority ept vpid
bogomips	: 4589.69
clflush size	: 64
cache_alignment	: 64
address sizes	: 36 bits physical, 48 bits virtual
power management:

processor	: 3
vendor_id	: GenuineIntel
cpu family	: 6
model		: 42
model name	: Intel(R) Core(TM) i3-2350M CPU @ 2.30GHz
stepping	: 7
microcode	: 0x25
cpu MHz		: 2300.000
cache size	: 3072 KB
physical id	: 0
siblings	: 4
core id		: 1
cpu cores	: 2
apicid		: 3
initial apicid	: 3
fpu		: yes
fpu_exception	: yes
cpuid level	: 13
wp		: yes
flags		: fpu vme de pse tsc msr pae mce cx8 apic sep mtrr pge mca cmov pat pse36 clflush dts acpi mmx fxsr sse sse2 ss ht tm pbe syscall nx rdtscp lm constant_tsc arch_perfmon pebs bts rep_good nopl xtopology nonstop_tsc aperfmperf eagerfpu pni pclmulqdq dtes64 monitor ds_cpl vmx est tm2 ssse3 cx16 xtpr pdcm pcid sse4_1 sse4_2 x2apic popcnt tsc_deadline_timer xsave avx lahf_lm arat epb xsaveopt pln pts dtherm tpr_shadow vnmi flexpriority ept vpid
bogomips	: 4589.69
clflush size	: 64
cache_alignment	: 64
address sizes	: 36 bits physical, 48 bits virtual
power management:



Memory: 4k page, physical 4003900k(117272k free), swap 0k(0k free)

vm_info: OpenJDK 64-Bit Server VM (24.75-b04) for linux-amd64 JRE (1.7.0_75-b13), built on Jan 27 2015 00:38:59 by "buildd" with gcc 4.8.2

time: Tue Mar 10 01:49:51 2015
elapsed time: 6 seconds

