#
# There is insufficient memory for the Java Runtime Environment to continue.
# Native memory allocation (malloc) failed to allocate 54525952 bytes for committing reserved memory.
# Possible reasons:
#   The system is out of physical RAM or swap space
#   In 32 bit mode, the process size limit was hit
# Possible solutions:
#   Reduce memory load on the system
#   Increase physical memory or swap space
#   Check if swap backing store is full
#   Use 64 bit Java on a 64 bit OS
#   Decrease Java heap size (-Xmx/-Xms)
#   Decrease number of Java threads
#   Decrease Java thread stack sizes (-Xss)
#   Set larger code cache with -XX:ReservedCodeCacheSize=
# This output file may be truncated or incomplete.
#
#  Out of Memory Error (os_linux.cpp:2798), pid=16954, tid=139699321009920
#
# JRE version: OpenJDK Runtime Environment (7.0_75-b13) (build 1.7.0_75-b13)
# Java VM: OpenJDK 64-Bit Server VM (24.75-b04 mixed mode linux-amd64 compressed oops)
# Derivative: IcedTea 2.5.4
# Distribution: Ubuntu 14.04 LTS, package 7u75-2.5.4-1~trusty1
# Failed to write core dump. Core dumps have been disabled. To enable core dumping, try "ulimit -c unlimited" before starting Java again
#

---------------  T H R E A D  ---------------

Current thread (0x00007f0e44076000):  VMThread [stack: 0x00007f0e48577000,0x00007f0e48678000] [id=16965]

Stack: [0x00007f0e48577000,0x00007f0e48678000],  sp=0x00007f0e48676490,  free space=1021k
Native frames: (J=compiled Java code, j=interpreted, Vv=VM code, C=native code)
V  [libjvm.so+0x94a9d5]  VMError::report_and_die()+0x175
V  [libjvm.so+0x48b954]  report_vm_out_of_memory(char const*, int, unsigned long, char const*)+0x74
V  [libjvm.so+0x7c7b7b]  os::pd_commit_memory(char*, unsigned long, unsigned long, bool)+0xeb
V  [libjvm.so+0x7c263f]  os::commit_memory(char*, unsigned long, unsigned long, bool)+0x1f
V  [libjvm.so+0x834b1b]  PSVirtualSpace::expand_by(unsigned long)+0x5b
V  [libjvm.so+0x835970]  PSYoungGen::resize_generation(unsigned long, unsigned long)+0xb0
V  [libjvm.so+0x83605b]  PSYoungGen::resize(unsigned long, unsigned long)+0x1b
V  [libjvm.so+0x832340]  PSScavenge::invoke_no_policy()+0xde0
V  [libjvm.so+0x832b18]  PSScavenge::invoke()+0x38
V  [libjvm.so+0x7e9203]  ParallelScavengeHeap::failed_mem_allocate(unsigned long)+0x63
V  [libjvm.so+0x94c3d4]  VM_ParallelGCFailedAllocation::doit()+0x84
V  [libjvm.so+0x9508d7]  VM_Operation::evaluate()+0x47
V  [libjvm.so+0x94f248]  VMThread::evaluate_operation(VM_Operation*)+0x318
V  [libjvm.so+0x94f6a9]  VMThread::loop()+0x219
V  [libjvm.so+0x94faf2]  VMThread::run()+0x72
V  [libjvm.so+0x7c4a42]  java_start(Thread*)+0xf2

VM_Operation (0x00007f0e4d831210): ParallelGCFailedAllocation, mode: safepoint, requested by thread 0x00007f0e4400b000


---------------  P R O C E S S  ---------------

Java Threads: ( => current thread )
  0x00007f0e440af000 JavaThread "Service Thread" daemon [_thread_blocked, id=16971, stack(0x00007f0e4081d000,0x00007f0e4091e000)]
  0x00007f0e440ac800 JavaThread "C2 CompilerThread1" daemon [_thread_blocked, id=16970, stack(0x00007f0e48072000,0x00007f0e48173000)]
  0x00007f0e440a9800 JavaThread "C2 CompilerThread0" daemon [_thread_blocked, id=16969, stack(0x00007f0e48173000,0x00007f0e48274000)]
  0x00007f0e440a7800 JavaThread "Signal Dispatcher" daemon [_thread_blocked, id=16968, stack(0x00007f0e48274000,0x00007f0e48375000)]
  0x00007f0e4407c800 JavaThread "Finalizer" daemon [_thread_blocked, id=16967, stack(0x00007f0e48375000,0x00007f0e48476000)]
  0x00007f0e4407a800 JavaThread "Reference Handler" daemon [_thread_blocked, id=16966, stack(0x00007f0e48476000,0x00007f0e48577000)]
  0x00007f0e4400b000 JavaThread "main" [_thread_blocked, id=16960, stack(0x00007f0e4d732000,0x00007f0e4d833000)]

Other Threads:
=>0x00007f0e44076000 VMThread [stack: 0x00007f0e48577000,0x00007f0e48678000] [id=16965]
  0x00007f0e440b9800 WatcherThread [stack: 0x00007f0e4071c000,0x00007f0e4081d000] [id=16972]

VM state:at safepoint (normal execution)

VM Mutex/Monitor currently owned by a thread:  ([mutex/lock_event])
[0x00007f0e44007290] Threads_lock - owner thread: 0x00007f0e44076000
[0x00007f0e44007790] Heap_lock - owner thread: 0x00007f0e4400b000

Heap
 PSYoungGen      total 75776K, used 12199K [0x00000000eaa80000, 0x00000000f0400000, 0x0000000100000000)
  eden space 59904K, 0% used [0x00000000eaa80000,0x00000000eaa80000,0x00000000ee500000)
  from space 15872K, 76% used [0x00000000ee500000,0x00000000ef0e9e50,0x00000000ef480000)
  to   space 11776K, 0% used [0x00000000ef880000,0x00000000ef880000,0x00000000f0400000)
 ParOldGen       total 52736K, used 22054K [0x00000000c0000000, 0x00000000c3380000, 0x00000000eaa80000)
  object space 52736K, 41% used [0x00000000c0000000,0x00000000c15899f8,0x00000000c3380000)
 PSPermGen       total 21504K, used 7500K [0x00000000b5a00000, 0x00000000b6f00000, 0x00000000c0000000)
  object space 21504K, 34% used [0x00000000b5a00000,0x00000000b6153020,0x00000000b6f00000)

Card table byte_map: [0x00007f0e4a120000,0x00007f0e4a374000] byte_map_base: 0x00007f0e49b73000

Polling page: 0x00007f0e4d851000

Code Cache  [0x00007f0e41000000, 0x00007f0e41270000, 0x00007f0e44000000)
 total_blobs=934 nmethods=683 adapters=204 free_code_cache=47137Kb largest_free_block=48227776

Compilation events (10 events):
Event: 4.521 Thread 0x00007f0e440a9800 nmethod 691 0x00007f0e411fa110 code [0x00007f0e411fa260, 0x00007f0e411fa318]
Event: 4.521 Thread 0x00007f0e440a9800  692             java.lang.Integer::compareTo (12 bytes)
Event: 4.522 Thread 0x00007f0e440a9800 nmethod 692 0x00007f0e411fe6d0 code [0x00007f0e411fe800, 0x00007f0e411fe878]
Event: 4.522 Thread 0x00007f0e440a9800  693             java.lang.Integer::compare (20 bytes)
Event: 4.522 Thread 0x00007f0e440a9800 nmethod 693 0x00007f0e411f9f10 code [0x00007f0e411fa040, 0x00007f0e411fa098]
Event: 4.522 Thread 0x00007f0e440a9800  694             java.util.ComparableTimSort::mergeLo (652 bytes)
Event: 4.527 Thread 0x00007f0e440ac800 nmethod 670 0x00007f0e411fb910 code [0x00007f0e411fbb40, 0x00007f0e411fd528]
Event: 4.528 Thread 0x00007f0e440ac800  695             com.android.dx.merge.IndexMap::adjustAnnotationSet (18 bytes)
Event: 4.534 Thread 0x00007f0e440ac800 nmethod 695 0x00007f0e411ff910 code [0x00007f0e411ffa80, 0x00007f0e411ffd38]
Event: 4.534 Thread 0x00007f0e440ac800  696             com.android.dx.merge.DexMerger::transformAnnotationDirectory (239 bytes)

GC Heap History (10 events):
Event: 2.078 GC heap after
Heap after GC invocations=3 (full 0):
 PSYoungGen      total 18432K, used 2528K [0x00000000eaa80000, 0x00000000ece80000, 0x0000000100000000)
  eden space 15872K, 0% used [0x00000000eaa80000,0x00000000eaa80000,0x00000000eba00000)
  from space 2560K, 98% used [0x00000000eba00000,0x00000000ebc78010,0x00000000ebc80000)
  to   space 2560K, 0% used [0x00000000ecc00000,0x00000000ecc00000,0x00000000ece80000)
 ParOldGen       total 41472K, used 8465K [0x00000000c0000000, 0x00000000c2880000, 0x00000000eaa80000)
  object space 41472K, 20% used [0x00000000c0000000,0x00000000c0844558,0x00000000c2880000)
 PSPermGen       total 21504K, used 5766K [0x00000000b5a00000, 0x00000000b6f00000, 0x00000000c0000000)
  object space 21504K, 26% used [0x00000000b5a00000,0x00000000b5fa1970,0x00000000b6f00000)
}
Event: 2.735 GC heap before
{Heap before GC invocations=4 (full 0):
 PSYoungGen      total 18432K, used 18400K [0x00000000eaa80000, 0x00000000ece80000, 0x0000000100000000)
  eden space 15872K, 100% used [0x00000000eaa80000,0x00000000eba00000,0x00000000eba00000)
  from space 2560K, 98% used [0x00000000eba00000,0x00000000ebc78010,0x00000000ebc80000)
  to   space 2560K, 0% used [0x00000000ecc00000,0x00000000ecc00000,0x00000000ece80000)
 ParOldGen       total 41472K, used 8465K [0x00000000c0000000, 0x00000000c2880000, 0x00000000eaa80000)
  object space 41472K, 20% used [0x00000000c0000000,0x00000000c0844558,0x00000000c2880000)
 PSPermGen       total 21504K, used 6490K [0x00000000b5a00000, 0x00000000b6f00000, 0x00000000c0000000)
  object space 21504K, 30% used [0x00000000b5a00000,0x00000000b6056b30,0x00000000b6f00000)
Event: 2.746 GC heap after
Heap after GC invocations=4 (full 0):
 PSYoungGen      total 34304K, used 2545K [0x00000000eaa80000, 0x00000000ece80000, 0x0000000100000000)
  eden space 31744K, 0% used [0x00000000eaa80000,0x00000000eaa80000,0x00000000ec980000)
  from space 2560K, 99% used [0x00000000ecc00000,0x00000000ece7c780,0x00000000ece80000)
  to   space 2560K, 0% used [0x00000000ec980000,0x00000000ec980000,0x00000000ecc00000)
 ParOldGen       total 41472K, used 17465K [0x00000000c0000000, 0x00000000c2880000, 0x00000000eaa80000)
  object space 41472K, 42% used [0x00000000c0000000,0x00000000c110e400,0x00000000c2880000)
 PSPermGen       total 21504K, used 6490K [0x00000000b5a00000, 0x00000000b6f00000, 0x00000000c0000000)
  object space 21504K, 30% used [0x00000000b5a00000,0x00000000b6056b30,0x00000000b6f00000)
}
Event: 3.477 GC heap before
{Heap before GC invocations=5 (full 0):
 PSYoungGen      total 34304K, used 34289K [0x00000000eaa80000, 0x00000000ece80000, 0x0000000100000000)
  eden space 31744K, 100% used [0x00000000eaa80000,0x00000000ec980000,0x00000000ec980000)
  from space 2560K, 99% used [0x00000000ecc00000,0x00000000ece7c780,0x00000000ece80000)
  to   space 2560K, 0% used [0x00000000ec980000,0x00000000ec980000,0x00000000ecc00000)
 ParOldGen       total 41472K, used 17465K [0x00000000c0000000, 0x00000000c2880000, 0x00000000eaa80000)
  object space 41472K, 42% used [0x00000000c0000000,0x00000000c110e400,0x00000000c2880000)
 PSPermGen       total 21504K, used 7457K [0x00000000b5a00000, 0x00000000b6f00000, 0x00000000c0000000)
  object space 21504K, 34% used [0x00000000b5a00000,0x00000000b6148798,0x00000000b6f00000)
Event: 3.492 GC heap after
Heap after GC invocations=5 (full 0):
 PSYoungGen      total 34304K, used 2545K [0x00000000eaa80000, 0x00000000f0880000, 0x0000000100000000)
  eden space 31744K, 0% used [0x00000000eaa80000,0x00000000eaa80000,0x00000000ec980000)
  from space 2560K, 99% used [0x00000000ec980000,0x00000000ecbfc780,0x00000000ecc00000)
  to   space 16384K, 0% used [0x00000000ef880000,0x00000000ef880000,0x00000000f0880000)
 ParOldGen       total 41472K, used 30095K [0x00000000c0000000, 0x00000000c2880000, 0x00000000eaa80000)
  object space 41472K, 72% used [0x00000000c0000000,0x00000000c1d63e48,0x00000000c2880000)
 PSPermGen       total 21504K, used 7457K [0x00000000b5a00000, 0x00000000b6f00000, 0x00000000c0000000)
  object space 21504K, 34% used [0x00000000b5a00000,0x00000000b6148798,0x00000000b6f00000)
}
Event: 3.503 GC heap before
{Heap before GC invocations=6 (full 1):
 PSYoungGen      total 34304K, used 2545K [0x00000000eaa80000, 0x00000000f0880000, 0x0000000100000000)
  eden space 31744K, 0% used [0x00000000eaa80000,0x00000000eaa80000,0x00000000ec980000)
  from space 2560K, 99% used [0x00000000ec980000,0x00000000ecbfc780,0x00000000ecc00000)
  to   space 16384K, 0% used [0x00000000ef880000,0x00000000ef880000,0x00000000f0880000)
 ParOldGen       total 41472K, used 30095K [0x00000000c0000000, 0x00000000c2880000, 0x00000000eaa80000)
  object space 41472K, 72% used [0x00000000c0000000,0x00000000c1d63e48,0x00000000c2880000)
 PSPermGen       total 21504K, used 7457K [0x00000000b5a00000, 0x00000000b6f00000, 0x00000000c0000000)
  object space 21504K, 34% used [0x00000000b5a00000,0x00000000b6148798,0x00000000b6f00000)
Event: 3.570 GC heap after
Heap after GC invocations=6 (full 1):
 PSYoungGen      total 34304K, used 0K [0x00000000eaa80000, 0x00000000f0880000, 0x0000000100000000)
  eden space 31744K, 0% used [0x00000000eaa80000,0x00000000eaa80000,0x00000000ec980000)
  from space 2560K, 0% used [0x00000000ec980000,0x00000000ec980000,0x00000000ecc00000)
  to   space 16384K, 0% used [0x00000000ef880000,0x00000000ef880000,0x00000000f0880000)
 ParOldGen       total 52736K, used 14872K [0x00000000c0000000, 0x00000000c3380000, 0x00000000eaa80000)
  object space 52736K, 28% used [0x00000000c0000000,0x00000000c0e86130,0x00000000c3380000)
 PSPermGen       total 21504K, used 7455K [0x00000000b5a00000, 0x00000000b6f00000, 0x00000000c0000000)
  object space 21504K, 34% used [0x00000000b5a00000,0x00000000b6147c28,0x00000000b6f00000)
}
Event: 3.873 GC heap before
{Heap before GC invocations=7 (full 1):
 PSYoungGen      total 34304K, used 31744K [0x00000000eaa80000, 0x00000000f0880000, 0x0000000100000000)
  eden space 31744K, 100% used [0x00000000eaa80000,0x00000000ec980000,0x00000000ec980000)
  from space 2560K, 0% used [0x00000000ec980000,0x00000000ec980000,0x00000000ecc00000)
  to   space 16384K, 0% used [0x00000000ef880000,0x00000000ef880000,0x00000000f0880000)
 ParOldGen       total 52736K, used 14872K [0x00000000c0000000, 0x00000000c3380000, 0x00000000eaa80000)
  object space 52736K, 28% used [0x00000000c0000000,0x00000000c0e86130,0x00000000c3380000)
 PSPermGen       total 21504K, used 7491K [0x00000000b5a00000, 0x00000000b6f00000, 0x00000000c0000000)
  object space 21504K, 34% used [0x00000000b5a00000,0x00000000b6150ef0,0x00000000b6f00000)
Event: 4.246 GC heap after
Heap after GC invocations=7 (full 1):
 PSYoungGen      total 71680K, used 5458K [0x00000000eaa80000, 0x00000000f0400000, 0x0000000100000000)
  eden space 59904K, 0% used [0x00000000eaa80000,0x00000000eaa80000,0x00000000ee500000)
  from space 11776K, 46% used [0x00000000ef880000,0x00000000efdd4b38,0x00000000f0400000)
  to   space 15872K, 0% used [0x00000000ee500000,0x00000000ee500000,0x00000000ef480000)
 ParOldGen       total 52736K, used 14872K [0x00000000c0000000, 0x00000000c3380000, 0x00000000eaa80000)
  object space 52736K, 28% used [0x00000000c0000000,0x00000000c0e86130,0x00000000c3380000)
 PSPermGen       total 21504K, used 7491K [0x00000000b5a00000, 0x00000000b6f00000, 0x00000000c0000000)
  object space 21504K, 34% used [0x00000000b5a00000,0x00000000b6150ef0,0x00000000b6f00000)
}
Event: 4.569 GC heap before
{Heap before GC invocations=8 (full 1):
 PSYoungGen      total 71680K, used 65362K [0x00000000eaa80000, 0x00000000f0400000, 0x0000000100000000)
  eden space 59904K, 100% used [0x00000000eaa80000,0x00000000ee500000,0x00000000ee500000)
  from space 11776K, 46% used [0x00000000ef880000,0x00000000efdd4b38,0x00000000f0400000)
  to   space 15872K, 0% used [0x00000000ee500000,0x00000000ee500000,0x00000000ef480000)
 ParOldGen       total 52736K, used 14872K [0x00000000c0000000, 0x00000000c3380000, 0x00000000eaa80000)
  object space 52736K, 28% used [0x00000000c0000000,0x00000000c0e86130,0x00000000c3380000)
 PSPermGen       total 21504K, used 7500K [0x00000000b5a00000, 0x00000000b6f00000, 0x00000000c0000000)
  object space 21504K, 34% used [0x00000000b5a00000,0x00000000b6153020,0x00000000b6f00000)

Deoptimization events (10 events):
Event: 3.010 Thread 0x00007f0e4400b000 Uncommon trap: reason=class_check action=maybe_recompile pc=0x00007f0e410ebc3c method=java.util.HashMap.<init>(IF)V @ 115
Event: 3.010 Thread 0x00007f0e4400b000 Uncommon trap: reason=class_check action=maybe_recompile pc=0x00007f0e4108bca0 method=java.util.ArrayList.<init>(Ljava/util/Collection;)V @ 6
Event: 3.060 Thread 0x00007f0e4400b000 Uncommon trap: reason=predicate action=maybe_recompile pc=0x00007f0e411723d0 method=com.android.dex.Leb128.readUnsignedLeb128(Lcom/android/dex/util/ByteInput;)I @ 41
Event: 3.744 Thread 0x00007f0e4400b000 Uncommon trap: reason=predicate action=maybe_recompile pc=0x00007f0e411af0e0 method=java.util.ComparableTimSort.binarySort([Ljava/lang/Object;III)V @ 37
Event: 4.350 Thread 0x00007f0e4400b000 Uncommon trap: reason=predicate action=maybe_recompile pc=0x00007f0e411b5918 method=java.util.TimSort.binarySort([Ljava/lang/Object;IIILjava/util/Comparator;)V @ 37
Event: 4.439 Thread 0x00007f0e4400b000 Uncommon trap: reason=array_check action=maybe_recompile pc=0x00007f0e411b6c7c method=java.util.ComparableTimSort.binarySort([Ljava/lang/Object;III)V @ 193
Event: 4.531 Thread 0x00007f0e4400b000 Uncommon trap: reason=array_check action=maybe_recompile pc=0x00007f0e411f4b7c method=java.util.TimSort.binarySort([Ljava/lang/Object;IIILjava/util/Comparator;)V @ 193
Event: 4.531 Thread 0x00007f0e4400b000 Uncommon trap: reason=array_check action=maybe_recompile pc=0x00007f0e411f4c4c method=java.util.TimSort.binarySort([Ljava/lang/Object;IIILjava/util/Comparator;)V @ 183
Event: 4.531 Thread 0x00007f0e4400b000 Uncommon trap: reason=array_check action=maybe_recompile pc=0x00007f0e411f4b7c method=java.util.TimSort.binarySort([Ljava/lang/Object;IIILjava/util/Comparator;)V @ 193
Event: 4.531 Thread 0x00007f0e4400b000 Uncommon trap: reason=array_check action=maybe_recompile pc=0x00007f0e411f4c4c method=java.util.TimSort.binarySort([Ljava/lang/Object;IIILjava/util/Comparator;)V @ 183

Internal exceptions (10 events):
Event: 2.911 Thread 0x00007f0e4400b000 Threw 0x00000000eac7d438 at /build/buildd/openjdk-7-7u75-2.5.4/build/openjdk/hotspot/src/share/vm/prims/jvm.cpp:1284
Event: 2.913 Thread 0x00007f0e4400b000 Threw 0x00000000eacc4f28 at /build/buildd/openjdk-7-7u75-2.5.4/build/openjdk/hotspot/src/share/vm/prims/jvm.cpp:1284
Event: 2.914 Thread 0x00007f0e4400b000 Threw 0x00000000eacc7ad0 at /build/buildd/openjdk-7-7u75-2.5.4/build/openjdk/hotspot/src/share/vm/prims/jvm.cpp:1284
Event: 2.994 Thread 0x00007f0e4400b000 Threw 0x00000000ead84688 at /build/buildd/openjdk-7-7u75-2.5.4/build/openjdk/hotspot/src/share/vm/prims/jvm.cpp:1284
Event: 2.994 Thread 0x00007f0e4400b000 Threw 0x00000000ead847b0 at /build/buildd/openjdk-7-7u75-2.5.4/build/openjdk/hotspot/src/share/vm/prims/jvm.cpp:1284
Event: 2.994 Thread 0x00007f0e4400b000 Threw 0x00000000ead86e60 at /build/buildd/openjdk-7-7u75-2.5.4/build/openjdk/hotspot/src/share/vm/prims/jvm.cpp:1284
Event: 2.994 Thread 0x00007f0e4400b000 Threw 0x00000000ead86f88 at /build/buildd/openjdk-7-7u75-2.5.4/build/openjdk/hotspot/src/share/vm/prims/jvm.cpp:1284
Event: 2.994 Thread 0x00007f0e4400b000 Threw 0x00000000ead87988 at /build/buildd/openjdk-7-7u75-2.5.4/build/openjdk/hotspot/src/share/vm/prims/jvm.cpp:1284
Event: 2.994 Thread 0x00007f0e4400b000 Threw 0x00000000ead87ab0 at /build/buildd/openjdk-7-7u75-2.5.4/build/openjdk/hotspot/src/share/vm/prims/jvm.cpp:1284
Event: 3.404 Thread 0x00007f0e4400b000 Threw 0x00000000ec0b2818 at /build/buildd/openjdk-7-7u75-2.5.4/build/openjdk/hotspot/src/share/vm/prims/jvm.cpp:1284

Events (10 events):
Event: 4.531 Thread 0x00007f0e4400b000 Uncommon trap: trap_request=0xffffffd6 fr.pc=0x00007f0e411f4c4c
Event: 4.531 Thread 0x00007f0e4400b000 DEOPT PACKING pc=0x00007f0e411f4c4c sp=0x00007f0e4d8314c0
Event: 4.531 Thread 0x00007f0e4400b000 DEOPT UNPACKING pc=0x00007f0e41039445 sp=0x00007f0e4d831488 mode 2
Event: 4.531 Thread 0x00007f0e4400b000 Uncommon trap: trap_request=0xffffffd6 fr.pc=0x00007f0e411f4b7c
Event: 4.531 Thread 0x00007f0e4400b000 DEOPT PACKING pc=0x00007f0e411f4b7c sp=0x00007f0e4d8314c0
Event: 4.531 Thread 0x00007f0e4400b000 DEOPT UNPACKING pc=0x00007f0e41039445 sp=0x00007f0e4d831488 mode 2
Event: 4.531 Thread 0x00007f0e4400b000 Uncommon trap: trap_request=0xffffffd6 fr.pc=0x00007f0e411f4c4c
Event: 4.531 Thread 0x00007f0e4400b000 DEOPT PACKING pc=0x00007f0e411f4c4c sp=0x00007f0e4d8314c0
Event: 4.531 Thread 0x00007f0e4400b000 DEOPT UNPACKING pc=0x00007f0e41039445 sp=0x00007f0e4d831488 mode 2
Event: 4.569 Executing VM operation: ParallelGCFailedAllocation


Dynamic libraries:
00400000-00401000 r-xp 00000000 fc:01 266635                             /usr/lib/jvm/java-7-openjdk-amd64/jre/bin/java
00600000-00601000 r--p 00000000 fc:01 266635                             /usr/lib/jvm/java-7-openjdk-amd64/jre/bin/java
00601000-00602000 rw-p 00001000 fc:01 266635                             /usr/lib/jvm/java-7-openjdk-amd64/jre/bin/java
00630000-00651000 rw-p 00000000 00:00 0                                  [heap]
b5a00000-b6f00000 rw-p 00000000 00:00 0 
b6f00000-c0000000 rw-p 00000000 00:00 0 
c0000000-c3380000 rw-p 00000000 00:00 0 
c3380000-eaa80000 rw-p 00000000 00:00 0 
eaa80000-f0400000 rw-p 00000000 00:00 0 
f3800000-100000000 rw-p 00000000 00:00 0 
7f0e08000000-7f0e08021000 rw-p 00000000 00:00 0 
7f0e08021000-7f0e0c000000 ---p 00000000 00:00 0 
7f0e10000000-7f0e10b73000 rw-p 00000000 00:00 0 
7f0e10b73000-7f0e14000000 ---p 00000000 00:00 0 
7f0e14000000-7f0e14021000 rw-p 00000000 00:00 0 
7f0e14021000-7f0e18000000 ---p 00000000 00:00 0 
7f0e18000000-7f0e18021000 rw-p 00000000 00:00 0 
7f0e18021000-7f0e1c000000 ---p 00000000 00:00 0 
7f0e1c000000-7f0e1cce8000 rw-p 00000000 00:00 0 
7f0e1cce8000-7f0e20000000 ---p 00000000 00:00 0 
7f0e20000000-7f0e20021000 rw-p 00000000 00:00 0 
7f0e20021000-7f0e24000000 ---p 00000000 00:00 0 
7f0e24000000-7f0e24021000 rw-p 00000000 00:00 0 
7f0e24021000-7f0e28000000 ---p 00000000 00:00 0 
7f0e28000000-7f0e280e1000 rw-p 00000000 00:00 0 
7f0e280e1000-7f0e2c000000 ---p 00000000 00:00 0 
7f0e2c000000-7f0e2c021000 rw-p 00000000 00:00 0 
7f0e2c021000-7f0e30000000 ---p 00000000 00:00 0 
7f0e3086c000-7f0e309cd000 rw-p 00000000 00:00 0 
7f0e309cd000-7f0e30a0a000 r-xp 00000000 fc:01 4460585                    /lib/x86_64-linux-gnu/libpcre.so.3.13.1
7f0e30a0a000-7f0e30c09000 ---p 0003d000 fc:01 4460585                    /lib/x86_64-linux-gnu/libpcre.so.3.13.1
7f0e30c09000-7f0e30c0a000 r--p 0003c000 fc:01 4460585                    /lib/x86_64-linux-gnu/libpcre.so.3.13.1
7f0e30c0a000-7f0e30c0b000 rw-p 0003d000 fc:01 4460585                    /lib/x86_64-linux-gnu/libpcre.so.3.13.1
7f0e30c0b000-7f0e30c12000 r-xp 00000000 fc:01 7086350                    /usr/lib/x86_64-linux-gnu/libffi.so.6.0.1
7f0e30c12000-7f0e30e11000 ---p 00007000 fc:01 7086350                    /usr/lib/x86_64-linux-gnu/libffi.so.6.0.1
7f0e30e11000-7f0e30e12000 r--p 00006000 fc:01 7086350                    /usr/lib/x86_64-linux-gnu/libffi.so.6.0.1
7f0e30e12000-7f0e30e13000 rw-p 00007000 fc:01 7086350                    /usr/lib/x86_64-linux-gnu/libffi.so.6.0.1
7f0e30e13000-7f0e30e2a000 r-xp 00000000 fc:01 4460459                    /lib/x86_64-linux-gnu/libresolv-2.19.so
7f0e30e2a000-7f0e3102a000 ---p 00017000 fc:01 4460459                    /lib/x86_64-linux-gnu/libresolv-2.19.so
7f0e3102a000-7f0e3102b000 r--p 00017000 fc:01 4460459                    /lib/x86_64-linux-gnu/libresolv-2.19.so
7f0e3102b000-7f0e3102c000 rw-p 00018000 fc:01 4460459                    /lib/x86_64-linux-gnu/libresolv-2.19.so
7f0e3102c000-7f0e3102e000 rw-p 00000000 00:00 0 
7f0e3102e000-7f0e3104e000 r-xp 00000000 fc:01 4460612                    /lib/x86_64-linux-gnu/libselinux.so.1
7f0e3104e000-7f0e3124d000 ---p 00020000 fc:01 4460612                    /lib/x86_64-linux-gnu/libselinux.so.1
7f0e3124d000-7f0e3124e000 r--p 0001f000 fc:01 4460612                    /lib/x86_64-linux-gnu/libselinux.so.1
7f0e3124e000-7f0e3124f000 rw-p 00020000 fc:01 4460612                    /lib/x86_64-linux-gnu/libselinux.so.1
7f0e3124f000-7f0e31251000 rw-p 00000000 00:00 0 
7f0e31251000-7f0e31254000 r-xp 00000000 fc:01 7078252                    /usr/lib/x86_64-linux-gnu/libgmodule-2.0.so.0.4002.0
7f0e31254000-7f0e31453000 ---p 00003000 fc:01 7078252                    /usr/lib/x86_64-linux-gnu/libgmodule-2.0.so.0.4002.0
7f0e31453000-7f0e31454000 r--p 00002000 fc:01 7078252                    /usr/lib/x86_64-linux-gnu/libgmodule-2.0.so.0.4002.0
7f0e31454000-7f0e31455000 rw-p 00003000 fc:01 7078252                    /usr/lib/x86_64-linux-gnu/libgmodule-2.0.so.0.4002.0
7f0e31455000-7f0e3155b000 r-xp 00000000 fc:01 4460417                    /lib/x86_64-linux-gnu/libglib-2.0.so.0.4002.0
7f0e3155b000-7f0e3175a000 ---p 00106000 fc:01 4460417                    /lib/x86_64-linux-gnu/libglib-2.0.so.0.4002.0
7f0e3175a000-7f0e3175b000 r--p 00105000 fc:01 4460417                    /lib/x86_64-linux-gnu/libglib-2.0.so.0.4002.0
7f0e3175b000-7f0e3175c000 rw-p 00106000 fc:01 4460417                    /lib/x86_64-linux-gnu/libglib-2.0.so.0.4002.0
7f0e3175c000-7f0e3175d000 rw-p 00000000 00:00 0 
7f0e3175d000-7f0e318c9000 r-xp 00000000 fc:01 7078274                    /usr/lib/x86_64-linux-gnu/libgio-2.0.so.0.4002.0
7f0e318c9000-7f0e31ac8000 ---p 0016c000 fc:01 7078274                    /usr/lib/x86_64-linux-gnu/libgio-2.0.so.0.4002.0
7f0e31ac8000-7f0e31acc000 r--p 0016b000 fc:01 7078274                    /usr/lib/x86_64-linux-gnu/libgio-2.0.so.0.4002.0
7f0e31acc000-7f0e31ace000 rw-p 0016f000 fc:01 7078274                    /usr/lib/x86_64-linux-gnu/libgio-2.0.so.0.4002.0
7f0e31ace000-7f0e34000000 rw-p 00000000 00:00 0 
7f0e34000000-7f0e34021000 rw-p 00000000 00:00 0 
7f0e34021000-7f0e38000000 ---p 00000000 00:00 0 
7f0e38000000-7f0e38021000 rw-p 00000000 00:00 0 
7f0e38021000-7f0e3c000000 ---p 00000000 00:00 0 
7f0e3c000000-7f0e3c021000 rw-p 00000000 00:00 0 
7f0e3c021000-7f0e40000000 ---p 00000000 00:00 0 
7f0e400a1000-7f0e400f0000 r-xp 00000000 fc:01 7078270                    /usr/lib/x86_64-linux-gnu/libgobject-2.0.so.0.4002.0
7f0e400f0000-7f0e402f0000 ---p 0004f000 fc:01 7078270                    /usr/lib/x86_64-linux-gnu/libgobject-2.0.so.0.4002.0
7f0e402f0000-7f0e402f1000 r--p 0004f000 fc:01 7078270                    /usr/lib/x86_64-linux-gnu/libgobject-2.0.so.0.4002.0
7f0e402f1000-7f0e402f2000 rw-p 00050000 fc:01 7078270                    /usr/lib/x86_64-linux-gnu/libgobject-2.0.so.0.4002.0
7f0e402f2000-7f0e40309000 r-xp 00000000 fc:01 266605                     /usr/lib/jvm/java-7-openjdk-amd64/jre/lib/amd64/libnet.so
7f0e40309000-7f0e40508000 ---p 00017000 fc:01 266605                     /usr/lib/jvm/java-7-openjdk-amd64/jre/lib/amd64/libnet.so
7f0e40508000-7f0e40509000 r--p 00016000 fc:01 266605                     /usr/lib/jvm/java-7-openjdk-amd64/jre/lib/amd64/libnet.so
7f0e40509000-7f0e4050a000 rw-p 00017000 fc:01 266605                     /usr/lib/jvm/java-7-openjdk-amd64/jre/lib/amd64/libnet.so
7f0e4050a000-7f0e4051a000 r-xp 00000000 fc:01 266601                     /usr/lib/jvm/java-7-openjdk-amd64/jre/lib/amd64/libnio.so
7f0e4051a000-7f0e4071a000 ---p 00010000 fc:01 266601                     /usr/lib/jvm/java-7-openjdk-amd64/jre/lib/amd64/libnio.so
7f0e4071a000-7f0e4071b000 r--p 00010000 fc:01 266601                     /usr/lib/jvm/java-7-openjdk-amd64/jre/lib/amd64/libnio.so
7f0e4071b000-7f0e4071c000 rw-p 00011000 fc:01 266601                     /usr/lib/jvm/java-7-openjdk-amd64/jre/lib/amd64/libnio.so
7f0e4071c000-7f0e4071d000 ---p 00000000 00:00 0 
7f0e4071d000-7f0e4081d000 rw-p 00000000 00:00 0                          [stack:16972]
7f0e4081d000-7f0e40820000 ---p 00000000 00:00 0 
7f0e40820000-7f0e4091e000 rw-p 00000000 00:00 0                          [stack:16971]
7f0e4091e000-7f0e41000000 r--p 00000000 fc:01 7085043                    /usr/lib/locale/locale-archive
7f0e41000000-7f0e41270000 rwxp 00000000 00:00 0 
7f0e41270000-7f0e4430a000 rw-p 00000000 00:00 0 
7f0e4430a000-7f0e48000000 ---p 00000000 00:00 0 
7f0e4805f000-7f0e48063000 r--s 0004d000 fc:01 266588                     /usr/lib/jvm/java-7-openjdk-amd64/jre/lib/jsse.jar
7f0e48063000-7f0e48072000 r--s 000dd000 00:19 1576134                    /home/aahung/Android/Sdk/build-tools/21.1.2/lib/dx.jar
7f0e48072000-7f0e48075000 ---p 00000000 00:00 0 
7f0e48075000-7f0e48173000 rw-p 00000000 00:00 0                          [stack:16970]
7f0e48173000-7f0e48176000 ---p 00000000 00:00 0 
7f0e48176000-7f0e48274000 rw-p 00000000 00:00 0                          [stack:16969]
7f0e48274000-7f0e48277000 ---p 00000000 00:00 0 
7f0e48277000-7f0e48375000 rw-p 00000000 00:00 0                          [stack:16968]
7f0e48375000-7f0e48378000 ---p 00000000 00:00 0 
7f0e48378000-7f0e48476000 rw-p 00000000 00:00 0                          [stack:16967]
7f0e48476000-7f0e48479000 ---p 00000000 00:00 0 
7f0e48479000-7f0e48577000 rw-p 00000000 00:00 0                          [stack:16966]
7f0e48577000-7f0e48578000 ---p 00000000 00:00 0 
7f0e48578000-7f0e49675000 rw-p 00000000 00:00 0                          [stack:16965]
7f0e49675000-7f0e49827000 r--s 01d23000 fc:01 266569                     /usr/lib/jvm/java-7-openjdk-amd64/jre/lib/rt.jar
7f0e49827000-7f0e49b73000 rw-p 00000000 00:00 0 
7f0e49b73000-7f0e49b74000 ---p 00000000 00:00 0 
7f0e49b74000-7f0e49c74000 rw-p 00000000 00:00 0                          [stack:16964]
7f0e49c74000-7f0e49c75000 ---p 00000000 00:00 0 
7f0e49c75000-7f0e49d75000 rw-p 00000000 00:00 0                          [stack:16963]
7f0e49d75000-7f0e49d76000 ---p 00000000 00:00 0 
7f0e49d76000-7f0e49e76000 rw-p 00000000 00:00 0                          [stack:16962]
7f0e49e76000-7f0e49e77000 ---p 00000000 00:00 0 
7f0e49e77000-7f0e49f82000 rw-p 00000000 00:00 0                          [stack:16961]
7f0e49f82000-7f0e49fca000 rw-p 00000000 00:00 0 
7f0e49fca000-7f0e49fe4000 rw-p 00000000 00:00 0 
7f0e49fe4000-7f0e4a120000 rw-p 00000000 00:00 0 
7f0e4a120000-7f0e4a12b000 rw-p 00000000 00:00 0 
7f0e4a12b000-7f0e4a173000 rw-p 00000000 00:00 0 
7f0e4a173000-7f0e4a18d000 rw-p 00000000 00:00 0 
7f0e4a18d000-7f0e4a2c8000 rw-p 00000000 00:00 0 
7f0e4a2c8000-7f0e4a2f5000 rw-p 00000000 00:00 0 
7f0e4a2f5000-7f0e4a2f8000 ---p 00000000 00:00 0 
7f0e4a2f8000-7f0e4a373000 rw-p 00000000 00:00 0 
7f0e4a373000-7f0e4a374000 rw-p 00000000 00:00 0 
7f0e4a374000-7f0e4a37c000 r-xp 00000000 fc:01 266631                     /usr/lib/jvm/java-7-openjdk-amd64/jre/lib/amd64/libzip.so
7f0e4a37c000-7f0e4a57b000 ---p 00008000 fc:01 266631                     /usr/lib/jvm/java-7-openjdk-amd64/jre/lib/amd64/libzip.so
7f0e4a57b000-7f0e4a57c000 r--p 00007000 fc:01 266631                     /usr/lib/jvm/java-7-openjdk-amd64/jre/lib/amd64/libzip.so
7f0e4a57c000-7f0e4a57d000 rw-p 00008000 fc:01 266631                     /usr/lib/jvm/java-7-openjdk-amd64/jre/lib/amd64/libzip.so
7f0e4a57d000-7f0e4a588000 r-xp 00000000 fc:01 4463634                    /lib/x86_64-linux-gnu/libnss_files-2.19.so
7f0e4a588000-7f0e4a787000 ---p 0000b000 fc:01 4463634                    /lib/x86_64-linux-gnu/libnss_files-2.19.so
7f0e4a787000-7f0e4a788000 r--p 0000a000 fc:01 4463634                    /lib/x86_64-linux-gnu/libnss_files-2.19.so
7f0e4a788000-7f0e4a789000 rw-p 0000b000 fc:01 4463634                    /lib/x86_64-linux-gnu/libnss_files-2.19.so
7f0e4a789000-7f0e4a794000 r-xp 00000000 fc:01 4463654                    /lib/x86_64-linux-gnu/libnss_nis-2.19.so
7f0e4a794000-7f0e4a993000 ---p 0000b000 fc:01 4463654                    /lib/x86_64-linux-gnu/libnss_nis-2.19.so
7f0e4a993000-7f0e4a994000 r--p 0000a000 fc:01 4463654                    /lib/x86_64-linux-gnu/libnss_nis-2.19.so
7f0e4a994000-7f0e4a995000 rw-p 0000b000 fc:01 4463654                    /lib/x86_64-linux-gnu/libnss_nis-2.19.so
7f0e4a995000-7f0e4a9ac000 r-xp 00000000 fc:01 4463643                    /lib/x86_64-linux-gnu/libnsl-2.19.so
7f0e4a9ac000-7f0e4abab000 ---p 00017000 fc:01 4463643                    /lib/x86_64-linux-gnu/libnsl-2.19.so
7f0e4abab000-7f0e4abac000 r--p 00016000 fc:01 4463643                    /lib/x86_64-linux-gnu/libnsl-2.19.so
7f0e4abac000-7f0e4abad000 rw-p 00017000 fc:01 4463643                    /lib/x86_64-linux-gnu/libnsl-2.19.so
7f0e4abad000-7f0e4abaf000 rw-p 00000000 00:00 0 
7f0e4abaf000-7f0e4abb8000 r-xp 00000000 fc:01 4463642                    /lib/x86_64-linux-gnu/libnss_compat-2.19.so
7f0e4abb8000-7f0e4adb7000 ---p 00009000 fc:01 4463642                    /lib/x86_64-linux-gnu/libnss_compat-2.19.so
7f0e4adb7000-7f0e4adb8000 r--p 00008000 fc:01 4463642                    /lib/x86_64-linux-gnu/libnss_compat-2.19.so
7f0e4adb8000-7f0e4adb9000 rw-p 00009000 fc:01 4463642                    /lib/x86_64-linux-gnu/libnss_compat-2.19.so
7f0e4adb9000-7f0e4ade4000 r-xp 00000000 fc:01 266615                     /usr/lib/jvm/java-7-openjdk-amd64/jre/lib/amd64/libjava.so
7f0e4ade4000-7f0e4afe4000 ---p 0002b000 fc:01 266615                     /usr/lib/jvm/java-7-openjdk-amd64/jre/lib/amd64/libjava.so
7f0e4afe4000-7f0e4afe5000 r--p 0002b000 fc:01 266615                     /usr/lib/jvm/java-7-openjdk-amd64/jre/lib/amd64/libjava.so
7f0e4afe5000-7f0e4afe7000 rw-p 0002c000 fc:01 266615                     /usr/lib/jvm/java-7-openjdk-amd64/jre/lib/amd64/libjava.so
7f0e4afe7000-7f0e4aff7000 r-xp 00000000 fc:01 266614                     /usr/lib/jvm/java-7-openjdk-amd64/jre/lib/amd64/libverify.so
7f0e4aff7000-7f0e4b1f6000 ---p 00010000 fc:01 266614                     /usr/lib/jvm/java-7-openjdk-amd64/jre/lib/amd64/libverify.so
7f0e4b1f6000-7f0e4b1f8000 r--p 0000f000 fc:01 266614                     /usr/lib/jvm/java-7-openjdk-amd64/jre/lib/amd64/libverify.so
7f0e4b1f8000-7f0e4b1f9000 rw-p 00011000 fc:01 266614                     /usr/lib/jvm/java-7-openjdk-amd64/jre/lib/amd64/libverify.so
7f0e4b1f9000-7f0e4b200000 r-xp 00000000 fc:01 4463651                    /lib/x86_64-linux-gnu/librt-2.19.so
7f0e4b200000-7f0e4b3ff000 ---p 00007000 fc:01 4463651                    /lib/x86_64-linux-gnu/librt-2.19.so
7f0e4b3ff000-7f0e4b400000 r--p 00006000 fc:01 4463651                    /lib/x86_64-linux-gnu/librt-2.19.so
7f0e4b400000-7f0e4b401000 rw-p 00007000 fc:01 4463651                    /lib/x86_64-linux-gnu/librt-2.19.so
7f0e4b401000-7f0e4b417000 r-xp 00000000 fc:01 4456463                    /lib/x86_64-linux-gnu/libgcc_s.so.1
7f0e4b417000-7f0e4b616000 ---p 00016000 fc:01 4456463                    /lib/x86_64-linux-gnu/libgcc_s.so.1
7f0e4b616000-7f0e4b617000 rw-p 00015000 fc:01 4456463                    /lib/x86_64-linux-gnu/libgcc_s.so.1
7f0e4b617000-7f0e4b71c000 r-xp 00000000 fc:01 4463033                    /lib/x86_64-linux-gnu/libm-2.19.so
7f0e4b71c000-7f0e4b91b000 ---p 00105000 fc:01 4463033                    /lib/x86_64-linux-gnu/libm-2.19.so
7f0e4b91b000-7f0e4b91c000 r--p 00104000 fc:01 4463033                    /lib/x86_64-linux-gnu/libm-2.19.so
7f0e4b91c000-7f0e4b91d000 rw-p 00105000 fc:01 4463033                    /lib/x86_64-linux-gnu/libm-2.19.so
7f0e4b91d000-7f0e4ba03000 r-xp 00000000 fc:01 7086978                    /usr/lib/x86_64-linux-gnu/libstdc++.so.6.0.19
7f0e4ba03000-7f0e4bc02000 ---p 000e6000 fc:01 7086978                    /usr/lib/x86_64-linux-gnu/libstdc++.so.6.0.19
7f0e4bc02000-7f0e4bc0a000 r--p 000e5000 fc:01 7086978                    /usr/lib/x86_64-linux-gnu/libstdc++.so.6.0.19
7f0e4bc0a000-7f0e4bc0c000 rw-p 000ed000 fc:01 7086978                    /usr/lib/x86_64-linux-gnu/libstdc++.so.6.0.19
7f0e4bc0c000-7f0e4bc21000 rw-p 00000000 00:00 0 
7f0e4bc21000-7f0e4c739000 r-xp 00000000 fc:01 266620                     /usr/lib/jvm/java-7-openjdk-amd64/jre/lib/amd64/server/libjvm.so
7f0e4c739000-7f0e4c939000 ---p 00b18000 fc:01 266620                     /usr/lib/jvm/java-7-openjdk-amd64/jre/lib/amd64/server/libjvm.so
7f0e4c939000-7f0e4c9d3000 r--p 00b18000 fc:01 266620                     /usr/lib/jvm/java-7-openjdk-amd64/jre/lib/amd64/server/libjvm.so
7f0e4c9d3000-7f0e4c9f6000 rw-p 00bb2000 fc:01 266620                     /usr/lib/jvm/java-7-openjdk-amd64/jre/lib/amd64/server/libjvm.so
7f0e4c9f6000-7f0e4ca24000 rw-p 00000000 00:00 0 
7f0e4ca24000-7f0e4ca3c000 r-xp 00000000 fc:01 4460645                    /lib/x86_64-linux-gnu/libz.so.1.2.8
7f0e4ca3c000-7f0e4cc3b000 ---p 00018000 fc:01 4460645                    /lib/x86_64-linux-gnu/libz.so.1.2.8
7f0e4cc3b000-7f0e4cc3c000 r--p 00017000 fc:01 4460645                    /lib/x86_64-linux-gnu/libz.so.1.2.8
7f0e4cc3c000-7f0e4cc3d000 rw-p 00018000 fc:01 4460645                    /lib/x86_64-linux-gnu/libz.so.1.2.8
7f0e4cc3d000-7f0e4cc56000 r-xp 00000000 fc:01 4463649                    /lib/x86_64-linux-gnu/libpthread-2.19.so
7f0e4cc56000-7f0e4ce55000 ---p 00019000 fc:01 4463649                    /lib/x86_64-linux-gnu/libpthread-2.19.so
7f0e4ce55000-7f0e4ce56000 r--p 00018000 fc:01 4463649                    /lib/x86_64-linux-gnu/libpthread-2.19.so
7f0e4ce56000-7f0e4ce57000 rw-p 00019000 fc:01 4463649                    /lib/x86_64-linux-gnu/libpthread-2.19.so
7f0e4ce57000-7f0e4ce5b000 rw-p 00000000 00:00 0 
7f0e4ce5b000-7f0e4ce5e000 r-xp 00000000 fc:01 4463637                    /lib/x86_64-linux-gnu/libdl-2.19.so
7f0e4ce5e000-7f0e4d05d000 ---p 00003000 fc:01 4463637                    /lib/x86_64-linux-gnu/libdl-2.19.so
7f0e4d05d000-7f0e4d05e000 r--p 00002000 fc:01 4463637                    /lib/x86_64-linux-gnu/libdl-2.19.so
7f0e4d05e000-7f0e4d05f000 rw-p 00003000 fc:01 4463637                    /lib/x86_64-linux-gnu/libdl-2.19.so
7f0e4d05f000-7f0e4d21a000 r-xp 00000000 fc:01 4463648                    /lib/x86_64-linux-gnu/libc-2.19.so
7f0e4d21a000-7f0e4d419000 ---p 001bb000 fc:01 4463648                    /lib/x86_64-linux-gnu/libc-2.19.so
7f0e4d419000-7f0e4d41d000 r--p 001ba000 fc:01 4463648                    /lib/x86_64-linux-gnu/libc-2.19.so
7f0e4d41d000-7f0e4d41f000 rw-p 001be000 fc:01 4463648                    /lib/x86_64-linux-gnu/libc-2.19.so
7f0e4d41f000-7f0e4d424000 rw-p 00000000 00:00 0 
7f0e4d424000-7f0e4d431000 r-xp 00000000 fc:01 266597                     /usr/lib/jvm/java-7-openjdk-amd64/jre/lib/amd64/jli/libjli.so
7f0e4d431000-7f0e4d630000 ---p 0000d000 fc:01 266597                     /usr/lib/jvm/java-7-openjdk-amd64/jre/lib/amd64/jli/libjli.so
7f0e4d630000-7f0e4d631000 r--p 0000c000 fc:01 266597                     /usr/lib/jvm/java-7-openjdk-amd64/jre/lib/amd64/jli/libjli.so
7f0e4d631000-7f0e4d632000 rw-p 0000d000 fc:01 266597                     /usr/lib/jvm/java-7-openjdk-amd64/jre/lib/amd64/jli/libjli.so
7f0e4d632000-7f0e4d655000 r-xp 00000000 fc:01 4463645                    /lib/x86_64-linux-gnu/ld-2.19.so
7f0e4d656000-7f0e4d65a000 r--s 0003c000 fc:01 266574                     /usr/lib/jvm/java-7-openjdk-amd64/jre/lib/ext/sunpkcs11.jar
7f0e4d65a000-7f0e4d67c000 rw-p 00000000 00:00 0 
7f0e4d67c000-7f0e4d732000 rw-p 00000000 00:00 0 
7f0e4d732000-7f0e4d735000 ---p 00000000 00:00 0 
7f0e4d735000-7f0e4d839000 rw-p 00000000 00:00 0                          [stack:16960]
7f0e4d839000-7f0e4d83a000 r--s 00002000 fc:01 266577                     /usr/lib/jvm/java-7-openjdk-amd64/jre/lib/ext/dnsns.jar
7f0e4d83a000-7f0e4d83d000 r--s 00086000 fc:01 266578                     /usr/lib/jvm/java-7-openjdk-amd64/jre/lib/ext/localedata.jar
7f0e4d83d000-7f0e4d83f000 r--s 00012000 fc:01 266576                     /usr/lib/jvm/java-7-openjdk-amd64/jre/lib/ext/zipfs.jar
7f0e4d83f000-7f0e4d843000 r--s 00034000 fc:01 266575                     /usr/lib/jvm/java-7-openjdk-amd64/jre/lib/ext/sunjce_provider.jar
7f0e4d843000-7f0e4d846000 r--s 0000f000 fc:01 266573                     /usr/lib/jvm/java-7-openjdk-amd64/jre/lib/ext/icedtea-sound.jar
7f0e4d846000-7f0e4d848000 r--s 00006000 fc:01 110                        /usr/share/java/java-atk-wrapper.jar
7f0e4d848000-7f0e4d850000 rw-s 00000000 fc:01 4196952                    /tmp/hsperfdata_aahung/16954
7f0e4d850000-7f0e4d851000 rw-p 00000000 00:00 0 
7f0e4d851000-7f0e4d852000 ---p 00000000 00:00 0 
7f0e4d852000-7f0e4d854000 rw-p 00000000 00:00 0 
7f0e4d854000-7f0e4d855000 r--p 00022000 fc:01 4463645                    /lib/x86_64-linux-gnu/ld-2.19.so
7f0e4d855000-7f0e4d856000 rw-p 00023000 fc:01 4463645                    /lib/x86_64-linux-gnu/ld-2.19.so
7f0e4d856000-7f0e4d857000 rw-p 00000000 00:00 0 
7ffffd3f3000-7ffffd414000 rw-p 00000000 00:00 0                          [stack]
7ffffd58b000-7ffffd58d000 r-xp 00000000 00:00 0                          [vdso]
ffffffffff600000-ffffffffff601000 r-xp 00000000 00:00 0                  [vsyscall]

VM Arguments:
jvm_args: -Xmx1024M -Dfile.encoding=UTF-8 -Duser.country=HK -Duser.language=en -Duser.variant 
java_command: com.android.dx.command.Main --dex --output /home/aahung/intoheart/IntoHeart/app/build/intermediates/dex/debug /home/aahung/intoheart/IntoHeart/app/build/intermediates/classes/debug /home/aahung/intoheart/IntoHeart/app/build/intermediates/pre-dexed/debug/support-annotations-21.0.3-d45ed27f1dae7251dc7a8aef1046118670676bd3.jar /home/aahung/intoheart/IntoHeart/app/build/intermediates/pre-dexed/debug/butterknife-6.1.0-636c530f7b1615d17c06b6085f93aa4a0a0df8c1.jar /home/aahung/intoheart/IntoHeart/app/build/intermediates/pre-dexed/debug/classes-2d36bf40b6d3803112726392b81730e12b53df3e.jar /home/aahung/intoheart/IntoHeart/app/build/intermediates/pre-dexed/debug/retrofit-1.9.0-8bbff3c94e0ba2b6e5fc004822f5e9d68572d1bb.jar /home/aahung/intoheart/IntoHeart/app/build/intermediates/pre-dexed/debug/internal_impl-21.0.3-8b7bb34db6a5cfb44b9f699f5a9488767bd63a70.jar /home/aahung/intoheart/IntoHeart/app/build/intermediates/pre-dexed/debug/gson-2.3.1-2aa862fc70585181ed5302e3ec0cd674f2dbfb91.jar /home/aahung/intoheart/IntoHeart/app/build/intermediates/pre-dexed/debug/classes-d315d7205aafcbd4910722a1c1ecfe0f3ee6a0c7.jar /home/aahung/intoheart/IntoHeart/app/build/intermediates/pre-dexed/debug/classes-9792f5df3f0df754f74babe0406fe21fcb0782d3.jar /home/aahung/intoheart/IntoHeart/app/build/intermediates/pre-dexed/debug/classes-05458b2969fdfd97cc595136dcf3528fabfb9180.jar
Launcher Type: SUN_STANDARD

Environment Variables:
CLASSPATH=/opt/android-studio/bin/../lib/bootstrap.jar:/opt/android-studio/bin/../lib/extensions.jar:/opt/android-studio/bin/../lib/util.jar:/opt/android-studio/bin/../lib/jdom.jar:/opt/android-studio/bin/../lib/log4j.jar:/opt/android-studio/bin/../lib/trove4j.jar:/opt/android-studio/bin/../lib/jna.jar:/usr/lib/jvm/java-8-oracle/lib/tools.jar
PATH=/usr/local/sbin:/usr/local/bin:/usr/sbin:/usr/bin:/sbin:/bin:/usr/games:/usr/local/games
LD_LIBRARY_PATH=/opt/android-studio/bin:
SHELL=/bin/bash
DISPLAY=:0

Signal Handlers:
SIGSEGV: [libjvm.so+0x94b4b0], sa_mask[0]=0x7ffbfeff, sa_flags=0x10000004
SIGBUS: [libjvm.so+0x94b4b0], sa_mask[0]=0x7ffbfeff, sa_flags=0x10000004
SIGFPE: [libjvm.so+0x7c3390], sa_mask[0]=0x7ffbfeff, sa_flags=0x10000004
SIGPIPE: [libjvm.so+0x7c3390], sa_mask[0]=0x7ffbfeff, sa_flags=0x10000004
SIGXFSZ: [libjvm.so+0x7c3390], sa_mask[0]=0x7ffbfeff, sa_flags=0x10000004
SIGILL: [libjvm.so+0x7c3390], sa_mask[0]=0x7ffbfeff, sa_flags=0x10000004
SIGUSR1: SIG_DFL, sa_mask[0]=0x00000000, sa_flags=0x00000000
SIGUSR2: [libjvm.so+0x7c3230], sa_mask[0]=0x00000004, sa_flags=0x10000004
SIGHUP: [libjvm.so+0x7c3410], sa_mask[0]=0x7ffbfeff, sa_flags=0x10000004
SIGINT: [libjvm.so+0x7c3410], sa_mask[0]=0x7ffbfeff, sa_flags=0x10000004
SIGTERM: [libjvm.so+0x7c3410], sa_mask[0]=0x7ffbfeff, sa_flags=0x10000004
SIGQUIT: [libjvm.so+0x7c3410], sa_mask[0]=0x7ffbfeff, sa_flags=0x10000004
SIGTRAP: SIG_DFL, sa_mask[0]=0x00000000, sa_flags=0x00000000


---------------  S Y S T E M  ---------------

OS:Ubuntu 14.04 (trusty)
uname:Linux 3.13.0-48-generic #80-Ubuntu SMP Thu Mar 12 11:16:15 UTC 2015 x86_64
libc:glibc 2.19 NPTL 2.19 
rlimit: STACK 8192k, CORE 0k, NPROC 31034, NOFILE 4096, AS infinity
load average:1.99 1.67 1.23

/proc/meminfo:
MemTotal:        4003900 kB
MemFree:          126360 kB
Buffers:             200 kB
Cached:            27548 kB
SwapCached:            0 kB
Active:          3495716 kB
Inactive:          25100 kB
Active(anon):    3494456 kB
Inactive(anon):    19344 kB
Active(file):       1260 kB
Inactive(file):     5756 kB
Unevictable:          48 kB
Mlocked:              48 kB
SwapTotal:             0 kB
SwapFree:              0 kB
Dirty:               444 kB
Writeback:            52 kB
AnonPages:       3493376 kB
Mapped:            18868 kB
Shmem:             20508 kB
Slab:              93772 kB
SReclaimable:      33072 kB
SUnreclaim:        60700 kB
KernelStack:        5568 kB
PageTables:        38724 kB
NFS_Unstable:          0 kB
Bounce:                0 kB
WritebackTmp:          0 kB
CommitLimit:     2001948 kB
Committed_AS:    7195948 kB
VmallocTotal:   34359738367 kB
VmallocUsed:      289084 kB
VmallocChunk:   34359351628 kB
HardwareCorrupted:     0 kB
AnonHugePages:    833536 kB
HugePages_Total:       0
HugePages_Free:        0
HugePages_Rsvd:        0
HugePages_Surp:        0
Hugepagesize:       2048 kB
DirectMap4k:      125824 kB
DirectMap2M:     4024320 kB


CPU:total 4 (2 cores per cpu, 2 threads per core) family 6 model 42 stepping 7, cmov, cx8, fxsr, mmx, sse, sse2, sse3, ssse3, sse4.1, sse4.2, popcnt, avx, ht, tsc, tscinvbit

/proc/cpuinfo:
processor	: 0
vendor_id	: GenuineIntel
cpu family	: 6
model		: 42
model name	: Intel(R) Core(TM) i3-2350M CPU @ 2.30GHz
stepping	: 7
microcode	: 0x25
cpu MHz		: 2300.000
cache size	: 3072 KB
physical id	: 0
siblings	: 4
core id		: 0
cpu cores	: 2
apicid		: 0
initial apicid	: 0
fpu		: yes
fpu_exception	: yes
cpuid level	: 13
wp		: yes
flags		: fpu vme de pse tsc msr pae mce cx8 apic sep mtrr pge mca cmov pat pse36 clflush dts acpi mmx fxsr sse sse2 ss ht tm pbe syscall nx rdtscp lm constant_tsc arch_perfmon pebs bts rep_good nopl xtopology nonstop_tsc aperfmperf eagerfpu pni pclmulqdq dtes64 monitor ds_cpl vmx est tm2 ssse3 cx16 xtpr pdcm pcid sse4_1 sse4_2 x2apic popcnt tsc_deadline_timer xsave avx lahf_lm arat epb xsaveopt pln pts dtherm tpr_shadow vnmi flexpriority ept vpid
bogomips	: 4589.63
clflush size	: 64
cache_alignment	: 64
address sizes	: 36 bits physical, 48 bits virtual
power management:

processor	: 1
vendor_id	: GenuineIntel
cpu family	: 6
model		: 42
model name	: Intel(R) Core(TM) i3-2350M CPU @ 2.30GHz
stepping	: 7
microcode	: 0x25
cpu MHz		: 2300.000
cache size	: 3072 KB
physical id	: 0
siblings	: 4
core id		: 1
cpu cores	: 2
apicid		: 2
initial apicid	: 2
fpu		: yes
fpu_exception	: yes
cpuid level	: 13
wp		: yes
flags		: fpu vme de pse tsc msr pae mce cx8 apic sep mtrr pge mca cmov pat pse36 clflush dts acpi mmx fxsr sse sse2 ss ht tm pbe syscall nx rdtscp lm constant_tsc arch_perfmon pebs bts rep_good nopl xtopology nonstop_tsc aperfmperf eagerfpu pni pclmulqdq dtes64 monitor ds_cpl vmx est tm2 ssse3 cx16 xtpr pdcm pcid sse4_1 sse4_2 x2apic popcnt tsc_deadline_timer xsave avx lahf_lm arat epb xsaveopt pln pts dtherm tpr_shadow vnmi flexpriority ept vpid
bogomips	: 4589.63
clflush size	: 64
cache_alignment	: 64
address sizes	: 36 bits physical, 48 bits virtual
power management:

processor	: 2
vendor_id	: GenuineIntel
cpu family	: 6
model		: 42
model name	: Intel(R) Core(TM) i3-2350M CPU @ 2.30GHz
stepping	: 7
microcode	: 0x25
cpu MHz		: 2300.000
cache size	: 3072 KB
physical id	: 0
siblings	: 4
core id		: 0
cpu cores	: 2
apicid		: 1
initial apicid	: 1
fpu		: yes
fpu_exception	: yes
cpuid level	: 13
wp		: yes
flags		: fpu vme de pse tsc msr pae mce cx8 apic sep mtrr pge mca cmov pat pse36 clflush dts acpi mmx fxsr sse sse2 ss ht tm pbe syscall nx rdtscp lm constant_tsc arch_perfmon pebs bts rep_good nopl xtopology nonstop_tsc aperfmperf eagerfpu pni pclmulqdq dtes64 monitor ds_cpl vmx est tm2 ssse3 cx16 xtpr pdcm pcid sse4_1 sse4_2 x2apic popcnt tsc_deadline_timer xsave avx lahf_lm arat epb xsaveopt pln pts dtherm tpr_shadow vnmi flexpriority ept vpid
bogomips	: 4589.63
clflush size	: 64
cache_alignment	: 64
address sizes	: 36 bits physical, 48 bits virtual
power management:

processor	: 3
vendor_id	: GenuineIntel
cpu family	: 6
model		: 42
model name	: Intel(R) Core(TM) i3-2350M CPU @ 2.30GHz
stepping	: 7
microcode	: 0x25
cpu MHz		: 2300.000
cache size	: 3072 KB
physical id	: 0
siblings	: 4
core id		: 1
cpu cores	: 2
apicid		: 3
initial apicid	: 3
fpu		: yes
fpu_exception	: yes
cpuid level	: 13
wp		: yes
flags		: fpu vme de pse tsc msr pae mce cx8 apic sep mtrr pge mca cmov pat pse36 clflush dts acpi mmx fxsr sse sse2 ss ht tm pbe syscall nx rdtscp lm constant_tsc arch_perfmon pebs bts rep_good nopl xtopology nonstop_tsc aperfmperf eagerfpu pni pclmulqdq dtes64 monitor ds_cpl vmx est tm2 ssse3 cx16 xtpr pdcm pcid sse4_1 sse4_2 x2apic popcnt tsc_deadline_timer xsave avx lahf_lm arat epb xsaveopt pln pts dtherm tpr_shadow vnmi flexpriority ept vpid
bogomips	: 4589.63
clflush size	: 64
cache_alignment	: 64
address sizes	: 36 bits physical, 48 bits virtual
power management:



Memory: 4k page, physical 4003900k(123136k free), swap 0k(0k free)

vm_info: OpenJDK 64-Bit Server VM (24.75-b04) for linux-amd64 JRE (1.7.0_75-b13), built on Jan 27 2015 00:38:59 by "buildd" with gcc 4.8.2

time: Tue Mar 31 16:47:41 2015
elapsed time: 8 seconds

